#
# A fatal error has been detected by the Java Runtime Environment:
#
#  SIGSEGV (0xb) at pc=0x00007f163dd0b748, pid=30328, tid=30357
#
# JRE version: Java(TM) SE Runtime Environment (13.0.2+8) (build 13.0.2+8)
# Java VM: Java HotSpot(TM) 64-Bit Server VM (13.0.2+8, mixed mode, sharing, tiered, compressed oops, g1 gc, linux-amd64)
# Problematic frame:
# V  [libjvm.so+0x755748]  G1ParScanThreadState::copy_to_survivor_space(G1HeapRegionAttr, oopDesc*, markOopDesc*)+0x48
#
# Core dump will be written. Default location: Core dumps may be processed with "/usr/share/apport/apport %p %s %c %d %P" (or dumping to /media/barracuda4tb/dimitarsh1/Projects/BiasNMT/external/NMT/MTTools/multeval/core.30328)
#
# If you would like to submit a bug report, please visit:
#   http://bugreport.java.com/bugreport/crash.jsp
#

---------------  S U M M A R Y ------------

Command Line: -Dfile.encoding=UTF8 multeval.MultEval eval --refs /media/barracuda4tb/dimitarsh1/Projects/BiasNMT/data/TEST-SETS/REF/en-fr-test.tok.ref.eval.tok --hyps-baseline /media/barracuda4tb/dimitarsh1/Projects/BiasNMT/data/TEST-SETS/HYP-TRANSLATIONS/test-en-fr-LSTM-BPE.out.final.eval.tok --metrics bleu ter --boot-samples 1000

Host: Intel(R) Core(TM) i7-7820X CPU @ 3.60GHz, 16 cores, 62G, Ubuntu 19.10
Time: Sat Feb 29 22:56:12 2020 WET elapsed time: 0 seconds (0d 0h 0m 0s)

---------------  T H R E A D  ---------------

Current thread (0x00007f15dc008800):  GCTaskThread "GC Thread#6" [stack: 0x00007f15e1eae000,0x00007f15e1fae000] [id=30357]

Stack: [0x00007f15e1eae000,0x00007f15e1fae000],  sp=0x00007f15e1facb10,  free space=1018k
Native frames: (J=compiled Java code, A=aot compiled Java code, j=interpreted, Vv=VM code, C=native code)
V  [libjvm.so+0x755748]  G1ParScanThreadState::copy_to_survivor_space(G1HeapRegionAttr, oopDesc*, markOopDesc*)+0x48
V  [libjvm.so+0x75642b]  G1ParScanThreadState::trim_queue()+0x40b
V  [libjvm.so+0x7116b8]  G1ParEvacuateFollowersClosure::do_void()+0x358
V  [libjvm.so+0x717d72]  G1EvacuateRegionsTask::evacuate_live_objects(G1ParScanThreadState*, unsigned int)+0x82
V  [libjvm.so+0x7135ee]  G1EvacuateRegionsBaseTask::work(unsigned int)+0xae
V  [libjvm.so+0xdea5fd]  GangWorker::loop()+0x4d
V  [libjvm.so+0xd5637d]  Thread::call_run()+0x10d
V  [libjvm.so+0xba8b37]  thread_native_entry(Thread*)+0xe7


siginfo: si_signo: 11 (SIGSEGV), si_code: 1 (SEGV_MAPERR), si_addr: 0x0000000b9b2b9108

Register to memory mapping:

RAX=0x0000000000000001 is an unknown value
RBX=0x0000000000000001 is an unknown value
RCX=0x0000000000000003 is an unknown value
RDX=0x00007f163e73d190: <offset 0x0000000001187190> in /usr/lib/jvm/java-13-oracle/lib/server/libjvm.so at 0x00007f163d5b6000
RSP=0x00007f15e1facb10 points into unknown readable memory: 00 01 00 00 00 00 00 00
RBP=0x00007f15e1facb80 points into unknown readable memory: f0 cb fa e1 15 7f 00 00
RSI=0x0000000000000001 is an unknown value
RDI=0x0000000b9b2b9100 is an unknown value
R8 =0x0 is NULL
R9 =0x0000000000000001 is an unknown value
R10=0x0000000000000019 is an unknown value
R11=0x00000004181f0168 is an oop: [B 
{0x00000004181f0168} - klass: {type array byte}
 - length: 181
R12=0x00007f1588000be0 points into unknown readable memory: e8 28 68 3e 16 7f 00 00
R13=0x00000004543cc810 is pointing into object: [B 
{0x00000004543cc6f8} - klass: {type array byte}
 - length: 310
R14=0x656c207465206575 is an unknown value
R15=0x00007f1588000be0 points into unknown readable memory: e8 28 68 3e 16 7f 00 00


Registers:
RAX=0x0000000000000001, RBX=0x0000000000000001, RCX=0x0000000000000003, RDX=0x00007f163e73d190
RSP=0x00007f15e1facb10, RBP=0x00007f15e1facb80, RSI=0x0000000000000001, RDI=0x0000000b9b2b9100
R8 =0x0000000000000000, R9 =0x0000000000000001, R10=0x0000000000000019, R11=0x00000004181f0168
R12=0x00007f1588000be0, R13=0x00000004543cc810, R14=0x656c207465206575, R15=0x00007f1588000be0
RIP=0x00007f163dd0b748, EFLAGS=0x0000000000010206, CSGSFS=0x002b000000000033, ERR=0x0000000000000004
  TRAPNO=0x000000000000000e

Top of Stack: (sp=0x00007f15e1facb10)
0x00007f15e1facb10:   0000000000000100 0000000000000003
0x00007f15e1facb20:   0000000800000005 0000000400000000
0x00007f15e1facb30:   0000000000000019 0000000800300000
0x00007f15e1facb40:   00000000001029f7 00000004181bb990 

Instructions: (pc=0x00007f163dd0b748)
0x00007f163dd0b648:   3c 01 00 00 4d 8b 7e 50 4c 89 4d c0 48 89 4d c8
0x00007f163dd0b658:   e8 53 46 08 00 4c 8b 4d c0 48 8b 4d c8 4d 89 f8
0x00007f163dd0b668:   48 89 c2 48 8d 35 26 eb 6f 00 48 8d 3d 0f c6 73
0x00007f163dd0b678:   00 31 c0 e8 90 14 fa ff 49 8b 7d 08 41 8b b5 90
0x00007f163dd0b688:   01 00 00 4c 89 e1 48 89 da e8 1a 40 fb ff 41 8b
0x00007f163dd0b698:   86 3c 01 00 00 49 8d bd 68 01 00 00 d1 e8 83 e0
0x00007f163dd0b6a8:   01 41 89 85 88 01 00 00 48 8d 05 8d 63 a9 00 80
0x00007f163dd0b6b8:   38 00 74 3c 48 8d 05 cd 1a a3 00 8b 53 08 8b 48
0x00007f163dd0b6c8:   08 48 d3 e2 48 03 10 48 63 4a 0c 48 8d 05 66 53
0x00007f163dd0b6d8:   a9 00 48 89 de ff 14 c8 48 83 c4 18 48 89 d8 5b
0x00007f163dd0b6e8:   41 5c 41 5d 41 5e 41 5f 5d c3 66 0f 1f 44 00 00
0x00007f163dd0b6f8:   48 8b 53 08 eb d1 66 90 55 48 89 e5 41 57 41 56
0x00007f163dd0b708:   49 89 ce 41 55 49 89 d5 41 54 49 89 fc 53 89 f3
0x00007f163dd0b718:   0f be c7 48 83 ec 48 66 89 45 b8 48 8d 05 1a 63
0x00007f163dd0b728:   a9 00 0f b6 00 84 c0 0f 84 7b 04 00 00 8b 7a 08
0x00007f163dd0b738:   48 8d 15 51 1a a3 00 8b 4a 08 48 d3 e7 48 03 3a
0x00007f163dd0b748:   8b 4f 08 85 c9 0f 8e 15 04 00 00 f6 c1 01 0f 84
0x00007f163dd0b758:   64 02 00 00 48 8b 07 4c 89 ee ff 90 00 01 00 00
0x00007f163dd0b768:   89 45 b0 49 8b 44 24 08 4c 89 ea 4c 63 55 b0 48
0x00007f163dd0b778:   8b 80 f8 00 00 00 8b 48 68 48 8b 40 58 48 d3 ea
0x00007f163dd0b788:   80 7d b8 00 48 8b 04 d0 8b 80 7c 01 00 00 89 45
0x00007f163dd0b798:   a4 0f 84 11 01 00 00 c7 45 a8 00 00 00 00 48 0f
0x00007f163dd0b7a8:   be 45 b8 45 31 db 41 80 bc 24 c0 01 00 00 00 49
0x00007f163dd0b7b8:   8d 84 44 60 01 00 00 44 0f b6 78 01 44 8a 18 74
0x00007f163dd0b7c8:   0a 41 80 ff 01 0f 84 5d 05 00 00 49 8b 7c 24 58
0x00007f163dd0b7d8:   49 0f be c7 48 8b 8c c7 10 01 00 00 8b 87 20 01
0x00007f163dd0b7e8:   00 00 49 89 f8 85 c0 74 09 45 84 ff 0f 84 02 01
0x00007f163dd0b7f8:   00 00 48 8b 59 30 48 8b 41 38 48 29 d8 48 c1 e8
0x00007f163dd0b808:   03 49 39 c2 0f 87 c6 04 00 00 4a 8d 04 d3 48 89
0x00007f163dd0b818:   41 30 48 85 db 0f 84 ad 04 00 00 48 8d 05 de 25
0x00007f163dd0b828:   a3 00 48 8b 00 0f 18 0c 03 48 89 da 4c 89 f0 48
0x00007f163dd0b838:   83 ca 03 f0 49 0f b1 55 00 49 39 c6 0f 84 86 01 


Stack slot to memory mapping:
stack at sp + 0 slots: 0x0000000000000100 is an unknown value
stack at sp + 1 slots: 0x0000000000000003 is an unknown value
stack at sp + 2 slots: 0x0000000800000005 is pointing into metadata
stack at sp + 3 slots: 0x0000000400000000 is an unknown value
stack at sp + 4 slots: 0x0000000000000019 is an unknown value
stack at sp + 5 slots: 0x0000000800300000 is pointing into metadata
stack at sp + 6 slots: 0x00000000001029f7 is an unknown value
stack at sp + 7 slots: 0x00000004181bb990 is an oop: java.lang.String 
{0x00000004181bb990} - klass: 'java/lang/String'


---------------  P R O C E S S  ---------------

Threads class SMR info:
_java_thread_list=0x00007f15d018e9c0, length=16, elements={
0x00007f1638018800, 0x00007f163827a800, 0x00007f163827c800, 0x00007f1638282800,
0x00007f1638285000, 0x00007f163828e800, 0x00007f1638290800, 0x00007f15c4014800,
0x00007f15c4016000, 0x00007f16382c9800, 0x00007f16382ce000, 0x00007f15c4042800,
0x00007f15bc0a1000, 0x00007f15d0189800, 0x00007f15d018b800, 0x00007f15d018d000
}

Java Threads: ( => current thread )
  0x00007f1638018800 JavaThread "main" [_thread_blocked, id=30329, stack(0x00007f163d366000,0x00007f163d467000)]
  0x00007f163827a800 JavaThread "Reference Handler" daemon [_thread_blocked, id=30336, stack(0x00007f15f84ed000,0x00007f15f85ee000)]
  0x00007f163827c800 JavaThread "Finalizer" daemon [_thread_blocked, id=30337, stack(0x00007f15f83ec000,0x00007f15f84ed000)]
  0x00007f1638282800 JavaThread "Signal Dispatcher" daemon [_thread_blocked, id=30338, stack(0x00007f15f82eb000,0x00007f15f83ec000)]
  0x00007f1638285000 JavaThread "C2 CompilerThread0" daemon [_thread_blocked, id=30339, stack(0x00007f15f81ea000,0x00007f15f82eb000)]
  0x00007f163828e800 JavaThread "C1 CompilerThread0" daemon [_thread_blocked, id=30340, stack(0x00007f15f80e9000,0x00007f15f81ea000)]
  0x00007f1638290800 JavaThread "Sweeper thread" daemon [_thread_blocked, id=30341, stack(0x00007f15e2ec3000,0x00007f15e2fc4000)]
  0x00007f15c4014800 JavaThread "C1 CompilerThread1" daemon [_thread_blocked, id=30342, stack(0x00007f15e2dc2000,0x00007f15e2ec3000)]
  0x00007f15c4016000 JavaThread "C1 CompilerThread2" daemon [_thread_blocked, id=30343, stack(0x00007f15e2cc1000,0x00007f15e2dc2000)]
  0x00007f16382c9800 JavaThread "Service Thread" daemon [_thread_blocked, id=30344, stack(0x00007f15e2bc0000,0x00007f15e2cc1000)]
  0x00007f16382ce000 JavaThread "Common-Cleaner" daemon [_thread_blocked, id=30346, stack(0x00007f15e29bd000,0x00007f15e2abe000)]
  0x00007f15c4042800 JavaThread "C2 CompilerThread1" daemon [_thread_blocked, id=30347, stack(0x00007f15e28bc000,0x00007f15e29bd000)]
  0x00007f15bc0a1000 JavaThread "C2 CompilerThread2" daemon [_thread_blocked, id=30348, stack(0x00007f15e27bb000,0x00007f15e28bc000)]
  0x00007f15d0189800 JavaThread "C2 CompilerThread3" daemon [_thread_blocked, id=30349, stack(0x00007f15e26ba000,0x00007f15e27bb000)]
  0x00007f15d018b800 JavaThread "C2 CompilerThread4" daemon [_thread_blocked, id=30350, stack(0x00007f15e25b9000,0x00007f15e26ba000)]
  0x00007f15d018d000 JavaThread "C2 CompilerThread5" daemon [_thread_blocked, id=30351, stack(0x00007f15e24b8000,0x00007f15e25b9000)]

Other Threads:
  0x00007f1638277800 VMThread "VM Thread" [stack: 0x00007f15f85f0000,0x00007f15f86f0000] [id=30335]
  0x00007f16382cb800 WatcherThread [stack: 0x00007f15e2ac0000,0x00007f15e2bc0000] [id=30345]
  0x00007f1638071800 GCTaskThread "GC Thread#0" [stack: 0x00007f163c0fc000,0x00007f163c1fc000] [id=30330]
  0x00007f15dc001000 GCTaskThread "GC Thread#1" [stack: 0x00007f15e23b8000,0x00007f15e24b8000] [id=30352]
  0x00007f15dc002800 GCTaskThread "GC Thread#2" [stack: 0x00007f15e22b6000,0x00007f15e23b6000] [id=30353]
  0x00007f15dc004000 GCTaskThread "GC Thread#3" [stack: 0x00007f15e21b4000,0x00007f15e22b4000] [id=30354]
  0x00007f15dc005800 GCTaskThread "GC Thread#4" [stack: 0x00007f15e20b2000,0x00007f15e21b2000] [id=30355]
  0x00007f15dc007000 GCTaskThread "GC Thread#5" [stack: 0x00007f15e1fb0000,0x00007f15e20b0000] [id=30356]
=>0x00007f15dc008800 GCTaskThread "GC Thread#6" [stack: 0x00007f15e1eae000,0x00007f15e1fae000] [id=30357]
  0x00007f15dc00a000 GCTaskThread "GC Thread#7" [stack: 0x00007f15e1dac000,0x00007f15e1eac000] [id=30358]
  0x00007f15dc00b000 GCTaskThread "GC Thread#8" [stack: 0x00007f15e1caa000,0x00007f15e1daa000] [id=30359]
  0x00007f15dc00c800 GCTaskThread "GC Thread#9" [stack: 0x00007f15e1ba8000,0x00007f15e1ca8000] [id=30360]
  0x00007f15dc00e000 GCTaskThread "GC Thread#10" [stack: 0x00007f15e1aa6000,0x00007f15e1ba6000] [id=30361]
  0x00007f15dc00f800 GCTaskThread "GC Thread#11" [stack: 0x00007f15e19a4000,0x00007f15e1aa4000] [id=30362]
  0x00007f15dc011000 GCTaskThread "GC Thread#12" [stack: 0x00007f15e18a2000,0x00007f15e19a2000] [id=30363]
  0x00007f1638093000 ConcurrentGCThread "G1 Main Marker" [stack: 0x00007f15fb786000,0x00007f15fb886000] [id=30331]
  0x00007f1638094800 ConcurrentGCThread "G1 Conc#0" [stack: 0x00007f15fb684000,0x00007f15fb784000] [id=30332]
  0x00007f1638238000 ConcurrentGCThread "G1 Refine#0" [stack: 0x00007f15f8875000,0x00007f15f8975000] [id=30333]
  0x00007f1638239800 ConcurrentGCThread "G1 Young RemSet Sampling" [stack: 0x00007f15f8773000,0x00007f15f8873000] [id=30334]

Threads with active compile tasks:
C2 CompilerThread3      324  491       4       java.nio.CharBuffer::position (6 bytes)

VM state:at safepoint (normal execution)

VM Mutex/Monitor currently owned by a thread:  ([mutex/lock_event])
[0x00007f16380144c0] Threads_lock - owner thread: 0x00007f1638277800
[0x00007f16380150c0] Heap_lock - owner thread: 0x00007f1638018800

Heap address: 0x0000000417c00000, size: 16004 MB, Compressed Oops mode: Zero based, Oop shift amount: 3
Narrow klass base: 0x0000000800000000, Narrow klass shift: 3
Compressed class space size: 1073741824 Address: 0x0000000800aed000

Heap:
 garbage-first heap   total 1036288K, used 53000K [0x0000000417c00000, 0x0000000800000000)
  region size 4096K, 14 young (57344K), 2 survivors (8192K)
 Metaspace       used 1871K, capacity 5238K, committed 5504K, reserved 1056768K
  class space    used 206K, capacity 509K, committed 640K, reserved 1048576K
Heap Regions: E=young(eden), S=young(survivor), O=old, HS=humongous(starts), HC=humongous(continues), CS=collection set, F=free, A=archive, TAMS=top-at-mark-start (previous, next)
|   0|0x0000000417c00000, 0x0000000418000000, 0x0000000418000000|100%| O|  |TAMS 0x0000000417c00000, 0x0000000417c00000| Untracked 
|   1|0x0000000418000000, 0x0000000418400000, 0x0000000418400000|100%| O|  |TAMS 0x0000000418000000, 0x0000000418000000| Untracked 
|   2|0x0000000418400000, 0x00000004186f96a0, 0x0000000418800000| 74%| O|  |TAMS 0x0000000418400000, 0x0000000418400000| Untracked 
|   3|0x0000000418800000, 0x0000000418800000, 0x0000000418c00000|  0%| F|  |TAMS 0x0000000418800000, 0x0000000418800000| Untracked 
|   4|0x0000000418c00000, 0x0000000418c00000, 0x0000000419000000|  0%| F|  |TAMS 0x0000000418c00000, 0x0000000418c00000| Untracked 
|   5|0x0000000419000000, 0x0000000419000000, 0x0000000419400000|  0%| F|  |TAMS 0x0000000419000000, 0x0000000419000000| Untracked 
|   6|0x0000000419400000, 0x0000000419400000, 0x0000000419800000|  0%| F|  |TAMS 0x0000000419400000, 0x0000000419400000| Untracked 
|   7|0x0000000419800000, 0x0000000419800000, 0x0000000419c00000|  0%| F|  |TAMS 0x0000000419800000, 0x0000000419800000| Untracked 
|   8|0x0000000419c00000, 0x0000000419c00000, 0x000000041a000000|  0%| F|  |TAMS 0x0000000419c00000, 0x0000000419c00000| Untracked 
|   9|0x000000041a000000, 0x000000041a000000, 0x000000041a400000|  0%| F|  |TAMS 0x000000041a000000, 0x000000041a000000| Untracked 
|  10|0x000000041a400000, 0x000000041a400000, 0x000000041a800000|  0%| F|  |TAMS 0x000000041a400000, 0x000000041a400000| Untracked 
|  11|0x000000041a800000, 0x000000041a800000, 0x000000041ac00000|  0%| F|  |TAMS 0x000000041a800000, 0x000000041a800000| Untracked 
|  12|0x000000041ac00000, 0x000000041ac00000, 0x000000041b000000|  0%| F|  |TAMS 0x000000041ac00000, 0x000000041ac00000| Untracked 
|  13|0x000000041b000000, 0x000000041b000000, 0x000000041b400000|  0%| F|  |TAMS 0x000000041b000000, 0x000000041b000000| Untracked 
|  14|0x000000041b400000, 0x000000041b400000, 0x000000041b800000|  0%| F|  |TAMS 0x000000041b400000, 0x000000041b400000| Untracked 
|  15|0x000000041b800000, 0x000000041b800000, 0x000000041bc00000|  0%| F|  |TAMS 0x000000041b800000, 0x000000041b800000| Untracked 
|  16|0x000000041bc00000, 0x000000041bc00000, 0x000000041c000000|  0%| F|  |TAMS 0x000000041bc00000, 0x000000041bc00000| Untracked 
|  17|0x000000041c000000, 0x000000041c000000, 0x000000041c400000|  0%| F|  |TAMS 0x000000041c000000, 0x000000041c000000| Untracked 
|  18|0x000000041c400000, 0x000000041c400000, 0x000000041c800000|  0%| F|  |TAMS 0x000000041c400000, 0x000000041c400000| Untracked 
|  19|0x000000041c800000, 0x000000041c800000, 0x000000041cc00000|  0%| F|  |TAMS 0x000000041c800000, 0x000000041c800000| Untracked 
|  20|0x000000041cc00000, 0x000000041cc00000, 0x000000041d000000|  0%| F|  |TAMS 0x000000041cc00000, 0x000000041cc00000| Untracked 
|  21|0x000000041d000000, 0x000000041d000000, 0x000000041d400000|  0%| F|  |TAMS 0x000000041d000000, 0x000000041d000000| Untracked 
|  22|0x000000041d400000, 0x000000041d400000, 0x000000041d800000|  0%| F|  |TAMS 0x000000041d400000, 0x000000041d400000| Untracked 
|  23|0x000000041d800000, 0x000000041d800000, 0x000000041dc00000|  0%| F|  |TAMS 0x000000041d800000, 0x000000041d800000| Untracked 
|  24|0x000000041dc00000, 0x000000041dc00000, 0x000000041e000000|  0%| F|  |TAMS 0x000000041dc00000, 0x000000041dc00000| Untracked 
|  25|0x000000041e000000, 0x000000041e000000, 0x000000041e400000|  0%| F|  |TAMS 0x000000041e000000, 0x000000041e000000| Untracked 
|  26|0x000000041e400000, 0x000000041e400000, 0x000000041e800000|  0%| F|  |TAMS 0x000000041e400000, 0x000000041e400000| Untracked 
|  27|0x000000041e800000, 0x000000041e800000, 0x000000041ec00000|  0%| F|  |TAMS 0x000000041e800000, 0x000000041e800000| Untracked 
|  28|0x000000041ec00000, 0x000000041ec00000, 0x000000041f000000|  0%| F|  |TAMS 0x000000041ec00000, 0x000000041ec00000| Untracked 
|  29|0x000000041f000000, 0x000000041f000000, 0x000000041f400000|  0%| F|  |TAMS 0x000000041f000000, 0x000000041f000000| Untracked 
|  30|0x000000041f400000, 0x000000041f400000, 0x000000041f800000|  0%| F|  |TAMS 0x000000041f400000, 0x000000041f400000| Untracked 
|  31|0x000000041f800000, 0x000000041f800000, 0x000000041fc00000|  0%| F|  |TAMS 0x000000041f800000, 0x000000041f800000| Untracked 
|  32|0x000000041fc00000, 0x000000041fc00000, 0x0000000420000000|  0%| F|  |TAMS 0x000000041fc00000, 0x000000041fc00000| Untracked 
|  33|0x0000000420000000, 0x0000000420000000, 0x0000000420400000|  0%| F|  |TAMS 0x0000000420000000, 0x0000000420000000| Untracked 
|  34|0x0000000420400000, 0x0000000420400000, 0x0000000420800000|  0%| F|  |TAMS 0x0000000420400000, 0x0000000420400000| Untracked 
|  35|0x0000000420800000, 0x0000000420800000, 0x0000000420c00000|  0%| F|  |TAMS 0x0000000420800000, 0x0000000420800000| Untracked 
|  36|0x0000000420c00000, 0x0000000420c00000, 0x0000000421000000|  0%| F|  |TAMS 0x0000000420c00000, 0x0000000420c00000| Untracked 
|  37|0x0000000421000000, 0x0000000421000000, 0x0000000421400000|  0%| F|  |TAMS 0x0000000421000000, 0x0000000421000000| Untracked 
|  38|0x0000000421400000, 0x0000000421400000, 0x0000000421800000|  0%| F|  |TAMS 0x0000000421400000, 0x0000000421400000| Untracked 
|  39|0x0000000421800000, 0x0000000421800000, 0x0000000421c00000|  0%| F|  |TAMS 0x0000000421800000, 0x0000000421800000| Untracked 
|  40|0x0000000421c00000, 0x0000000421c00000, 0x0000000422000000|  0%| F|  |TAMS 0x0000000421c00000, 0x0000000421c00000| Untracked 
|  41|0x0000000422000000, 0x0000000422000000, 0x0000000422400000|  0%| F|  |TAMS 0x0000000422000000, 0x0000000422000000| Untracked 
|  42|0x0000000422400000, 0x0000000422400000, 0x0000000422800000|  0%| F|  |TAMS 0x0000000422400000, 0x0000000422400000| Untracked 
|  43|0x0000000422800000, 0x0000000422800000, 0x0000000422c00000|  0%| F|  |TAMS 0x0000000422800000, 0x0000000422800000| Untracked 
|  44|0x0000000422c00000, 0x0000000422c00000, 0x0000000423000000|  0%| F|  |TAMS 0x0000000422c00000, 0x0000000422c00000| Untracked 
|  45|0x0000000423000000, 0x0000000423000000, 0x0000000423400000|  0%| F|  |TAMS 0x0000000423000000, 0x0000000423000000| Untracked 
|  46|0x0000000423400000, 0x0000000423400000, 0x0000000423800000|  0%| F|  |TAMS 0x0000000423400000, 0x0000000423400000| Untracked 
|  47|0x0000000423800000, 0x0000000423800000, 0x0000000423c00000|  0%| F|  |TAMS 0x0000000423800000, 0x0000000423800000| Untracked 
|  48|0x0000000423c00000, 0x0000000423c00000, 0x0000000424000000|  0%| F|  |TAMS 0x0000000423c00000, 0x0000000423c00000| Untracked 
|  49|0x0000000424000000, 0x0000000424000000, 0x0000000424400000|  0%| F|  |TAMS 0x0000000424000000, 0x0000000424000000| Untracked 
|  50|0x0000000424400000, 0x0000000424400000, 0x0000000424800000|  0%| F|  |TAMS 0x0000000424400000, 0x0000000424400000| Untracked 
|  51|0x0000000424800000, 0x0000000424800000, 0x0000000424c00000|  0%| F|  |TAMS 0x0000000424800000, 0x0000000424800000| Untracked 
|  52|0x0000000424c00000, 0x0000000424c00000, 0x0000000425000000|  0%| F|  |TAMS 0x0000000424c00000, 0x0000000424c00000| Untracked 
|  53|0x0000000425000000, 0x0000000425000000, 0x0000000425400000|  0%| F|  |TAMS 0x0000000425000000, 0x0000000425000000| Untracked 
|  54|0x0000000425400000, 0x0000000425400000, 0x0000000425800000|  0%| F|  |TAMS 0x0000000425400000, 0x0000000425400000| Untracked 
|  55|0x0000000425800000, 0x0000000425800000, 0x0000000425c00000|  0%| F|  |TAMS 0x0000000425800000, 0x0000000425800000| Untracked 
|  56|0x0000000425c00000, 0x0000000425c00000, 0x0000000426000000|  0%| F|  |TAMS 0x0000000425c00000, 0x0000000425c00000| Untracked 
|  57|0x0000000426000000, 0x0000000426000000, 0x0000000426400000|  0%| F|  |TAMS 0x0000000426000000, 0x0000000426000000| Untracked 
|  58|0x0000000426400000, 0x0000000426400000, 0x0000000426800000|  0%| F|  |TAMS 0x0000000426400000, 0x0000000426400000| Untracked 
|  59|0x0000000426800000, 0x0000000426800000, 0x0000000426c00000|  0%| F|  |TAMS 0x0000000426800000, 0x0000000426800000| Untracked 
|  60|0x0000000426c00000, 0x0000000426c00000, 0x0000000427000000|  0%| F|  |TAMS 0x0000000426c00000, 0x0000000426c00000| Untracked 
|  61|0x0000000427000000, 0x0000000427000000, 0x0000000427400000|  0%| F|  |TAMS 0x0000000427000000, 0x0000000427000000| Untracked 
|  62|0x0000000427400000, 0x0000000427400000, 0x0000000427800000|  0%| F|  |TAMS 0x0000000427400000, 0x0000000427400000| Untracked 
|  63|0x0000000427800000, 0x0000000427800000, 0x0000000427c00000|  0%| F|  |TAMS 0x0000000427800000, 0x0000000427800000| Untracked 
|  64|0x0000000427c00000, 0x0000000427c00000, 0x0000000428000000|  0%| F|  |TAMS 0x0000000427c00000, 0x0000000427c00000| Untracked 
|  65|0x0000000428000000, 0x0000000428000000, 0x0000000428400000|  0%| F|  |TAMS 0x0000000428000000, 0x0000000428000000| Untracked 
|  66|0x0000000428400000, 0x0000000428400000, 0x0000000428800000|  0%| F|  |TAMS 0x0000000428400000, 0x0000000428400000| Untracked 
|  67|0x0000000428800000, 0x0000000428800000, 0x0000000428c00000|  0%| F|  |TAMS 0x0000000428800000, 0x0000000428800000| Untracked 
|  68|0x0000000428c00000, 0x0000000428c00000, 0x0000000429000000|  0%| F|  |TAMS 0x0000000428c00000, 0x0000000428c00000| Untracked 
|  69|0x0000000429000000, 0x0000000429000000, 0x0000000429400000|  0%| F|  |TAMS 0x0000000429000000, 0x0000000429000000| Untracked 
|  70|0x0000000429400000, 0x0000000429400000, 0x0000000429800000|  0%| F|  |TAMS 0x0000000429400000, 0x0000000429400000| Untracked 
|  71|0x0000000429800000, 0x0000000429800000, 0x0000000429c00000|  0%| F|  |TAMS 0x0000000429800000, 0x0000000429800000| Untracked 
|  72|0x0000000429c00000, 0x0000000429c00000, 0x000000042a000000|  0%| F|  |TAMS 0x0000000429c00000, 0x0000000429c00000| Untracked 
|  73|0x000000042a000000, 0x000000042a000000, 0x000000042a400000|  0%| F|  |TAMS 0x000000042a000000, 0x000000042a000000| Untracked 
|  74|0x000000042a400000, 0x000000042a400000, 0x000000042a800000|  0%| F|  |TAMS 0x000000042a400000, 0x000000042a400000| Untracked 
|  75|0x000000042a800000, 0x000000042a800000, 0x000000042ac00000|  0%| F|  |TAMS 0x000000042a800000, 0x000000042a800000| Untracked 
|  76|0x000000042ac00000, 0x000000042ac00000, 0x000000042b000000|  0%| F|  |TAMS 0x000000042ac00000, 0x000000042ac00000| Untracked 
|  77|0x000000042b000000, 0x000000042b000000, 0x000000042b400000|  0%| F|  |TAMS 0x000000042b000000, 0x000000042b000000| Untracked 
|  78|0x000000042b400000, 0x000000042b400000, 0x000000042b800000|  0%| F|  |TAMS 0x000000042b400000, 0x000000042b400000| Untracked 
|  79|0x000000042b800000, 0x000000042b800000, 0x000000042bc00000|  0%| F|  |TAMS 0x000000042b800000, 0x000000042b800000| Untracked 
|  80|0x000000042bc00000, 0x000000042bc00000, 0x000000042c000000|  0%| F|  |TAMS 0x000000042bc00000, 0x000000042bc00000| Untracked 
|  81|0x000000042c000000, 0x000000042c000000, 0x000000042c400000|  0%| F|  |TAMS 0x000000042c000000, 0x000000042c000000| Untracked 
|  82|0x000000042c400000, 0x000000042c400000, 0x000000042c800000|  0%| F|  |TAMS 0x000000042c400000, 0x000000042c400000| Untracked 
|  83|0x000000042c800000, 0x000000042c800000, 0x000000042cc00000|  0%| F|  |TAMS 0x000000042c800000, 0x000000042c800000| Untracked 
|  84|0x000000042cc00000, 0x000000042cc00000, 0x000000042d000000|  0%| F|  |TAMS 0x000000042cc00000, 0x000000042cc00000| Untracked 
|  85|0x000000042d000000, 0x000000042d000000, 0x000000042d400000|  0%| F|  |TAMS 0x000000042d000000, 0x000000042d000000| Untracked 
|  86|0x000000042d400000, 0x000000042d400000, 0x000000042d800000|  0%| F|  |TAMS 0x000000042d400000, 0x000000042d400000| Untracked 
|  87|0x000000042d800000, 0x000000042d800000, 0x000000042dc00000|  0%| F|  |TAMS 0x000000042d800000, 0x000000042d800000| Untracked 
|  88|0x000000042dc00000, 0x000000042dc00000, 0x000000042e000000|  0%| F|  |TAMS 0x000000042dc00000, 0x000000042dc00000| Untracked 
|  89|0x000000042e000000, 0x000000042e000000, 0x000000042e400000|  0%| F|  |TAMS 0x000000042e000000, 0x000000042e000000| Untracked 
|  90|0x000000042e400000, 0x000000042e400000, 0x000000042e800000|  0%| F|  |TAMS 0x000000042e400000, 0x000000042e400000| Untracked 
|  91|0x000000042e800000, 0x000000042e800000, 0x000000042ec00000|  0%| F|  |TAMS 0x000000042e800000, 0x000000042e800000| Untracked 
|  92|0x000000042ec00000, 0x000000042ec00000, 0x000000042f000000|  0%| F|  |TAMS 0x000000042ec00000, 0x000000042ec00000| Untracked 
|  93|0x000000042f000000, 0x000000042f000000, 0x000000042f400000|  0%| F|  |TAMS 0x000000042f000000, 0x000000042f000000| Untracked 
|  94|0x000000042f400000, 0x000000042f400000, 0x000000042f800000|  0%| F|  |TAMS 0x000000042f400000, 0x000000042f400000| Untracked 
|  95|0x000000042f800000, 0x000000042f800000, 0x000000042fc00000|  0%| F|  |TAMS 0x000000042f800000, 0x000000042f800000| Untracked 
|  96|0x000000042fc00000, 0x000000042fc00000, 0x0000000430000000|  0%| F|  |TAMS 0x000000042fc00000, 0x000000042fc00000| Untracked 
|  97|0x0000000430000000, 0x0000000430000000, 0x0000000430400000|  0%| F|  |TAMS 0x0000000430000000, 0x0000000430000000| Untracked 
|  98|0x0000000430400000, 0x0000000430400000, 0x0000000430800000|  0%| F|  |TAMS 0x0000000430400000, 0x0000000430400000| Untracked 
|  99|0x0000000430800000, 0x0000000430800000, 0x0000000430c00000|  0%| F|  |TAMS 0x0000000430800000, 0x0000000430800000| Untracked 
| 100|0x0000000430c00000, 0x0000000430c00000, 0x0000000431000000|  0%| F|  |TAMS 0x0000000430c00000, 0x0000000430c00000| Untracked 
| 101|0x0000000431000000, 0x0000000431000000, 0x0000000431400000|  0%| F|  |TAMS 0x0000000431000000, 0x0000000431000000| Untracked 
| 102|0x0000000431400000, 0x0000000431400000, 0x0000000431800000|  0%| F|  |TAMS 0x0000000431400000, 0x0000000431400000| Untracked 
| 103|0x0000000431800000, 0x0000000431800000, 0x0000000431c00000|  0%| F|  |TAMS 0x0000000431800000, 0x0000000431800000| Untracked 
| 104|0x0000000431c00000, 0x0000000431c00000, 0x0000000432000000|  0%| F|  |TAMS 0x0000000431c00000, 0x0000000431c00000| Untracked 
| 105|0x0000000432000000, 0x0000000432000000, 0x0000000432400000|  0%| F|  |TAMS 0x0000000432000000, 0x0000000432000000| Untracked 
| 106|0x0000000432400000, 0x0000000432400000, 0x0000000432800000|  0%| F|  |TAMS 0x0000000432400000, 0x0000000432400000| Untracked 
| 107|0x0000000432800000, 0x0000000432800000, 0x0000000432c00000|  0%| F|  |TAMS 0x0000000432800000, 0x0000000432800000| Untracked 
| 108|0x0000000432c00000, 0x0000000432c00000, 0x0000000433000000|  0%| F|  |TAMS 0x0000000432c00000, 0x0000000432c00000| Untracked 
| 109|0x0000000433000000, 0x0000000433000000, 0x0000000433400000|  0%| F|  |TAMS 0x0000000433000000, 0x0000000433000000| Untracked 
| 110|0x0000000433400000, 0x0000000433400000, 0x0000000433800000|  0%| F|  |TAMS 0x0000000433400000, 0x0000000433400000| Untracked 
| 111|0x0000000433800000, 0x0000000433800000, 0x0000000433c00000|  0%| F|  |TAMS 0x0000000433800000, 0x0000000433800000| Untracked 
| 112|0x0000000433c00000, 0x0000000433c00000, 0x0000000434000000|  0%| F|  |TAMS 0x0000000433c00000, 0x0000000433c00000| Untracked 
| 113|0x0000000434000000, 0x0000000434000000, 0x0000000434400000|  0%| F|  |TAMS 0x0000000434000000, 0x0000000434000000| Untracked 
| 114|0x0000000434400000, 0x0000000434400000, 0x0000000434800000|  0%| F|  |TAMS 0x0000000434400000, 0x0000000434400000| Untracked 
| 115|0x0000000434800000, 0x0000000434800000, 0x0000000434c00000|  0%| F|  |TAMS 0x0000000434800000, 0x0000000434800000| Untracked 
| 116|0x0000000434c00000, 0x0000000434c00000, 0x0000000435000000|  0%| F|  |TAMS 0x0000000434c00000, 0x0000000434c00000| Untracked 
| 117|0x0000000435000000, 0x0000000435000000, 0x0000000435400000|  0%| F|  |TAMS 0x0000000435000000, 0x0000000435000000| Untracked 
| 118|0x0000000435400000, 0x0000000435400000, 0x0000000435800000|  0%| F|  |TAMS 0x0000000435400000, 0x0000000435400000| Untracked 
| 119|0x0000000435800000, 0x0000000435800000, 0x0000000435c00000|  0%| F|  |TAMS 0x0000000435800000, 0x0000000435800000| Untracked 
| 120|0x0000000435c00000, 0x0000000435c00000, 0x0000000436000000|  0%| F|  |TAMS 0x0000000435c00000, 0x0000000435c00000| Untracked 
| 121|0x0000000436000000, 0x0000000436000000, 0x0000000436400000|  0%| F|  |TAMS 0x0000000436000000, 0x0000000436000000| Untracked 
| 122|0x0000000436400000, 0x0000000436400000, 0x0000000436800000|  0%| F|  |TAMS 0x0000000436400000, 0x0000000436400000| Untracked 
| 123|0x0000000436800000, 0x0000000436800000, 0x0000000436c00000|  0%| F|  |TAMS 0x0000000436800000, 0x0000000436800000| Untracked 
| 124|0x0000000436c00000, 0x0000000436c00000, 0x0000000437000000|  0%| F|  |TAMS 0x0000000436c00000, 0x0000000436c00000| Untracked 
| 125|0x0000000437000000, 0x0000000437000000, 0x0000000437400000|  0%| F|  |TAMS 0x0000000437000000, 0x0000000437000000| Untracked 
| 126|0x0000000437400000, 0x0000000437400000, 0x0000000437800000|  0%| F|  |TAMS 0x0000000437400000, 0x0000000437400000| Untracked 
| 127|0x0000000437800000, 0x0000000437800000, 0x0000000437c00000|  0%| F|  |TAMS 0x0000000437800000, 0x0000000437800000| Untracked 
| 128|0x0000000437c00000, 0x0000000437c00000, 0x0000000438000000|  0%| F|  |TAMS 0x0000000437c00000, 0x0000000437c00000| Untracked 
| 129|0x0000000438000000, 0x0000000438000000, 0x0000000438400000|  0%| F|  |TAMS 0x0000000438000000, 0x0000000438000000| Untracked 
| 130|0x0000000438400000, 0x0000000438400000, 0x0000000438800000|  0%| F|  |TAMS 0x0000000438400000, 0x0000000438400000| Untracked 
| 131|0x0000000438800000, 0x0000000438800000, 0x0000000438c00000|  0%| F|  |TAMS 0x0000000438800000, 0x0000000438800000| Untracked 
| 132|0x0000000438c00000, 0x0000000438c00000, 0x0000000439000000|  0%| F|  |TAMS 0x0000000438c00000, 0x0000000438c00000| Untracked 
| 133|0x0000000439000000, 0x0000000439000000, 0x0000000439400000|  0%| F|  |TAMS 0x0000000439000000, 0x0000000439000000| Untracked 
| 134|0x0000000439400000, 0x0000000439400000, 0x0000000439800000|  0%| F|  |TAMS 0x0000000439400000, 0x0000000439400000| Untracked 
| 135|0x0000000439800000, 0x0000000439800000, 0x0000000439c00000|  0%| F|  |TAMS 0x0000000439800000, 0x0000000439800000| Untracked 
| 136|0x0000000439c00000, 0x0000000439c00000, 0x000000043a000000|  0%| F|  |TAMS 0x0000000439c00000, 0x0000000439c00000| Untracked 
| 137|0x000000043a000000, 0x000000043a000000, 0x000000043a400000|  0%| F|  |TAMS 0x000000043a000000, 0x000000043a000000| Untracked 
| 138|0x000000043a400000, 0x000000043a400000, 0x000000043a800000|  0%| F|  |TAMS 0x000000043a400000, 0x000000043a400000| Untracked 
| 139|0x000000043a800000, 0x000000043a800000, 0x000000043ac00000|  0%| F|  |TAMS 0x000000043a800000, 0x000000043a800000| Untracked 
| 140|0x000000043ac00000, 0x000000043ac00000, 0x000000043b000000|  0%| F|  |TAMS 0x000000043ac00000, 0x000000043ac00000| Untracked 
| 141|0x000000043b000000, 0x000000043b000000, 0x000000043b400000|  0%| F|  |TAMS 0x000000043b000000, 0x000000043b000000| Untracked 
| 142|0x000000043b400000, 0x000000043b400000, 0x000000043b800000|  0%| F|  |TAMS 0x000000043b400000, 0x000000043b400000| Untracked 
| 143|0x000000043b800000, 0x000000043b800000, 0x000000043bc00000|  0%| F|  |TAMS 0x000000043b800000, 0x000000043b800000| Untracked 
| 144|0x000000043bc00000, 0x000000043bc00000, 0x000000043c000000|  0%| F|  |TAMS 0x000000043bc00000, 0x000000043bc00000| Untracked 
| 145|0x000000043c000000, 0x000000043c000000, 0x000000043c400000|  0%| F|  |TAMS 0x000000043c000000, 0x000000043c000000| Untracked 
| 146|0x000000043c400000, 0x000000043c400000, 0x000000043c800000|  0%| F|  |TAMS 0x000000043c400000, 0x000000043c400000| Untracked 
| 147|0x000000043c800000, 0x000000043c800000, 0x000000043cc00000|  0%| F|  |TAMS 0x000000043c800000, 0x000000043c800000| Untracked 
| 148|0x000000043cc00000, 0x000000043cc00000, 0x000000043d000000|  0%| F|  |TAMS 0x000000043cc00000, 0x000000043cc00000| Untracked 
| 149|0x000000043d000000, 0x000000043d000000, 0x000000043d400000|  0%| F|  |TAMS 0x000000043d000000, 0x000000043d000000| Untracked 
| 150|0x000000043d400000, 0x000000043d400000, 0x000000043d800000|  0%| F|  |TAMS 0x000000043d400000, 0x000000043d400000| Untracked 
| 151|0x000000043d800000, 0x000000043d800000, 0x000000043dc00000|  0%| F|  |TAMS 0x000000043d800000, 0x000000043d800000| Untracked 
| 152|0x000000043dc00000, 0x000000043dc00000, 0x000000043e000000|  0%| F|  |TAMS 0x000000043dc00000, 0x000000043dc00000| Untracked 
| 153|0x000000043e000000, 0x000000043e000000, 0x000000043e400000|  0%| F|  |TAMS 0x000000043e000000, 0x000000043e000000| Untracked 
| 154|0x000000043e400000, 0x000000043e400000, 0x000000043e800000|  0%| F|  |TAMS 0x000000043e400000, 0x000000043e400000| Untracked 
| 155|0x000000043e800000, 0x000000043e800000, 0x000000043ec00000|  0%| F|  |TAMS 0x000000043e800000, 0x000000043e800000| Untracked 
| 156|0x000000043ec00000, 0x000000043ec00000, 0x000000043f000000|  0%| F|  |TAMS 0x000000043ec00000, 0x000000043ec00000| Untracked 
| 157|0x000000043f000000, 0x000000043f000000, 0x000000043f400000|  0%| F|  |TAMS 0x000000043f000000, 0x000000043f000000| Untracked 
| 158|0x000000043f400000, 0x000000043f400000, 0x000000043f800000|  0%| F|  |TAMS 0x000000043f400000, 0x000000043f400000| Untracked 
| 159|0x000000043f800000, 0x000000043f800000, 0x000000043fc00000|  0%| F|  |TAMS 0x000000043f800000, 0x000000043f800000| Untracked 
| 160|0x000000043fc00000, 0x000000043fc00000, 0x0000000440000000|  0%| F|  |TAMS 0x000000043fc00000, 0x000000043fc00000| Untracked 
| 161|0x0000000440000000, 0x0000000440000000, 0x0000000440400000|  0%| F|  |TAMS 0x0000000440000000, 0x0000000440000000| Untracked 
| 162|0x0000000440400000, 0x0000000440400000, 0x0000000440800000|  0%| F|  |TAMS 0x0000000440400000, 0x0000000440400000| Untracked 
| 163|0x0000000440800000, 0x0000000440800000, 0x0000000440c00000|  0%| F|  |TAMS 0x0000000440800000, 0x0000000440800000| Untracked 
| 164|0x0000000440c00000, 0x0000000440c00000, 0x0000000441000000|  0%| F|  |TAMS 0x0000000440c00000, 0x0000000440c00000| Untracked 
| 165|0x0000000441000000, 0x0000000441000000, 0x0000000441400000|  0%| F|  |TAMS 0x0000000441000000, 0x0000000441000000| Untracked 
| 166|0x0000000441400000, 0x0000000441400000, 0x0000000441800000|  0%| F|  |TAMS 0x0000000441400000, 0x0000000441400000| Untracked 
| 167|0x0000000441800000, 0x0000000441800000, 0x0000000441c00000|  0%| F|  |TAMS 0x0000000441800000, 0x0000000441800000| Untracked 
| 168|0x0000000441c00000, 0x0000000441c00000, 0x0000000442000000|  0%| F|  |TAMS 0x0000000441c00000, 0x0000000441c00000| Untracked 
| 169|0x0000000442000000, 0x0000000442000000, 0x0000000442400000|  0%| F|  |TAMS 0x0000000442000000, 0x0000000442000000| Untracked 
| 170|0x0000000442400000, 0x0000000442400000, 0x0000000442800000|  0%| F|  |TAMS 0x0000000442400000, 0x0000000442400000| Untracked 
| 171|0x0000000442800000, 0x0000000442800000, 0x0000000442c00000|  0%| F|  |TAMS 0x0000000442800000, 0x0000000442800000| Untracked 
| 172|0x0000000442c00000, 0x0000000442c00000, 0x0000000443000000|  0%| F|  |TAMS 0x0000000442c00000, 0x0000000442c00000| Untracked 
| 173|0x0000000443000000, 0x0000000443000000, 0x0000000443400000|  0%| F|  |TAMS 0x0000000443000000, 0x0000000443000000| Untracked 
| 174|0x0000000443400000, 0x0000000443400000, 0x0000000443800000|  0%| F|  |TAMS 0x0000000443400000, 0x0000000443400000| Untracked 
| 175|0x0000000443800000, 0x0000000443800000, 0x0000000443c00000|  0%| F|  |TAMS 0x0000000443800000, 0x0000000443800000| Untracked 
| 176|0x0000000443c00000, 0x0000000443c00000, 0x0000000444000000|  0%| F|  |TAMS 0x0000000443c00000, 0x0000000443c00000| Untracked 
| 177|0x0000000444000000, 0x0000000444000000, 0x0000000444400000|  0%| F|  |TAMS 0x0000000444000000, 0x0000000444000000| Untracked 
| 178|0x0000000444400000, 0x0000000444400000, 0x0000000444800000|  0%| F|  |TAMS 0x0000000444400000, 0x0000000444400000| Untracked 
| 179|0x0000000444800000, 0x0000000444800000, 0x0000000444c00000|  0%| F|  |TAMS 0x0000000444800000, 0x0000000444800000| Untracked 
| 180|0x0000000444c00000, 0x0000000444c00000, 0x0000000445000000|  0%| F|  |TAMS 0x0000000444c00000, 0x0000000444c00000| Untracked 
| 181|0x0000000445000000, 0x0000000445000000, 0x0000000445400000|  0%| F|  |TAMS 0x0000000445000000, 0x0000000445000000| Untracked 
| 182|0x0000000445400000, 0x0000000445400000, 0x0000000445800000|  0%| F|  |TAMS 0x0000000445400000, 0x0000000445400000| Untracked 
| 183|0x0000000445800000, 0x0000000445800000, 0x0000000445c00000|  0%| F|  |TAMS 0x0000000445800000, 0x0000000445800000| Untracked 
| 184|0x0000000445c00000, 0x0000000445c00000, 0x0000000446000000|  0%| F|  |TAMS 0x0000000445c00000, 0x0000000445c00000| Untracked 
| 185|0x0000000446000000, 0x0000000446000000, 0x0000000446400000|  0%| F|  |TAMS 0x0000000446000000, 0x0000000446000000| Untracked 
| 186|0x0000000446400000, 0x0000000446400000, 0x0000000446800000|  0%| F|  |TAMS 0x0000000446400000, 0x0000000446400000| Untracked 
| 187|0x0000000446800000, 0x0000000446800000, 0x0000000446c00000|  0%| F|  |TAMS 0x0000000446800000, 0x0000000446800000| Untracked 
| 188|0x0000000446c00000, 0x0000000446c00000, 0x0000000447000000|  0%| F|  |TAMS 0x0000000446c00000, 0x0000000446c00000| Untracked 
| 189|0x0000000447000000, 0x0000000447000000, 0x0000000447400000|  0%| F|  |TAMS 0x0000000447000000, 0x0000000447000000| Untracked 
| 190|0x0000000447400000, 0x0000000447400000, 0x0000000447800000|  0%| F|  |TAMS 0x0000000447400000, 0x0000000447400000| Untracked 
| 191|0x0000000447800000, 0x0000000447800000, 0x0000000447c00000|  0%| F|  |TAMS 0x0000000447800000, 0x0000000447800000| Untracked 
| 192|0x0000000447c00000, 0x0000000447c00000, 0x0000000448000000|  0%| F|  |TAMS 0x0000000447c00000, 0x0000000447c00000| Untracked 
| 193|0x0000000448000000, 0x0000000448000000, 0x0000000448400000|  0%| F|  |TAMS 0x0000000448000000, 0x0000000448000000| Untracked 
| 194|0x0000000448400000, 0x0000000448400000, 0x0000000448800000|  0%| F|  |TAMS 0x0000000448400000, 0x0000000448400000| Untracked 
| 195|0x0000000448800000, 0x0000000448800000, 0x0000000448c00000|  0%| F|  |TAMS 0x0000000448800000, 0x0000000448800000| Untracked 
| 196|0x0000000448c00000, 0x0000000448c00000, 0x0000000449000000|  0%| F|  |TAMS 0x0000000448c00000, 0x0000000448c00000| Untracked 
| 197|0x0000000449000000, 0x0000000449000000, 0x0000000449400000|  0%| F|  |TAMS 0x0000000449000000, 0x0000000449000000| Untracked 
| 198|0x0000000449400000, 0x0000000449400000, 0x0000000449800000|  0%| F|  |TAMS 0x0000000449400000, 0x0000000449400000| Untracked 
| 199|0x0000000449800000, 0x0000000449800000, 0x0000000449c00000|  0%| F|  |TAMS 0x0000000449800000, 0x0000000449800000| Untracked 
| 200|0x0000000449c00000, 0x0000000449c00000, 0x000000044a000000|  0%| F|  |TAMS 0x0000000449c00000, 0x0000000449c00000| Untracked 
| 201|0x000000044a000000, 0x000000044a000000, 0x000000044a400000|  0%| F|  |TAMS 0x000000044a000000, 0x000000044a000000| Untracked 
| 202|0x000000044a400000, 0x000000044a400000, 0x000000044a800000|  0%| F|  |TAMS 0x000000044a400000, 0x000000044a400000| Untracked 
| 203|0x000000044a800000, 0x000000044a800000, 0x000000044ac00000|  0%| F|  |TAMS 0x000000044a800000, 0x000000044a800000| Untracked 
| 204|0x000000044ac00000, 0x000000044ac00000, 0x000000044b000000|  0%| F|  |TAMS 0x000000044ac00000, 0x000000044ac00000| Untracked 
| 205|0x000000044b000000, 0x000000044b000000, 0x000000044b400000|  0%| F|  |TAMS 0x000000044b000000, 0x000000044b000000| Untracked 
| 206|0x000000044b400000, 0x000000044b400000, 0x000000044b800000|  0%| F|  |TAMS 0x000000044b400000, 0x000000044b400000| Untracked 
| 207|0x000000044b800000, 0x000000044b800000, 0x000000044bc00000|  0%| F|  |TAMS 0x000000044b800000, 0x000000044b800000| Untracked 
| 208|0x000000044bc00000, 0x000000044bc00000, 0x000000044c000000|  0%| F|  |TAMS 0x000000044bc00000, 0x000000044bc00000| Untracked 
| 209|0x000000044c000000, 0x000000044c000000, 0x000000044c400000|  0%| F|  |TAMS 0x000000044c000000, 0x000000044c000000| Untracked 
| 210|0x000000044c400000, 0x000000044c400000, 0x000000044c800000|  0%| F|  |TAMS 0x000000044c400000, 0x000000044c400000| Untracked 
| 211|0x000000044c800000, 0x000000044c800000, 0x000000044cc00000|  0%| F|  |TAMS 0x000000044c800000, 0x000000044c800000| Untracked 
| 212|0x000000044cc00000, 0x000000044cc00000, 0x000000044d000000|  0%| F|  |TAMS 0x000000044cc00000, 0x000000044cc00000| Untracked 
| 213|0x000000044d000000, 0x000000044d000000, 0x000000044d400000|  0%| F|  |TAMS 0x000000044d000000, 0x000000044d000000| Untracked 
| 214|0x000000044d400000, 0x000000044d400000, 0x000000044d800000|  0%| F|  |TAMS 0x000000044d400000, 0x000000044d400000| Untracked 
| 215|0x000000044d800000, 0x000000044d800000, 0x000000044dc00000|  0%| F|  |TAMS 0x000000044d800000, 0x000000044d800000| Untracked 
| 216|0x000000044dc00000, 0x000000044dc00000, 0x000000044e000000|  0%| F|  |TAMS 0x000000044dc00000, 0x000000044dc00000| Untracked 
| 217|0x000000044e000000, 0x000000044e000000, 0x000000044e400000|  0%| F|  |TAMS 0x000000044e000000, 0x000000044e000000| Untracked 
| 218|0x000000044e400000, 0x000000044e400000, 0x000000044e800000|  0%| F|  |TAMS 0x000000044e400000, 0x000000044e400000| Untracked 
| 219|0x000000044e800000, 0x000000044e800000, 0x000000044ec00000|  0%| F|  |TAMS 0x000000044e800000, 0x000000044e800000| Untracked 
| 220|0x000000044ec00000, 0x000000044ec00000, 0x000000044f000000|  0%| F|  |TAMS 0x000000044ec00000, 0x000000044ec00000| Untracked 
| 221|0x000000044f000000, 0x000000044f000000, 0x000000044f400000|  0%| F|  |TAMS 0x000000044f000000, 0x000000044f000000| Untracked 
| 222|0x000000044f400000, 0x000000044f400000, 0x000000044f800000|  0%| F|  |TAMS 0x000000044f400000, 0x000000044f400000| Untracked 
| 223|0x000000044f800000, 0x000000044f800000, 0x000000044fc00000|  0%| F|  |TAMS 0x000000044f800000, 0x000000044f800000| Untracked 
| 224|0x000000044fc00000, 0x000000044fc00000, 0x0000000450000000|  0%| F|  |TAMS 0x000000044fc00000, 0x000000044fc00000| Untracked 
| 225|0x0000000450000000, 0x0000000450000000, 0x0000000450400000|  0%| F|  |TAMS 0x0000000450000000, 0x0000000450000000| Untracked 
| 226|0x0000000450400000, 0x0000000450400000, 0x0000000450800000|  0%| F|  |TAMS 0x0000000450400000, 0x0000000450400000| Untracked 
| 227|0x0000000450800000, 0x0000000450800000, 0x0000000450c00000|  0%| F|  |TAMS 0x0000000450800000, 0x0000000450800000| Untracked 
| 228|0x0000000450c00000, 0x0000000450c00000, 0x0000000451000000|  0%| F|  |TAMS 0x0000000450c00000, 0x0000000450c00000| Untracked 
| 229|0x0000000451000000, 0x0000000451000000, 0x0000000451400000|  0%| F|  |TAMS 0x0000000451000000, 0x0000000451000000| Untracked 
| 230|0x0000000451400000, 0x0000000451400000, 0x0000000451800000|  0%| F|  |TAMS 0x0000000451400000, 0x0000000451400000| Untracked 
| 231|0x0000000451800000, 0x0000000451800000, 0x0000000451c00000|  0%| F|  |TAMS 0x0000000451800000, 0x0000000451800000| Untracked 
| 232|0x0000000451c00000, 0x0000000451c00000, 0x0000000452000000|  0%| F|  |TAMS 0x0000000451c00000, 0x0000000451c00000| Untracked 
| 233|0x0000000452000000, 0x0000000452000000, 0x0000000452400000|  0%| F|  |TAMS 0x0000000452000000, 0x0000000452000000| Untracked 
| 234|0x0000000452400000, 0x0000000452400000, 0x0000000452800000|  0%| F|  |TAMS 0x0000000452400000, 0x0000000452400000| Untracked 
| 235|0x0000000452800000, 0x0000000452800000, 0x0000000452c00000|  0%| F|  |TAMS 0x0000000452800000, 0x0000000452800000| Untracked 
| 236|0x0000000452c00000, 0x0000000452c00000, 0x0000000453000000|  0%| F|  |TAMS 0x0000000452c00000, 0x0000000452c00000| Untracked 
| 237|0x0000000453000000, 0x0000000453400000, 0x0000000453400000|100%| S|  |TAMS 0x0000000453000000, 0x0000000453000000| Complete 
| 238|0x0000000453400000, 0x0000000453800000, 0x0000000453800000|100%| S|  |TAMS 0x0000000453400000, 0x0000000453400000| Complete 
| 239|0x0000000453800000, 0x0000000453c00000, 0x0000000453c00000|100%| E|CS|TAMS 0x0000000453800000, 0x0000000453800000| Complete 
| 240|0x0000000453c00000, 0x0000000454000000, 0x0000000454000000|100%| E|CS|TAMS 0x0000000453c00000, 0x0000000453c00000| Complete 
| 241|0x0000000454000000, 0x0000000454400000, 0x0000000454400000|100%| E|CS|TAMS 0x0000000454000000, 0x0000000454000000| Complete 
| 242|0x0000000454400000, 0x0000000454800000, 0x0000000454800000|100%| E|CS|TAMS 0x0000000454400000, 0x0000000454400000| Complete 
| 243|0x0000000454800000, 0x0000000454c00000, 0x0000000454c00000|100%| E|CS|TAMS 0x0000000454800000, 0x0000000454800000| Complete 
| 244|0x0000000454c00000, 0x0000000455000000, 0x0000000455000000|100%| E|CS|TAMS 0x0000000454c00000, 0x0000000454c00000| Complete 
| 245|0x0000000455000000, 0x0000000455400000, 0x0000000455400000|100%| E|CS|TAMS 0x0000000455000000, 0x0000000455000000| Complete 
| 246|0x0000000455400000, 0x0000000455800000, 0x0000000455800000|100%| E|CS|TAMS 0x0000000455400000, 0x0000000455400000| Complete 
| 247|0x0000000455800000, 0x0000000455c00000, 0x0000000455c00000|100%| E|CS|TAMS 0x0000000455800000, 0x0000000455800000| Complete 
| 248|0x0000000455c00000, 0x0000000456000000, 0x0000000456000000|100%| E|CS|TAMS 0x0000000455c00000, 0x0000000455c00000| Complete 
| 249|0x0000000456000000, 0x0000000456400000, 0x0000000456400000|100%| E|CS|TAMS 0x0000000456000000, 0x0000000456000000| Complete 
| 250|0x0000000456400000, 0x0000000456800000, 0x0000000456800000|100%| E|CS|TAMS 0x0000000456400000, 0x0000000456400000| Complete 
|3999|0x00000007ff800000, 0x00000007ffb48000, 0x00000007ffc00000| 82%|OA|  |TAMS 0x00000007ff800000, 0x00000007ff800000| Untracked 
|4000|0x00000007ffc00000, 0x00000007ffc7a000, 0x0000000800000000| 11%|CA|  |TAMS 0x00000007ffc00000, 0x00000007ffc00000| Untracked 

Card table byte_map: [0x00007f161cbe8000,0x00007f161eb2a000] _byte_map_base: 0x00007f161ab2a000

Marking Bits (Prev, Next): (CMBitMap*) 0x00007f1638072888, (CMBitMap*) 0x00007f16380728c8
 Prev Bits: [0x00007f160b296000, 0x00007f161aca6000)
 Next Bits: [0x00007f15fb886000, 0x00007f160b296000)

Polling page: 0x00007f163ea42000

Metaspace:

Usage:
  Non-class:      4,62 MB capacity,     1,63 MB ( 35%) used,     2,99 MB ( 65%) free+waste,     3,06 KB ( <1%) overhead. 
      Class:    509,00 KB capacity,   206,48 KB ( 41%) used,   300,71 KB ( 59%) free+waste,     1,81 KB ( <1%) overhead. 
       Both:      5,12 MB capacity,     1,83 MB ( 36%) used,     3,28 MB ( 64%) free+waste,     4,88 KB ( <1%) overhead. 

Virtual space:
  Non-class space:        8,00 MB reserved,       4,75 MB ( 59%) committed 
      Class space:        1,00 GB reserved,     640,00 KB ( <1%) committed 
             Both:        1,01 GB reserved,       5,38 MB ( <1%) committed 

Chunk freelists:
   Non-Class:  7,00 KB
       Class:  15,00 KB
        Both:  22,00 KB

MaxMetaspaceSize: unlimited
CompressedClassSpaceSize: 1,00 GB

CodeHeap 'non-profiled nmethods': size=119168Kb used=217Kb max_used=217Kb free=118950Kb
 bounds [0x00007f162860c000, 0x00007f162887c000, 0x00007f162fa6c000]
CodeHeap 'profiled nmethods': size=119164Kb used=789Kb max_used=789Kb free=118374Kb
 bounds [0x00007f16211ad000, 0x00007f162141d000, 0x00007f162860c000]
CodeHeap 'non-nmethods': size=7428Kb used=2264Kb max_used=2293Kb free=5163Kb
 bounds [0x00007f1620a6c000, 0x00007f1620cdc000, 0x00007f16211ad000]
 total_blobs=1014 nmethods=490 adapters=278
 compilation: enabled
              stopped_count=0, restarted_count=0
 full_count=0

Compilation events (20 events):
Event: 0,234 Thread 0x00007f15d0189800  482       4       java.nio.ByteBuffer::position (8 bytes)
Event: 0,234 Thread 0x00007f15bc0a1000 nmethod 433 0x00007f1628639e10 code [0x00007f162863a0a0, 0x00007f162863db60]
Event: 0,235 Thread 0x00007f15d0189800 nmethod 482 0x00007f162863f090 code [0x00007f162863f200, 0x00007f162863f2d8]
Event: 0,236 Thread 0x00007f15c4016000  483       3       sun.nio.cs.UTF_8$Decoder::decodeArrayLoop (691 bytes)
Event: 0,242 Thread 0x00007f15c4016000 nmethod 483 0x00007f1621267d90 code [0x00007f1621268740, 0x00007f162126efa8]
Event: 0,242 Thread 0x00007f15d0189800  484       4       sun.nio.cs.UTF_8$Decoder::decodeArrayLoop (691 bytes)
Event: 0,246 Thread 0x00007f15d018b800  485       4       java.nio.CharBuffer::arrayOffset (35 bytes)
Event: 0,247 Thread 0x00007f15d018b800 nmethod 485 0x00007f162863f390 code [0x00007f162863f500, 0x00007f162863f5b8]
Event: 0,257 Thread 0x00007f15c4014800  486 %     3       com.google.common.io.CharStreams::readLines @ 17 (39 bytes)
Event: 0,258 Thread 0x00007f15c4014800 nmethod 486% 0x00007f1621270d10 code [0x00007f1621270f20, 0x00007f16212715a8]
Event: 0,260 Thread 0x00007f15c4014800  487       3       com.google.common.io.CharStreams::readLines (39 bytes)
Event: 0,260 Thread 0x00007f15c4014800 nmethod 487 0x00007f1621271810 code [0x00007f1621271a40, 0x00007f1621272328]
Event: 0,262 Thread 0x00007f15c4042800  488       4       java.lang.String::checkBoundsBeginEnd (63 bytes)
Event: 0,263 Thread 0x00007f15c4042800 nmethod 488 0x00007f162863f690 code [0x00007f162863f800, 0x00007f162863f898]
Event: 0,264 Thread 0x00007f15bc0a1000  489       4       java.nio.ByteBuffer::arrayOffset (35 bytes)
Event: 0,264 Thread 0x00007f15bc0a1000 nmethod 489 0x00007f162863f990 code [0x00007f162863fb00, 0x00007f162863fbb8]
Event: 0,272 Thread 0x00007f15c4042800  490       4       sun.nio.cs.UTF_8$Decoder::isMalformed3 (45 bytes)
Event: 0,273 Thread 0x00007f15c4042800 nmethod 490 0x00007f162863fc90 code [0x00007f162863fe00, 0x00007f162863fe98]
Event: 0,278 Thread 0x00007f15d0189800 nmethod 484 0x00007f162863ff90 code [0x00007f16286401c0, 0x00007f1628641538]
Event: 0,282 Thread 0x00007f15d0189800  491       4       java.nio.CharBuffer::position (6 bytes)

GC Heap History (1 events):
Event: 0,282 GC heap before
{Heap before GC invocations=0 (full 0):
 garbage-first heap   total 1036288K, used 53000K [0x0000000417c00000, 0x0000000800000000)
  region size 4096K, 12 young (49152K), 0 survivors (0K)
 Metaspace       used 1871K, capacity 5238K, committed 5504K, reserved 1056768K
  class space    used 206K, capacity 509K, committed 640K, reserved 1048576K
}

Deoptimization events (20 events):
Event: 0,277 Thread 0x00007f1638018800 DEOPT PACKING pc=0x00007f162126e0b7 sp=0x00007f163d465050
Event: 0,277 Thread 0x00007f1638018800 DEOPT UNPACKING pc=0x00007f1620ab414a sp=0x00007f163d4645f8 mode 0
Event: 0,277 Thread 0x00007f1638018800 DEOPT PACKING pc=0x00007f162126e0b7 sp=0x00007f163d465050
Event: 0,277 Thread 0x00007f1638018800 DEOPT UNPACKING pc=0x00007f1620ab414a sp=0x00007f163d4645f8 mode 0
Event: 0,278 Thread 0x00007f1638018800 DEOPT PACKING pc=0x00007f162126e0b7 sp=0x00007f163d465050
Event: 0,278 Thread 0x00007f1638018800 DEOPT UNPACKING pc=0x00007f1620ab414a sp=0x00007f163d4645f8 mode 0
Event: 0,278 Thread 0x00007f1638018800 DEOPT PACKING pc=0x00007f162126e0b7 sp=0x00007f163d465050
Event: 0,278 Thread 0x00007f1638018800 DEOPT UNPACKING pc=0x00007f1620ab414a sp=0x00007f163d4645f8 mode 0
Event: 0,278 Thread 0x00007f1638018800 DEOPT PACKING pc=0x00007f162126e0b7 sp=0x00007f163d465050
Event: 0,278 Thread 0x00007f1638018800 DEOPT UNPACKING pc=0x00007f1620ab414a sp=0x00007f163d4645f8 mode 0
Event: 0,278 Thread 0x00007f1638018800 DEOPT PACKING pc=0x00007f162126e0b7 sp=0x00007f163d465050
Event: 0,278 Thread 0x00007f1638018800 DEOPT UNPACKING pc=0x00007f1620ab414a sp=0x00007f163d4645f8 mode 0
Event: 0,278 Thread 0x00007f1638018800 DEOPT PACKING pc=0x00007f162126e0b7 sp=0x00007f163d465050
Event: 0,278 Thread 0x00007f1638018800 DEOPT UNPACKING pc=0x00007f1620ab414a sp=0x00007f163d4645f8 mode 0
Event: 0,278 Thread 0x00007f1638018800 DEOPT PACKING pc=0x00007f162126e0b7 sp=0x00007f163d465050
Event: 0,278 Thread 0x00007f1638018800 DEOPT UNPACKING pc=0x00007f1620ab414a sp=0x00007f163d4645f8 mode 0
Event: 0,278 Thread 0x00007f1638018800 DEOPT PACKING pc=0x00007f162126e0b7 sp=0x00007f163d465050
Event: 0,278 Thread 0x00007f1638018800 DEOPT UNPACKING pc=0x00007f1620ab414a sp=0x00007f163d4645f8 mode 0
Event: 0,278 Thread 0x00007f1638018800 DEOPT PACKING pc=0x00007f162126e0b7 sp=0x00007f163d465050
Event: 0,278 Thread 0x00007f1638018800 DEOPT UNPACKING pc=0x00007f1620ab414a sp=0x00007f163d4645f8 mode 0

Classes unloaded (0 events):
No events

Classes redefined (0 events):
No events

Internal exceptions (0 events):
No events

Events (20 events):
Event: 0,116 loading class sun/nio/cs/StreamDecoder done
Event: 0,116 loading class sun/nio/cs/UTF_8$Decoder
Event: 0,116 loading class java/nio/charset/CharsetDecoder
Event: 0,116 loading class java/nio/charset/CharsetDecoder done
Event: 0,116 loading class sun/nio/cs/UTF_8$Decoder done
Event: 0,116 loading class com/google/common/io/LineReader
Event: 0,116 loading class com/google/common/io/LineReader done
Event: 0,116 loading class com/google/common/io/LineBuffer
Event: 0,116 loading class com/google/common/io/LineBuffer done
Event: 0,116 loading class com/google/common/io/LineReader$1
Event: 0,116 loading class com/google/common/io/LineReader$1 done
Event: 0,150 Thread 0x00007f15bc0a1000 Thread added: 0x00007f15bc0a1000
Event: 0,150 Protecting memory [0x00007f15e27bb000,0x00007f15e27bf000] with protection modes 0
Event: 0,155 Thread 0x00007f15d0189800 Thread added: 0x00007f15d0189800
Event: 0,155 Protecting memory [0x00007f15e26ba000,0x00007f15e26be000] with protection modes 0
Event: 0,155 Thread 0x00007f15d018b800 Thread added: 0x00007f15d018b800
Event: 0,156 Protecting memory [0x00007f15e25b9000,0x00007f15e25bd000] with protection modes 0
Event: 0,156 Thread 0x00007f15d018d000 Thread added: 0x00007f15d018d000
Event: 0,156 Protecting memory [0x00007f15e24b8000,0x00007f15e24bc000] with protection modes 0
Event: 0,282 Executing VM operation: G1CollectForAllocation


Dynamic libraries:
00400000-00401000 r-xp 00000000 103:03 28186532                          /usr/lib/jvm/java-13-oracle/bin/java
00401000-00402000 r--p 00000000 103:03 28186532                          /usr/lib/jvm/java-13-oracle/bin/java
00402000-00403000 rw-p 00001000 103:03 28186532                          /usr/lib/jvm/java-13-oracle/bin/java
01898000-018b9000 rw-p 00000000 00:00 0                                  [heap]
417c00000-456800000 rw-p 00000000 00:00 0 
456800000-7ff800000 ---p 00000000 00:00 0 
7ff800000-7ffb00000 rw-p 00000000 00:00 0 
7ffb00000-7ffb48000 rw-p 00b68000 103:03 28188521                        /usr/lib/jvm/java-13-oracle/lib/server/classes.jsa
7ffb48000-7ffc00000 rw-p 00000000 00:00 0 
7ffc00000-7ffc7a000 rw-p 00aee000 103:03 28188521                        /usr/lib/jvm/java-13-oracle/lib/server/classes.jsa
7ffc7a000-800000000 rw-p 00000000 00:00 0 
800000000-800003000 rwxp 00001000 103:03 28188521                        /usr/lib/jvm/java-13-oracle/lib/server/classes.jsa
800003000-8003d8000 rw-p 00004000 103:03 28188521                        /usr/lib/jvm/java-13-oracle/lib/server/classes.jsa
8003d8000-800aec000 r--p 003d9000 103:03 28188521                        /usr/lib/jvm/java-13-oracle/lib/server/classes.jsa
800aec000-800aed000 rw-p 00aed000 103:03 28188521                        /usr/lib/jvm/java-13-oracle/lib/server/classes.jsa
800aed000-800b8d000 rw-p 00000000 00:00 0 
800b8d000-840aed000 ---p 00000000 00:00 0 
7f156c000000-7f156c021000 rw-p 00000000 00:00 0 
7f156c021000-7f1570000000 ---p 00000000 00:00 0 
7f1570000000-7f1570021000 rw-p 00000000 00:00 0 
7f1570021000-7f1574000000 ---p 00000000 00:00 0 
7f1574000000-7f1574021000 rw-p 00000000 00:00 0 
7f1574021000-7f1578000000 ---p 00000000 00:00 0 
7f1578000000-7f1578021000 rw-p 00000000 00:00 0 
7f1578021000-7f157c000000 ---p 00000000 00:00 0 
7f157c000000-7f157c021000 rw-p 00000000 00:00 0 
7f157c021000-7f1580000000 ---p 00000000 00:00 0 
7f1580000000-7f1580021000 rw-p 00000000 00:00 0 
7f1580021000-7f1584000000 ---p 00000000 00:00 0 
7f1584000000-7f1584021000 rw-p 00000000 00:00 0 
7f1584021000-7f1588000000 ---p 00000000 00:00 0 
7f1588000000-7f1588021000 rw-p 00000000 00:00 0 
7f1588021000-7f158c000000 ---p 00000000 00:00 0 
7f158c000000-7f158c021000 rw-p 00000000 00:00 0 
7f158c021000-7f1590000000 ---p 00000000 00:00 0 
7f1590000000-7f1590021000 rw-p 00000000 00:00 0 
7f1590021000-7f1594000000 ---p 00000000 00:00 0 
7f1594000000-7f1594021000 rw-p 00000000 00:00 0 
7f1594021000-7f1598000000 ---p 00000000 00:00 0 
7f1598000000-7f1598021000 rw-p 00000000 00:00 0 
7f1598021000-7f159c000000 ---p 00000000 00:00 0 
7f159c000000-7f159c178000 rw-p 00000000 00:00 0 
7f159c178000-7f15a0000000 ---p 00000000 00:00 0 
7f15a0000000-7f15a01e2000 rw-p 00000000 00:00 0 
7f15a01e2000-7f15a4000000 ---p 00000000 00:00 0 
7f15a4000000-7f15a43cc000 rw-p 00000000 00:00 0 
7f15a43cc000-7f15a8000000 ---p 00000000 00:00 0 
7f15a8000000-7f15a81c0000 rw-p 00000000 00:00 0 
7f15a81c0000-7f15ac000000 ---p 00000000 00:00 0 
7f15ac000000-7f15ac021000 rw-p 00000000 00:00 0 
7f15ac021000-7f15b0000000 ---p 00000000 00:00 0 
7f15b0000000-7f15b0367000 rw-p 00000000 00:00 0 
7f15b0367000-7f15b4000000 ---p 00000000 00:00 0 
7f15b4000000-7f15b4021000 rw-p 00000000 00:00 0 
7f15b4021000-7f15b8000000 ---p 00000000 00:00 0 
7f15b8000000-7f15b8021000 rw-p 00000000 00:00 0 
7f15b8021000-7f15bc000000 ---p 00000000 00:00 0 
7f15bc000000-7f15bc0a5000 rw-p 00000000 00:00 0 
7f15bc0a5000-7f15c0000000 ---p 00000000 00:00 0 
7f15c0000000-7f15c0072000 rw-p 00000000 00:00 0 
7f15c0072000-7f15c4000000 ---p 00000000 00:00 0 
7f15c4000000-7f15c4071000 rw-p 00000000 00:00 0 
7f15c4071000-7f15c8000000 ---p 00000000 00:00 0 
7f15c8000000-7f15c8021000 rw-p 00000000 00:00 0 
7f15c8021000-7f15cc000000 ---p 00000000 00:00 0 
7f15cc000000-7f15cc021000 rw-p 00000000 00:00 0 
7f15cc021000-7f15d0000000 ---p 00000000 00:00 0 
7f15d0000000-7f15d036e000 rw-p 00000000 00:00 0 
7f15d036e000-7f15d4000000 ---p 00000000 00:00 0 
7f15d4000000-7f15d4021000 rw-p 00000000 00:00 0 
7f15d4021000-7f15d8000000 ---p 00000000 00:00 0 
7f15d8000000-7f15d8021000 rw-p 00000000 00:00 0 
7f15d8021000-7f15dc000000 ---p 00000000 00:00 0 
7f15dc000000-7f15dc021000 rw-p 00000000 00:00 0 
7f15dc021000-7f15e0000000 ---p 00000000 00:00 0 
7f15e14db000-7f15e18a0000 rw-p 00000000 00:00 0 
7f15e18a0000-7f15e18a1000 ---p 00000000 00:00 0 
7f15e18a1000-7f15e19a2000 rw-p 00000000 00:00 0 
7f15e19a2000-7f15e19a3000 ---p 00000000 00:00 0 
7f15e19a3000-7f15e1aa4000 rw-p 00000000 00:00 0 
7f15e1aa4000-7f15e1aa5000 ---p 00000000 00:00 0 
7f15e1aa5000-7f15e1ba6000 rw-p 00000000 00:00 0 
7f15e1ba6000-7f15e1ba7000 ---p 00000000 00:00 0 
7f15e1ba7000-7f15e1ca8000 rw-p 00000000 00:00 0 
7f15e1ca8000-7f15e1ca9000 ---p 00000000 00:00 0 
7f15e1ca9000-7f15e1daa000 rw-p 00000000 00:00 0 
7f15e1daa000-7f15e1dab000 ---p 00000000 00:00 0 
7f15e1dab000-7f15e1eac000 rw-p 00000000 00:00 0 
7f15e1eac000-7f15e1ead000 ---p 00000000 00:00 0 
7f15e1ead000-7f15e1fae000 rw-p 00000000 00:00 0 
7f15e1fae000-7f15e1faf000 ---p 00000000 00:00 0 
7f15e1faf000-7f15e20b0000 rw-p 00000000 00:00 0 
7f15e20b0000-7f15e20b1000 ---p 00000000 00:00 0 
7f15e20b1000-7f15e21b2000 rw-p 00000000 00:00 0 
7f15e21b2000-7f15e21b3000 ---p 00000000 00:00 0 
7f15e21b3000-7f15e22b4000 rw-p 00000000 00:00 0 
7f15e22b4000-7f15e22b5000 ---p 00000000 00:00 0 
7f15e22b5000-7f15e23b6000 rw-p 00000000 00:00 0 
7f15e23b6000-7f15e23b7000 ---p 00000000 00:00 0 
7f15e23b7000-7f15e24b8000 rw-p 00000000 00:00 0 
7f15e24b8000-7f15e24bc000 ---p 00000000 00:00 0 
7f15e24bc000-7f15e25b9000 rw-p 00000000 00:00 0 
7f15e25b9000-7f15e25bd000 ---p 00000000 00:00 0 
7f15e25bd000-7f15e26ba000 rw-p 00000000 00:00 0 
7f15e26ba000-7f15e26be000 ---p 00000000 00:00 0 
7f15e26be000-7f15e27bb000 rw-p 00000000 00:00 0 
7f15e27bb000-7f15e27bf000 ---p 00000000 00:00 0 
7f15e27bf000-7f15e28bc000 rw-p 00000000 00:00 0 
7f15e28bc000-7f15e28c0000 ---p 00000000 00:00 0 
7f15e28c0000-7f15e29bd000 rw-p 00000000 00:00 0 
7f15e29bd000-7f15e29c1000 ---p 00000000 00:00 0 
7f15e29c1000-7f15e2abe000 rw-p 00000000 00:00 0 
7f15e2abe000-7f15e2abf000 ---p 00000000 00:00 0 
7f15e2abf000-7f15e2bc0000 rw-p 00000000 00:00 0 
7f15e2bc0000-7f15e2bc4000 ---p 00000000 00:00 0 
7f15e2bc4000-7f15e2cc1000 rw-p 00000000 00:00 0 
7f15e2cc1000-7f15e2cc5000 ---p 00000000 00:00 0 
7f15e2cc5000-7f15e2dc2000 rw-p 00000000 00:00 0 
7f15e2dc2000-7f15e2dc6000 ---p 00000000 00:00 0 
7f15e2dc6000-7f15e2ec3000 rw-p 00000000 00:00 0 
7f15e2ec3000-7f15e2ec7000 ---p 00000000 00:00 0 
7f15e2ec7000-7f15e2fc4000 rw-p 00000000 00:00 0 
7f15e2fc4000-7f15e3800000 r--p 00000000 103:03 28180641                  /usr/lib/locale/locale-archive
7f15e3800000-7f15e3cc0000 rw-p 00000000 00:00 0 
7f15e3cc0000-7f15e4000000 ---p 00000000 00:00 0 
7f15e4000000-7f15e4021000 rw-p 00000000 00:00 0 
7f15e4021000-7f15e8000000 ---p 00000000 00:00 0 
7f15e8000000-7f15e8021000 rw-p 00000000 00:00 0 
7f15e8021000-7f15ec000000 ---p 00000000 00:00 0 
7f15ec000000-7f15ec021000 rw-p 00000000 00:00 0 
7f15ec021000-7f15f0000000 ---p 00000000 00:00 0 
7f15f0000000-7f15f0021000 rw-p 00000000 00:00 0 
7f15f0021000-7f15f4000000 ---p 00000000 00:00 0 
7f15f4000000-7f15f4021000 rw-p 00000000 00:00 0 
7f15f4021000-7f15f8000000 ---p 00000000 00:00 0 
7f15f80a1000-7f15f80d2000 rw-p 00000000 00:00 0 
7f15f80d2000-7f15f80e7000 r-xp 00000000 103:03 28188104                  /usr/lib/jvm/java-13-oracle/lib/libnet.so
7f15f80e7000-7f15f80e8000 r--p 00014000 103:03 28188104                  /usr/lib/jvm/java-13-oracle/lib/libnet.so
7f15f80e8000-7f15f80e9000 rw-p 00015000 103:03 28188104                  /usr/lib/jvm/java-13-oracle/lib/libnet.so
7f15f80e9000-7f15f80ed000 ---p 00000000 00:00 0 
7f15f80ed000-7f15f81ea000 rw-p 00000000 00:00 0 
7f15f81ea000-7f15f81ee000 ---p 00000000 00:00 0 
7f15f81ee000-7f15f82eb000 rw-p 00000000 00:00 0 
7f15f82eb000-7f15f82ef000 ---p 00000000 00:00 0 
7f15f82ef000-7f15f83ec000 rw-p 00000000 00:00 0 
7f15f83ec000-7f15f83f0000 ---p 00000000 00:00 0 
7f15f83f0000-7f15f84ed000 rw-p 00000000 00:00 0 
7f15f84ed000-7f15f84f1000 ---p 00000000 00:00 0 
7f15f84f1000-7f15f85ee000 rw-p 00000000 00:00 0 
7f15f85ee000-7f15f85ef000 ---p 00000000 00:00 0 
7f15f85ef000-7f15f8771000 rw-p 00000000 00:00 0 
7f15f8771000-7f15f8772000 ---p 00000000 00:00 0 
7f15f8772000-7f15f8873000 rw-p 00000000 00:00 0 
7f15f8873000-7f15f8874000 ---p 00000000 00:00 0 
7f15f8874000-7f15fb682000 rw-p 00000000 00:00 0 
7f15fb682000-7f15fb683000 ---p 00000000 00:00 0 
7f15fb683000-7f15fb784000 rw-p 00000000 00:00 0 
7f15fb784000-7f15fb785000 ---p 00000000 00:00 0 
7f15fb785000-7f15fc836000 rw-p 00000000 00:00 0 
7f15fc836000-7f160b276000 ---p 00000000 00:00 0 
7f160b276000-7f160c246000 rw-p 00000000 00:00 0 
7f160c246000-7f161ac86000 ---p 00000000 00:00 0 
7f161ac86000-7f161ae9c000 rw-p 00000000 00:00 0 
7f161ae9c000-7f161cbe4000 ---p 00000000 00:00 0 
7f161cbe4000-7f161cdde000 rw-p 00000000 00:00 0 
7f161cdde000-7f161eb26000 ---p 00000000 00:00 0 
7f161eb26000-7f161ed20000 rw-p 00000000 00:00 0 
7f161ed20000-7f1620a68000 ---p 00000000 00:00 0 
7f1620a68000-7f1620a6c000 rw-p 00000000 00:00 0 
7f1620a6c000-7f1620cdc000 rwxp 00000000 00:00 0 
7f1620cdc000-7f16211ad000 ---p 00000000 00:00 0 
7f16211ad000-7f162141d000 rwxp 00000000 00:00 0 
7f162141d000-7f162860c000 ---p 00000000 00:00 0 
7f162860c000-7f162887c000 rwxp 00000000 00:00 0 
7f162887c000-7f162fa6c000 ---p 00000000 00:00 0 
7f162fa6c000-7f1638000000 r--s 00000000 103:03 28188266                  /usr/lib/jvm/java-13-oracle/lib/modules
7f1638000000-7f16384b9000 rw-p 00000000 00:00 0 
7f16384b9000-7f163c000000 ---p 00000000 00:00 0 
7f163c009000-7f163c01a000 r-xp 00000000 103:03 28188106                  /usr/lib/jvm/java-13-oracle/lib/libnio.so
7f163c01a000-7f163c01b000 r--p 00010000 103:03 28188106                  /usr/lib/jvm/java-13-oracle/lib/libnio.so
7f163c01b000-7f163c01c000 rw-p 00011000 103:03 28188106                  /usr/lib/jvm/java-13-oracle/lib/libnio.so
7f163c01c000-7f163c0fa000 rw-p 00000000 00:00 0 
7f163c0fa000-7f163c0fb000 ---p 00000000 00:00 0 
7f163c0fb000-7f163d10b000 rw-p 00000000 00:00 0 
7f163d10b000-7f163d1ef000 ---p 00000000 00:00 0 
7f163d1ef000-7f163d1f4000 rw-p 00000000 00:00 0 
7f163d1f4000-7f163d2d8000 ---p 00000000 00:00 0 
7f163d2d8000-7f163d2dd000 rw-p 00000000 00:00 0 
7f163d2dd000-7f163d2e7000 ---p 00000000 00:00 0 
7f163d2e7000-7f163d302000 r-xp 00000000 103:03 28188073                  /usr/lib/jvm/java-13-oracle/lib/libjimage.so
7f163d302000-7f163d303000 ---p 0001b000 103:03 28188073                  /usr/lib/jvm/java-13-oracle/lib/libjimage.so
7f163d303000-7f163d305000 r--p 0001b000 103:03 28188073                  /usr/lib/jvm/java-13-oracle/lib/libjimage.so
7f163d305000-7f163d306000 rw-p 0001d000 103:03 28188073                  /usr/lib/jvm/java-13-oracle/lib/libjimage.so
7f163d306000-7f163d309000 r--p 00000000 103:03 28182088                  /usr/lib/x86_64-linux-gnu/libnss_files-2.30.so
7f163d309000-7f163d310000 r-xp 00003000 103:03 28182088                  /usr/lib/x86_64-linux-gnu/libnss_files-2.30.so
7f163d310000-7f163d312000 r--p 0000a000 103:03 28182088                  /usr/lib/x86_64-linux-gnu/libnss_files-2.30.so
7f163d312000-7f163d313000 r--p 0000b000 103:03 28182088                  /usr/lib/x86_64-linux-gnu/libnss_files-2.30.so
7f163d313000-7f163d314000 rw-p 0000c000 103:03 28182088                  /usr/lib/x86_64-linux-gnu/libnss_files-2.30.so
7f163d314000-7f163d31a000 rw-p 00000000 00:00 0 
7f163d320000-7f163d327000 r-xp 00000000 103:03 28188255                  /usr/lib/jvm/java-13-oracle/lib/libzip.so
7f163d327000-7f163d328000 r--p 00006000 103:03 28188255                  /usr/lib/jvm/java-13-oracle/lib/libzip.so
7f163d328000-7f163d329000 rw-p 00007000 103:03 28188255                  /usr/lib/jvm/java-13-oracle/lib/libzip.so
7f163d329000-7f163d331000 rw-s 00000000 103:03 3932272                   /tmp/hsperfdata_dimitarsh1/30328
7f163d331000-7f163d358000 r-xp 00000000 103:03 28188036                  /usr/lib/jvm/java-13-oracle/lib/libjava.so
7f163d358000-7f163d359000 r--p 00026000 103:03 28188036                  /usr/lib/jvm/java-13-oracle/lib/libjava.so
7f163d359000-7f163d35b000 rw-p 00027000 103:03 28188036                  /usr/lib/jvm/java-13-oracle/lib/libjava.so
7f163d35b000-7f163d35e000 r--p 00000000 103:03 28182095                  /usr/lib/x86_64-linux-gnu/librt-2.30.so
7f163d35e000-7f163d362000 r-xp 00003000 103:03 28182095                  /usr/lib/x86_64-linux-gnu/librt-2.30.so
7f163d362000-7f163d364000 r--p 00007000 103:03 28182095                  /usr/lib/x86_64-linux-gnu/librt-2.30.so
7f163d364000-7f163d365000 r--p 00008000 103:03 28182095                  /usr/lib/x86_64-linux-gnu/librt-2.30.so
7f163d365000-7f163d366000 rw-p 00009000 103:03 28182095                  /usr/lib/x86_64-linux-gnu/librt-2.30.so
7f163d366000-7f163d36a000 ---p 00000000 00:00 0 
7f163d36a000-7f163d467000 rw-p 00000000 00:00 0 
7f163d467000-7f163d476000 r--p 00000000 103:03 28182082                  /usr/lib/x86_64-linux-gnu/libm-2.30.so
7f163d476000-7f163d51d000 r-xp 0000f000 103:03 28182082                  /usr/lib/x86_64-linux-gnu/libm-2.30.so
7f163d51d000-7f163d5b4000 r--p 000b6000 103:03 28182082                  /usr/lib/x86_64-linux-gnu/libm-2.30.so
7f163d5b4000-7f163d5b5000 r--p 0014c000 103:03 28182082                  /usr/lib/x86_64-linux-gnu/libm-2.30.so
7f163d5b5000-7f163d5b6000 rw-p 0014d000 103:03 28182082                  /usr/lib/x86_64-linux-gnu/libm-2.30.so
7f163d5b6000-7f163e676000 r-xp 00000000 103:03 28188569                  /usr/lib/jvm/java-13-oracle/lib/server/libjvm.so
7f163e676000-7f163e677000 ---p 010c0000 103:03 28188569                  /usr/lib/jvm/java-13-oracle/lib/server/libjvm.so
7f163e677000-7f163e738000 r--p 010c0000 103:03 28188569                  /usr/lib/jvm/java-13-oracle/lib/server/libjvm.so
7f163e738000-7f163e772000 rw-p 01181000 103:03 28188569                  /usr/lib/jvm/java-13-oracle/lib/server/libjvm.so
7f163e772000-7f163e7f6000 rw-p 00000000 00:00 0 
7f163e7f6000-7f163e81b000 r--p 00000000 103:03 28182078                  /usr/lib/x86_64-linux-gnu/libc-2.30.so
7f163e81b000-7f163e993000 r-xp 00025000 103:03 28182078                  /usr/lib/x86_64-linux-gnu/libc-2.30.so
7f163e993000-7f163e9dd000 r--p 0019d000 103:03 28182078                  /usr/lib/x86_64-linux-gnu/libc-2.30.so
7f163e9dd000-7f163e9e0000 r--p 001e6000 103:03 28182078                  /usr/lib/x86_64-linux-gnu/libc-2.30.so
7f163e9e0000-7f163e9e3000 rw-p 001e9000 103:03 28182078                  /usr/lib/x86_64-linux-gnu/libc-2.30.so
7f163e9e3000-7f163e9e7000 rw-p 00000000 00:00 0 
7f163e9e7000-7f163e9e8000 r--p 00000000 103:03 28182081                  /usr/lib/x86_64-linux-gnu/libdl-2.30.so
7f163e9e8000-7f163e9ea000 r-xp 00001000 103:03 28182081                  /usr/lib/x86_64-linux-gnu/libdl-2.30.so
7f163e9ea000-7f163e9eb000 r--p 00003000 103:03 28182081                  /usr/lib/x86_64-linux-gnu/libdl-2.30.so
7f163e9eb000-7f163e9ec000 r--p 00003000 103:03 28182081                  /usr/lib/x86_64-linux-gnu/libdl-2.30.so
7f163e9ec000-7f163e9ed000 rw-p 00004000 103:03 28182081                  /usr/lib/x86_64-linux-gnu/libdl-2.30.so
7f163e9ed000-7f163e9f4000 r--p 00000000 103:03 28182093                  /usr/lib/x86_64-linux-gnu/libpthread-2.30.so
7f163e9f4000-7f163ea05000 r-xp 00007000 103:03 28182093                  /usr/lib/x86_64-linux-gnu/libpthread-2.30.so
7f163ea05000-7f163ea0a000 r--p 00018000 103:03 28182093                  /usr/lib/x86_64-linux-gnu/libpthread-2.30.so
7f163ea0a000-7f163ea0b000 r--p 0001c000 103:03 28182093                  /usr/lib/x86_64-linux-gnu/libpthread-2.30.so
7f163ea0b000-7f163ea0c000 rw-p 0001d000 103:03 28182093                  /usr/lib/x86_64-linux-gnu/libpthread-2.30.so
7f163ea0c000-7f163ea10000 rw-p 00000000 00:00 0 
7f163ea10000-7f163ea1f000 r-xp 00000000 103:03 28188092                  /usr/lib/jvm/java-13-oracle/lib/libjli.so
7f163ea1f000-7f163ea20000 r--p 0000e000 103:03 28188092                  /usr/lib/jvm/java-13-oracle/lib/libjli.so
7f163ea20000-7f163ea21000 rw-p 0000f000 103:03 28188092                  /usr/lib/jvm/java-13-oracle/lib/libjli.so
7f163ea21000-7f163ea23000 r--p 00000000 103:03 28181429                  /usr/lib/x86_64-linux-gnu/libz.so.1.2.11
7f163ea23000-7f163ea34000 r-xp 00002000 103:03 28181429                  /usr/lib/x86_64-linux-gnu/libz.so.1.2.11
7f163ea34000-7f163ea3a000 r--p 00013000 103:03 28181429                  /usr/lib/x86_64-linux-gnu/libz.so.1.2.11
7f163ea3a000-7f163ea3b000 ---p 00019000 103:03 28181429                  /usr/lib/x86_64-linux-gnu/libz.so.1.2.11
7f163ea3b000-7f163ea3c000 r--p 00019000 103:03 28181429                  /usr/lib/x86_64-linux-gnu/libz.so.1.2.11
7f163ea3c000-7f163ea3d000 rw-p 0001a000 103:03 28181429                  /usr/lib/x86_64-linux-gnu/libz.so.1.2.11
7f163ea42000-7f163ea43000 ---p 00000000 00:00 0 
7f163ea43000-7f163ea44000 r--p 00000000 00:00 0 
7f163ea44000-7f163ea51000 r-xp 00000000 103:03 28188251                  /usr/lib/jvm/java-13-oracle/lib/libverify.so
7f163ea51000-7f163ea53000 r--p 0000c000 103:03 28188251                  /usr/lib/jvm/java-13-oracle/lib/libverify.so
7f163ea53000-7f163ea54000 rw-p 0000e000 103:03 28188251                  /usr/lib/jvm/java-13-oracle/lib/libverify.so
7f163ea54000-7f163ea56000 rw-p 00000000 00:00 0 
7f163ea56000-7f163ea57000 r--p 00000000 103:03 28182074                  /usr/lib/x86_64-linux-gnu/ld-2.30.so
7f163ea57000-7f163ea79000 r-xp 00001000 103:03 28182074                  /usr/lib/x86_64-linux-gnu/ld-2.30.so
7f163ea79000-7f163ea81000 r--p 00023000 103:03 28182074                  /usr/lib/x86_64-linux-gnu/ld-2.30.so
7f163ea81000-7f163ea82000 ---p 00000000 00:00 0 
7f163ea82000-7f163ea83000 r--p 0002b000 103:03 28182074                  /usr/lib/x86_64-linux-gnu/ld-2.30.so
7f163ea83000-7f163ea84000 rw-p 0002c000 103:03 28182074                  /usr/lib/x86_64-linux-gnu/ld-2.30.so
7f163ea84000-7f163ea85000 rw-p 00000000 00:00 0 
7ffdee25f000-7ffdee280000 rw-p 00000000 00:00 0                          [stack]
7ffdee3d4000-7ffdee3d7000 r--p 00000000 00:00 0                          [vvar]
7ffdee3d7000-7ffdee3d8000 r-xp 00000000 00:00 0                          [vdso]
ffffffffff600000-ffffffffff601000 --xp 00000000 00:00 0                  [vsyscall]


VM Arguments:
jvm_args: -Dfile.encoding=UTF8 
java_command: multeval.MultEval eval --refs /media/barracuda4tb/dimitarsh1/Projects/BiasNMT/data/TEST-SETS/REF/en-fr-test.tok.ref.eval.tok --hyps-baseline /media/barracuda4tb/dimitarsh1/Projects/BiasNMT/data/TEST-SETS/HYP-TRANSLATIONS/test-en-fr-LSTM-BPE.out.final.eval.tok --metrics bleu ter --boot-samples 1000
java_class_path (initial): ./lib/tercom-0.8.0.jar:./lib/meteor-1.4/meteor-1.4.jar:./multeval-0.5.1.jar
Launcher Type: SUN_STANDARD

[Global flags]
     intx CICompilerCount                          = 12                                        {product} {ergonomic}
     uint ConcGCThreads                            = 3                                         {product} {ergonomic}
     uint G1ConcRefinementThreads                  = 13                                        {product} {ergonomic}
   size_t G1HeapRegionSize                         = 4194304                                   {product} {ergonomic}
    uintx GCDrainStackTargetSize                   = 64                                        {product} {ergonomic}
   size_t InitialHeapSize                          = 1052770304                                {product} {ergonomic}
   size_t MarkStackSize                            = 4194304                                   {product} {ergonomic}
   size_t MaxHeapSize                              = 16781410304                               {product} {ergonomic}
   size_t MaxNewSize                               = 10066329600                               {product} {ergonomic}
   size_t MinHeapDeltaBytes                        = 4194304                                   {product} {ergonomic}
   size_t MinHeapSize                              = 8388608                                   {product} {ergonomic}
    uintx NonNMethodCodeHeapSize                   = 7602480                                {pd product} {ergonomic}
    uintx NonProfiledCodeHeapSize                  = 122027880                              {pd product} {ergonomic}
    uintx ProfiledCodeHeapSize                     = 122027880                              {pd product} {ergonomic}
    uintx ReservedCodeCacheSize                    = 251658240                              {pd product} {ergonomic}
     bool SegmentedCodeCache                       = true                                      {product} {ergonomic}
   size_t SoftMaxHeapSize                          = 16781410304                            {manageable} {ergonomic}
     bool UseCompressedClassPointers               = true                                 {lp64_product} {ergonomic}
     bool UseCompressedOops                        = true                                 {lp64_product} {ergonomic}
     bool UseG1GC                                  = true                                      {product} {ergonomic}

Logging:
Log output configuration:
 #0: stdout all=warning uptime,level,tags
 #1: stderr all=off uptime,level,tags

Environment Variables:
PATH=/home/dimitarsh1/.local/bin:/home/dimitarsh1/anaconda3/bin:/home/dimitarsh1/anaconda3/condabin:/usr/local/sbin:/usr/local/bin:/usr/sbin:/usr/bin:/sbin:/bin:/usr/games:/usr/local/games:/snap/bin
SHELL=/bin/bash

Signal Handlers:
SIGSEGV: [libjvm.so+0xdc0200], sa_mask[0]=11111111011111111101111111111110, sa_flags=SA_RESTART|SA_SIGINFO
SIGBUS: [libjvm.so+0xdc0200], sa_mask[0]=11111111011111111101111111111110, sa_flags=SA_RESTART|SA_SIGINFO
SIGFPE: [libjvm.so+0xdc0200], sa_mask[0]=11111111011111111101111111111110, sa_flags=SA_RESTART|SA_SIGINFO
SIGPIPE: [libjvm.so+0xb9f710], sa_mask[0]=11111111011111111101111111111110, sa_flags=SA_RESTART|SA_SIGINFO
SIGXFSZ: [libjvm.so+0xb9f710], sa_mask[0]=11111111011111111101111111111110, sa_flags=SA_RESTART|SA_SIGINFO
SIGILL: [libjvm.so+0xdc0200], sa_mask[0]=11111111011111111101111111111110, sa_flags=SA_RESTART|SA_SIGINFO
SIGUSR2: [libjvm.so+0xb9f5a0], sa_mask[0]=00000000000000000000000000000000, sa_flags=SA_RESTART|SA_SIGINFO
SIGHUP: [libjvm.so+0xb9fd10], sa_mask[0]=11111111011111111101111111111110, sa_flags=SA_RESTART|SA_SIGINFO
SIGINT: [libjvm.so+0xb9fd10], sa_mask[0]=11111111011111111101111111111110, sa_flags=SA_RESTART|SA_SIGINFO
SIGTERM: [libjvm.so+0xb9fd10], sa_mask[0]=11111111011111111101111111111110, sa_flags=SA_RESTART|SA_SIGINFO
SIGQUIT: [libjvm.so+0xb9fd10], sa_mask[0]=11111111011111111101111111111110, sa_flags=SA_RESTART|SA_SIGINFO


---------------  S Y S T E M  ---------------

OS:DISTRIB_ID=Ubuntu
DISTRIB_RELEASE=19.10
DISTRIB_CODENAME=eoan
DISTRIB_DESCRIPTION="Ubuntu 19.10"
uname:Linux 5.3.0-29-generic #31-Ubuntu SMP Fri Jan 17 17:27:26 UTC 2020 x86_64
libc:glibc 2.30 NPTL 2.30 
rlimit: STACK 8192k, CORE 0k, NPROC 255800, NOFILE 1048576, AS infinity, DATA infinity, FSIZE infinity
load average:0,99 2,49 5,44

/proc/meminfo:
MemTotal:       65539772 kB
MemFree:        19203212 kB
MemAvailable:   62132152 kB
Buffers:          472820 kB
Cached:         41823380 kB
SwapCached:        13396 kB
Active:         13886776 kB
Inactive:       30319516 kB
Active(anon):    1115420 kB
Inactive(anon):   911616 kB
Active(file):   12771356 kB
Inactive(file): 29407900 kB
Unevictable:          16 kB
Mlocked:              16 kB
SwapTotal:       4001788 kB
SwapFree:        3837692 kB
Dirty:               100 kB
Writeback:             0 kB
AnonPages:       1904188 kB
Mapped:           463456 kB
Shmem:            116952 kB
KReclaimable:    1481584 kB
Slab:            1844288 kB
SReclaimable:    1481584 kB
SUnreclaim:       362704 kB
KernelStack:       17416 kB
PageTables:        27004 kB
NFS_Unstable:          0 kB
Bounce:                0 kB
WritebackTmp:          0 kB
CommitLimit:    36771672 kB
Committed_AS:    8152664 kB
VmallocTotal:   34359738367 kB
VmallocUsed:       71668 kB
VmallocChunk:          0 kB
Percpu:            15616 kB
HardwareCorrupted:     0 kB
AnonHugePages:         0 kB
ShmemHugePages:        0 kB
ShmemPmdMapped:        0 kB
CmaTotal:              0 kB
CmaFree:               0 kB
HugePages_Total:       0
HugePages_Free:        0
HugePages_Rsvd:        0
HugePages_Surp:        0
Hugepagesize:       2048 kB
Hugetlb:               0 kB
DirectMap4k:     6570468 kB
DirectMap2M:    60207104 kB
DirectMap1G:           0 kB


/proc/sys/kernel/threads-max (system-wide limit on the number of threads):
511600


/proc/sys/vm/max_map_count (maximum number of memory map areas a process may have):
65530


/proc/sys/kernel/pid_max (system-wide limit on number of process identifiers):
32768



container (cgroup) information:
container_type: cgroupv1
cpu_cpuset_cpus: 0-15
cpu_memory_nodes: 0
active_processor_count: 16
cpu_quota: no quota
cpu_period: 100000
cpu_shares: no shares
memory_limit_in_bytes: unlimited
memory_and_swap_limit_in_bytes: not supported
memory_soft_limit_in_bytes: unlimited
memory_usage_in_bytes: 1072406528
memory_max_usage_in_bytes: 6111748096

Steal ticks since vm start: 0
Steal ticks percentage since vm start:  0,000

CPU:total 16 (initial active 16) (8 cores per cpu, 2 threads per core) family 6 model 85 stepping 4, cmov, cx8, fxsr, mmx, sse, sse2, sse3, ssse3, sse4.1, sse4.2, popcnt, avx, avx2, aes, clmul, erms, rtm, 3dnowpref, lzcnt, ht, tsc, tscinvbit, bmi1, bmi2, adx, evex, fma
CPU Model and flags from /proc/cpuinfo:
model name	: Intel(R) Core(TM) i7-7820X CPU @ 3.60GHz
flags		: fpu vme de pse tsc msr pae mce cx8 apic sep mtrr pge mca cmov pat pse36 clflush dts acpi mmx fxsr sse sse2 ss ht tm pbe syscall nx pdpe1gb rdtscp lm constant_tsc art arch_perfmon pebs bts rep_good nopl xtopology nonstop_tsc cpuid aperfmperf pni pclmulqdq dtes64 monitor ds_cpl vmx est tm2 ssse3 sdbg fma cx16 xtpr pdcm pcid dca sse4_1 sse4_2 x2apic movbe popcnt tsc_deadline_timer aes xsave avx f16c rdrand lahf_lm abm 3dnowprefetch cpuid_fault epb cat_l3 cdp_l3 invpcid_single pti ssbd mba ibrs ibpb stibp tpr_shadow vnmi flexpriority ept vpid ept_ad fsgsbase tsc_adjust bmi1 hle avx2 smep bmi2 erms invpcid rtm cqm mpx rdt_a avx512f avx512dq rdseed adx smap clflushopt clwb intel_pt avx512cd avx512bw avx512vl xsaveopt xsavec xgetbv1 xsaves cqm_llc cqm_occup_llc cqm_mbm_total cqm_mbm_local dtherm ida arat pln pts hwp hwp_act_window hwp_epp hwp_pkg_req md_clear flush_l1d

Memory: 4k page, physical 65539772k(19203212k free), swap 4001788k(3837692k free)

vm_info: Java HotSpot(TM) 64-Bit Server VM (13.0.2+8) for linux-amd64 JRE (13.0.2+8), built on Dec 11 2019 09:23:46 by "mach5one" with gcc 8.2.0

END.
