#
# A fatal error has been detected by the Java Runtime Environment:
#
#  SIGSEGV (0xb) at pc=0x00007f8f7dd02748, pid=16242, tid=16276
#
# JRE version: Java(TM) SE Runtime Environment (13.0.2+8) (build 13.0.2+8)
# Java VM: Java HotSpot(TM) 64-Bit Server VM (13.0.2+8, mixed mode, sharing, tiered, compressed oops, g1 gc, linux-amd64)
# Problematic frame:
# V  [libjvm.so+0x755748]  G1ParScanThreadState::copy_to_survivor_space(G1HeapRegionAttr, oopDesc*, markOopDesc*)+0x48
#
# Core dump will be written. Default location: Core dumps may be processed with "/usr/share/apport/apport %p %s %c %d %P" (or dumping to /media/barracuda4tb/dimitarsh1/Projects/BiasNMT/external/NMT/MTTools/multeval/core.16242)
#
# If you would like to submit a bug report, please visit:
#   http://bugreport.java.com/bugreport/crash.jsp
#

---------------  S U M M A R Y ------------

Command Line: -Dfile.encoding=UTF8 multeval.MultEval eval --refs /media/barracuda4tb/dimitarsh1/Projects/BiasNMT/data/TEST-SETS/REF/en-fr-test.tok.ref.eval.tok --hyps-baseline /media/barracuda4tb/dimitarsh1/Projects/BiasNMT/data/TEST-SETS/HYP-TRANSLATIONS/en-fr-SMT-testdata-no-unknown.out.eval.tok --metrics bleu ter --boot-samples 1000

Host: Intel(R) Core(TM) i7-7820X CPU @ 3.60GHz, 16 cores, 62G, Ubuntu 19.10
Time: Sat Feb 29 22:44:19 2020 WET elapsed time: 0 seconds (0d 0h 0m 0s)

---------------  T H R E A D  ---------------

Current thread (0x00007f8f1c00f800):  GCTaskThread "GC Thread#11" [stack: 0x00007f8f219a4000,0x00007f8f21aa4000] [id=16276]

Stack: [0x00007f8f219a4000,0x00007f8f21aa4000],  sp=0x00007f8f21aa2b10,  free space=1018k
Native frames: (J=compiled Java code, A=aot compiled Java code, j=interpreted, Vv=VM code, C=native code)
V  [libjvm.so+0x755748]  G1ParScanThreadState::copy_to_survivor_space(G1HeapRegionAttr, oopDesc*, markOopDesc*)+0x48
V  [libjvm.so+0x75642b]  G1ParScanThreadState::trim_queue()+0x40b
V  [libjvm.so+0x7116b8]  G1ParEvacuateFollowersClosure::do_void()+0x358
V  [libjvm.so+0x717d72]  G1EvacuateRegionsTask::evacuate_live_objects(G1ParScanThreadState*, unsigned int)+0x82
V  [libjvm.so+0x7135ee]  G1EvacuateRegionsBaseTask::work(unsigned int)+0xae
V  [libjvm.so+0xdea5fd]  GangWorker::loop()+0x4d
V  [libjvm.so+0xd5637d]  Thread::call_run()+0x10d
V  [libjvm.so+0xba8b37]  thread_native_entry(Thread*)+0xe7


siginfo: si_signo: 11 (SIGSEGV), si_code: 1 (SEGV_MAPERR), si_addr: 0x0000000c19170d20

Register to memory mapping:

RAX=0x0000000000000001 is an unknown value
RBX=0x0000000000000001 is an unknown value
RCX=0x0000000000000003 is an unknown value
RDX=0x00007f8f7e734190: <offset 0x0000000001187190> in /usr/lib/jvm/java-13-oracle/lib/server/libjvm.so at 0x00007f8f7d5ad000
RSP=0x00007f8f21aa2b10 points into unknown readable memory: 90 2b aa 21 8f 7f 00 00
RBP=0x00007f8f21aa2b80 points into unknown readable memory: f0 2b aa 21 8f 7f 00 00
RSI=0x0000000000000001 is an unknown value
RDI=0x0000000c19170d18 is an unknown value
R8 =0x0 is NULL
R9 =0x0000000000000001 is an unknown value
R10=0x00007f8f7806e1e0 points into unknown readable memory: 01 00 01 00 01 00 01 00
R11=0x0 is NULL
R12=0x00007f8eac000be0 points into unknown readable memory: e8 98 67 7e 8f 7f 00 00
R13=0x0000000453c7c838 is pointing into object: [Ljava.lang.Object; 
{0x0000000453c14d78} - klass: 'java/lang/Object'[]
 - length: 160065
R14=0x8322e1b88322e1e5 is an unknown value
R15=0x00007f8eac000be0 points into unknown readable memory: e8 98 67 7e 8f 7f 00 00


Registers:
RAX=0x0000000000000001, RBX=0x0000000000000001, RCX=0x0000000000000003, RDX=0x00007f8f7e734190
RSP=0x00007f8f21aa2b10, RBP=0x00007f8f21aa2b80, RSI=0x0000000000000001, RDI=0x0000000c19170d18
R8 =0x0000000000000000, R9 =0x0000000000000001, R10=0x00007f8f7806e1e0, R11=0x0000000000000000
R12=0x00007f8eac000be0, R13=0x0000000453c7c838, R14=0x8322e1b88322e1e5, R15=0x00007f8eac000be0
RIP=0x00007f8f7dd02748, EFLAGS=0x0000000000010206, CSGSFS=0x002b000000000033, ERR=0x0000000000000004
  TRAPNO=0x000000000000000e

Top of Stack: (sp=0x00007f8f21aa2b10)
0x00007f8f21aa2b10:   00007f8f21aa2b90 0000000000006b43
0x00007f8f21aa2b20:   0000000100000005 0000000400000001
0x00007f8f21aa2b30:   0000000000000003 0000000800300000
0x00007f8f21aa2b40:   000000000010272f 0000000419937c40 

Instructions: (pc=0x00007f8f7dd02748)
0x00007f8f7dd02648:   3c 01 00 00 4d 8b 7e 50 4c 89 4d c0 48 89 4d c8
0x00007f8f7dd02658:   e8 53 46 08 00 4c 8b 4d c0 48 8b 4d c8 4d 89 f8
0x00007f8f7dd02668:   48 89 c2 48 8d 35 26 eb 6f 00 48 8d 3d 0f c6 73
0x00007f8f7dd02678:   00 31 c0 e8 90 14 fa ff 49 8b 7d 08 41 8b b5 90
0x00007f8f7dd02688:   01 00 00 4c 89 e1 48 89 da e8 1a 40 fb ff 41 8b
0x00007f8f7dd02698:   86 3c 01 00 00 49 8d bd 68 01 00 00 d1 e8 83 e0
0x00007f8f7dd026a8:   01 41 89 85 88 01 00 00 48 8d 05 8d 63 a9 00 80
0x00007f8f7dd026b8:   38 00 74 3c 48 8d 05 cd 1a a3 00 8b 53 08 8b 48
0x00007f8f7dd026c8:   08 48 d3 e2 48 03 10 48 63 4a 0c 48 8d 05 66 53
0x00007f8f7dd026d8:   a9 00 48 89 de ff 14 c8 48 83 c4 18 48 89 d8 5b
0x00007f8f7dd026e8:   41 5c 41 5d 41 5e 41 5f 5d c3 66 0f 1f 44 00 00
0x00007f8f7dd026f8:   48 8b 53 08 eb d1 66 90 55 48 89 e5 41 57 41 56
0x00007f8f7dd02708:   49 89 ce 41 55 49 89 d5 41 54 49 89 fc 53 89 f3
0x00007f8f7dd02718:   0f be c7 48 83 ec 48 66 89 45 b8 48 8d 05 1a 63
0x00007f8f7dd02728:   a9 00 0f b6 00 84 c0 0f 84 7b 04 00 00 8b 7a 08
0x00007f8f7dd02738:   48 8d 15 51 1a a3 00 8b 4a 08 48 d3 e7 48 03 3a
0x00007f8f7dd02748:   8b 4f 08 85 c9 0f 8e 15 04 00 00 f6 c1 01 0f 84
0x00007f8f7dd02758:   64 02 00 00 48 8b 07 4c 89 ee ff 90 00 01 00 00
0x00007f8f7dd02768:   89 45 b0 49 8b 44 24 08 4c 89 ea 4c 63 55 b0 48
0x00007f8f7dd02778:   8b 80 f8 00 00 00 8b 48 68 48 8b 40 58 48 d3 ea
0x00007f8f7dd02788:   80 7d b8 00 48 8b 04 d0 8b 80 7c 01 00 00 89 45
0x00007f8f7dd02798:   a4 0f 84 11 01 00 00 c7 45 a8 00 00 00 00 48 0f
0x00007f8f7dd027a8:   be 45 b8 45 31 db 41 80 bc 24 c0 01 00 00 00 49
0x00007f8f7dd027b8:   8d 84 44 60 01 00 00 44 0f b6 78 01 44 8a 18 74
0x00007f8f7dd027c8:   0a 41 80 ff 01 0f 84 5d 05 00 00 49 8b 7c 24 58
0x00007f8f7dd027d8:   49 0f be c7 48 8b 8c c7 10 01 00 00 8b 87 20 01
0x00007f8f7dd027e8:   00 00 49 89 f8 85 c0 74 09 45 84 ff 0f 84 02 01
0x00007f8f7dd027f8:   00 00 48 8b 59 30 48 8b 41 38 48 29 d8 48 c1 e8
0x00007f8f7dd02808:   03 49 39 c2 0f 87 c6 04 00 00 4a 8d 04 d3 48 89
0x00007f8f7dd02818:   41 30 48 85 db 0f 84 ad 04 00 00 48 8d 05 de 25
0x00007f8f7dd02828:   a3 00 48 8b 00 0f 18 0c 03 48 89 da 4c 89 f0 48
0x00007f8f7dd02838:   83 ca 03 f0 49 0f b1 55 00 49 39 c6 0f 84 86 01 


Stack slot to memory mapping:
stack at sp + 0 slots: 0x00007f8f21aa2b90 points into unknown readable memory: b0 2b aa 21 01 00 00 00
stack at sp + 1 slots: 0x0000000000006b43 is an unknown value
stack at sp + 2 slots: 0x0000000100000005 is an unknown value
stack at sp + 3 slots: 0x0000000400000001 is an unknown value
stack at sp + 4 slots: 0x0000000000000003 is an unknown value
stack at sp + 5 slots: 0x0000000800300000 is pointing into metadata
stack at sp + 6 slots: 0x000000000010272f is an unknown value
stack at sp + 7 slots: 0x0000000419937c40 is an oop: java.lang.String 
{0x0000000419937c40} - klass: 'java/lang/String'


---------------  P R O C E S S  ---------------

Threads class SMR info:
_java_thread_list=0x00007f8ee0052390, length=15, elements={
0x00007f8f78018800, 0x00007f8f7827a800, 0x00007f8f7827c800, 0x00007f8f78282800,
0x00007f8f78285000, 0x00007f8f78286800, 0x00007f8f78288800, 0x00007f8f04055000,
0x00007f8f100d6000, 0x00007f8f782b9800, 0x00007f8f782be000, 0x00007f8f0409b800,
0x00007f8f0409d000, 0x00007f8f100f9000, 0x00007f8ee4002800
}

Java Threads: ( => current thread )
  0x00007f8f78018800 JavaThread "main" [_thread_blocked, id=16243, stack(0x00007f8f7d35d000,0x00007f8f7d45e000)]
  0x00007f8f7827a800 JavaThread "Reference Handler" daemon [_thread_blocked, id=16250, stack(0x00007f8f384ed000,0x00007f8f385ee000)]
  0x00007f8f7827c800 JavaThread "Finalizer" daemon [_thread_blocked, id=16251, stack(0x00007f8f383ec000,0x00007f8f384ed000)]
  0x00007f8f78282800 JavaThread "Signal Dispatcher" daemon [_thread_blocked, id=16252, stack(0x00007f8f382eb000,0x00007f8f383ec000)]
  0x00007f8f78285000 JavaThread "C2 CompilerThread0" daemon [_thread_blocked, id=16253, stack(0x00007f8f381ea000,0x00007f8f382eb000)]
  0x00007f8f78286800 JavaThread "C1 CompilerThread0" daemon [_thread_blocked, id=16254, stack(0x00007f8f380e9000,0x00007f8f381ea000)]
  0x00007f8f78288800 JavaThread "Sweeper thread" daemon [_thread_blocked, id=16255, stack(0x00007f8f22ec3000,0x00007f8f22fc4000)]
  0x00007f8f04055000 JavaThread "C1 CompilerThread1" daemon [_thread_blocked, id=16256, stack(0x00007f8f22dc2000,0x00007f8f22ec3000)]
  0x00007f8f100d6000 JavaThread "C1 CompilerThread2" daemon [_thread_blocked, id=16257, stack(0x00007f8f22cc1000,0x00007f8f22dc2000)]
  0x00007f8f782b9800 JavaThread "Service Thread" daemon [_thread_blocked, id=16258, stack(0x00007f8f22bc0000,0x00007f8f22cc1000)]
  0x00007f8f782be000 JavaThread "Common-Cleaner" daemon [_thread_blocked, id=16260, stack(0x00007f8f229bd000,0x00007f8f22abe000)]
  0x00007f8f0409b800 JavaThread "C2 CompilerThread1" daemon [_thread_blocked, id=16261, stack(0x00007f8f228bc000,0x00007f8f229bd000)]
  0x00007f8f0409d000 JavaThread "C2 CompilerThread2" daemon [_thread_blocked, id=16262, stack(0x00007f8f227bb000,0x00007f8f228bc000)]
  0x00007f8f100f9000 JavaThread "C2 CompilerThread3" daemon [_thread_blocked, id=16263, stack(0x00007f8f226ba000,0x00007f8f227bb000)]
  0x00007f8ee4002800 JavaThread "C2 CompilerThread4" daemon [_thread_blocked, id=16264, stack(0x00007f8f225b9000,0x00007f8f226ba000)]

Other Threads:
  0x00007f8f78277800 VMThread "VM Thread" [stack: 0x00007f8f385f0000,0x00007f8f386f0000] [id=16249]
  0x00007f8f782bb800 WatcherThread [stack: 0x00007f8f22ac0000,0x00007f8f22bc0000] [id=16259]
  0x00007f8f78071800 GCTaskThread "GC Thread#0" [stack: 0x00007f8f7c0f3000,0x00007f8f7c1f3000] [id=16244]
  0x00007f8f1c001000 GCTaskThread "GC Thread#1" [stack: 0x00007f8f223b8000,0x00007f8f224b8000] [id=16266]
  0x00007f8f1c002800 GCTaskThread "GC Thread#2" [stack: 0x00007f8f222b6000,0x00007f8f223b6000] [id=16267]
  0x00007f8f1c004000 GCTaskThread "GC Thread#3" [stack: 0x00007f8f221b4000,0x00007f8f222b4000] [id=16268]
  0x00007f8f1c005800 GCTaskThread "GC Thread#4" [stack: 0x00007f8f220b2000,0x00007f8f221b2000] [id=16269]
  0x00007f8f1c007000 GCTaskThread "GC Thread#5" [stack: 0x00007f8f21fb0000,0x00007f8f220b0000] [id=16270]
  0x00007f8f1c008800 GCTaskThread "GC Thread#6" [stack: 0x00007f8f21eae000,0x00007f8f21fae000] [id=16271]
  0x00007f8f1c00a000 GCTaskThread "GC Thread#7" [stack: 0x00007f8f21dac000,0x00007f8f21eac000] [id=16272]
  0x00007f8f1c00b000 GCTaskThread "GC Thread#8" [stack: 0x00007f8f21caa000,0x00007f8f21daa000] [id=16273]
  0x00007f8f1c00c800 GCTaskThread "GC Thread#9" [stack: 0x00007f8f21ba8000,0x00007f8f21ca8000] [id=16274]
  0x00007f8f1c00e000 GCTaskThread "GC Thread#10" [stack: 0x00007f8f21aa6000,0x00007f8f21ba6000] [id=16275]
=>0x00007f8f1c00f800 GCTaskThread "GC Thread#11" [stack: 0x00007f8f219a4000,0x00007f8f21aa4000] [id=16276]
  0x00007f8f1c011000 GCTaskThread "GC Thread#12" [stack: 0x00007f8f218a2000,0x00007f8f219a2000] [id=16277]
  0x00007f8f78093000 ConcurrentGCThread "G1 Main Marker" [stack: 0x00007f8f3b786000,0x00007f8f3b886000] [id=16245]
  0x00007f8f78094800 ConcurrentGCThread "G1 Conc#0" [stack: 0x00007f8f3b684000,0x00007f8f3b784000] [id=16246]
  0x00007f8f78238000 ConcurrentGCThread "G1 Refine#0" [stack: 0x00007f8f38875000,0x00007f8f38975000] [id=16247]
  0x00007f8f78239800 ConcurrentGCThread "G1 Young RemSet Sampling" [stack: 0x00007f8f38773000,0x00007f8f38873000] [id=16248]

Threads with active compile tasks:

VM state:at safepoint (normal execution)

VM Mutex/Monitor currently owned by a thread:  ([mutex/lock_event])
[0x00007f8f780144c0] Threads_lock - owner thread: 0x00007f8f78277800
[0x00007f8f780150c0] Heap_lock - owner thread: 0x00007f8f78018800

Heap address: 0x0000000417c00000, size: 16004 MB, Compressed Oops mode: Zero based, Oop shift amount: 3
Narrow klass base: 0x0000000800000000, Narrow klass shift: 3
Compressed class space size: 1073741824 Address: 0x0000000800aed000

Heap:
 garbage-first heap   total 1036288K, used 80194K [0x0000000417c00000, 0x0000000800000000)
  region size 4096K, 12 young (49152K), 2 survivors (8192K)
 Metaspace       used 1872K, capacity 5238K, committed 5504K, reserved 1056768K
  class space    used 206K, capacity 509K, committed 640K, reserved 1048576K
Heap Regions: E=young(eden), S=young(survivor), O=old, HS=humongous(starts), HC=humongous(continues), CS=collection set, F=free, A=archive, TAMS=top-at-mark-start (previous, next)
|   0|0x0000000417c00000, 0x0000000418000000, 0x0000000418000000|100%| O|  |TAMS 0x0000000417c00000, 0x0000000417c00000| Untracked 
|   1|0x0000000418000000, 0x0000000418400000, 0x0000000418400000|100%| O|  |TAMS 0x0000000418000000, 0x0000000418000000| Untracked 
|   2|0x0000000418400000, 0x0000000418800000, 0x0000000418800000|100%| O|  |TAMS 0x0000000418400000, 0x0000000418400000| Untracked 
|   3|0x0000000418800000, 0x0000000418c00000, 0x0000000418c00000|100%| O|  |TAMS 0x0000000418800000, 0x0000000418800000| Untracked 
|   4|0x0000000418c00000, 0x0000000419000000, 0x0000000419000000|100%| O|  |TAMS 0x0000000418c00000, 0x0000000418c00000| Untracked 
|   5|0x0000000419000000, 0x0000000419400000, 0x0000000419400000|100%| O|  |TAMS 0x0000000419000000, 0x0000000419000000| Untracked 
|   6|0x0000000419400000, 0x0000000419800000, 0x0000000419800000|100%| O|  |TAMS 0x0000000419400000, 0x0000000419400000| Untracked 
|   7|0x0000000419800000, 0x0000000419c00000, 0x0000000419c00000|100%| O|  |TAMS 0x0000000419800000, 0x0000000419800000| Untracked 
|   8|0x0000000419c00000, 0x000000041a000000, 0x000000041a000000|100%| O|  |TAMS 0x0000000419c00000, 0x0000000419c00000| Untracked 
|   9|0x000000041a000000, 0x000000041a400000, 0x000000041a400000|100%| O|  |TAMS 0x000000041a000000, 0x000000041a000000| Untracked 
|  10|0x000000041a400000, 0x000000041a7c55b0, 0x000000041a800000| 94%| O|  |TAMS 0x000000041a400000, 0x000000041a400000| Untracked 
|  11|0x000000041a800000, 0x000000041a800000, 0x000000041ac00000|  0%| F|  |TAMS 0x000000041a800000, 0x000000041a800000| Untracked 
|  12|0x000000041ac00000, 0x000000041ac00000, 0x000000041b000000|  0%| F|  |TAMS 0x000000041ac00000, 0x000000041ac00000| Untracked 
|  13|0x000000041b000000, 0x000000041b000000, 0x000000041b400000|  0%| F|  |TAMS 0x000000041b000000, 0x000000041b000000| Untracked 
|  14|0x000000041b400000, 0x000000041b400000, 0x000000041b800000|  0%| F|  |TAMS 0x000000041b400000, 0x000000041b400000| Untracked 
|  15|0x000000041b800000, 0x000000041b800000, 0x000000041bc00000|  0%| F|  |TAMS 0x000000041b800000, 0x000000041b800000| Untracked 
|  16|0x000000041bc00000, 0x000000041bc00000, 0x000000041c000000|  0%| F|  |TAMS 0x000000041bc00000, 0x000000041bc00000| Untracked 
|  17|0x000000041c000000, 0x000000041c000000, 0x000000041c400000|  0%| F|  |TAMS 0x000000041c000000, 0x000000041c000000| Untracked 
|  18|0x000000041c400000, 0x000000041c400000, 0x000000041c800000|  0%| F|  |TAMS 0x000000041c400000, 0x000000041c400000| Untracked 
|  19|0x000000041c800000, 0x000000041c800000, 0x000000041cc00000|  0%| F|  |TAMS 0x000000041c800000, 0x000000041c800000| Untracked 
|  20|0x000000041cc00000, 0x000000041cc00000, 0x000000041d000000|  0%| F|  |TAMS 0x000000041cc00000, 0x000000041cc00000| Untracked 
|  21|0x000000041d000000, 0x000000041d000000, 0x000000041d400000|  0%| F|  |TAMS 0x000000041d000000, 0x000000041d000000| Untracked 
|  22|0x000000041d400000, 0x000000041d400000, 0x000000041d800000|  0%| F|  |TAMS 0x000000041d400000, 0x000000041d400000| Untracked 
|  23|0x000000041d800000, 0x000000041d800000, 0x000000041dc00000|  0%| F|  |TAMS 0x000000041d800000, 0x000000041d800000| Untracked 
|  24|0x000000041dc00000, 0x000000041dc00000, 0x000000041e000000|  0%| F|  |TAMS 0x000000041dc00000, 0x000000041dc00000| Untracked 
|  25|0x000000041e000000, 0x000000041e000000, 0x000000041e400000|  0%| F|  |TAMS 0x000000041e000000, 0x000000041e000000| Untracked 
|  26|0x000000041e400000, 0x000000041e400000, 0x000000041e800000|  0%| F|  |TAMS 0x000000041e400000, 0x000000041e400000| Untracked 
|  27|0x000000041e800000, 0x000000041e800000, 0x000000041ec00000|  0%| F|  |TAMS 0x000000041e800000, 0x000000041e800000| Untracked 
|  28|0x000000041ec00000, 0x000000041ec00000, 0x000000041f000000|  0%| F|  |TAMS 0x000000041ec00000, 0x000000041ec00000| Untracked 
|  29|0x000000041f000000, 0x000000041f000000, 0x000000041f400000|  0%| F|  |TAMS 0x000000041f000000, 0x000000041f000000| Untracked 
|  30|0x000000041f400000, 0x000000041f400000, 0x000000041f800000|  0%| F|  |TAMS 0x000000041f400000, 0x000000041f400000| Untracked 
|  31|0x000000041f800000, 0x000000041f800000, 0x000000041fc00000|  0%| F|  |TAMS 0x000000041f800000, 0x000000041f800000| Untracked 
|  32|0x000000041fc00000, 0x000000041fc00000, 0x0000000420000000|  0%| F|  |TAMS 0x000000041fc00000, 0x000000041fc00000| Untracked 
|  33|0x0000000420000000, 0x0000000420000000, 0x0000000420400000|  0%| F|  |TAMS 0x0000000420000000, 0x0000000420000000| Untracked 
|  34|0x0000000420400000, 0x0000000420400000, 0x0000000420800000|  0%| F|  |TAMS 0x0000000420400000, 0x0000000420400000| Untracked 
|  35|0x0000000420800000, 0x0000000420800000, 0x0000000420c00000|  0%| F|  |TAMS 0x0000000420800000, 0x0000000420800000| Untracked 
|  36|0x0000000420c00000, 0x0000000420c00000, 0x0000000421000000|  0%| F|  |TAMS 0x0000000420c00000, 0x0000000420c00000| Untracked 
|  37|0x0000000421000000, 0x0000000421000000, 0x0000000421400000|  0%| F|  |TAMS 0x0000000421000000, 0x0000000421000000| Untracked 
|  38|0x0000000421400000, 0x0000000421400000, 0x0000000421800000|  0%| F|  |TAMS 0x0000000421400000, 0x0000000421400000| Untracked 
|  39|0x0000000421800000, 0x0000000421800000, 0x0000000421c00000|  0%| F|  |TAMS 0x0000000421800000, 0x0000000421800000| Untracked 
|  40|0x0000000421c00000, 0x0000000421c00000, 0x0000000422000000|  0%| F|  |TAMS 0x0000000421c00000, 0x0000000421c00000| Untracked 
|  41|0x0000000422000000, 0x0000000422000000, 0x0000000422400000|  0%| F|  |TAMS 0x0000000422000000, 0x0000000422000000| Untracked 
|  42|0x0000000422400000, 0x0000000422400000, 0x0000000422800000|  0%| F|  |TAMS 0x0000000422400000, 0x0000000422400000| Untracked 
|  43|0x0000000422800000, 0x0000000422800000, 0x0000000422c00000|  0%| F|  |TAMS 0x0000000422800000, 0x0000000422800000| Untracked 
|  44|0x0000000422c00000, 0x0000000422c00000, 0x0000000423000000|  0%| F|  |TAMS 0x0000000422c00000, 0x0000000422c00000| Untracked 
|  45|0x0000000423000000, 0x0000000423000000, 0x0000000423400000|  0%| F|  |TAMS 0x0000000423000000, 0x0000000423000000| Untracked 
|  46|0x0000000423400000, 0x0000000423400000, 0x0000000423800000|  0%| F|  |TAMS 0x0000000423400000, 0x0000000423400000| Untracked 
|  47|0x0000000423800000, 0x0000000423800000, 0x0000000423c00000|  0%| F|  |TAMS 0x0000000423800000, 0x0000000423800000| Untracked 
|  48|0x0000000423c00000, 0x0000000423c00000, 0x0000000424000000|  0%| F|  |TAMS 0x0000000423c00000, 0x0000000423c00000| Untracked 
|  49|0x0000000424000000, 0x0000000424000000, 0x0000000424400000|  0%| F|  |TAMS 0x0000000424000000, 0x0000000424000000| Untracked 
|  50|0x0000000424400000, 0x0000000424400000, 0x0000000424800000|  0%| F|  |TAMS 0x0000000424400000, 0x0000000424400000| Untracked 
|  51|0x0000000424800000, 0x0000000424800000, 0x0000000424c00000|  0%| F|  |TAMS 0x0000000424800000, 0x0000000424800000| Untracked 
|  52|0x0000000424c00000, 0x0000000424c00000, 0x0000000425000000|  0%| F|  |TAMS 0x0000000424c00000, 0x0000000424c00000| Untracked 
|  53|0x0000000425000000, 0x0000000425000000, 0x0000000425400000|  0%| F|  |TAMS 0x0000000425000000, 0x0000000425000000| Untracked 
|  54|0x0000000425400000, 0x0000000425400000, 0x0000000425800000|  0%| F|  |TAMS 0x0000000425400000, 0x0000000425400000| Untracked 
|  55|0x0000000425800000, 0x0000000425800000, 0x0000000425c00000|  0%| F|  |TAMS 0x0000000425800000, 0x0000000425800000| Untracked 
|  56|0x0000000425c00000, 0x0000000425c00000, 0x0000000426000000|  0%| F|  |TAMS 0x0000000425c00000, 0x0000000425c00000| Untracked 
|  57|0x0000000426000000, 0x0000000426000000, 0x0000000426400000|  0%| F|  |TAMS 0x0000000426000000, 0x0000000426000000| Untracked 
|  58|0x0000000426400000, 0x0000000426400000, 0x0000000426800000|  0%| F|  |TAMS 0x0000000426400000, 0x0000000426400000| Untracked 
|  59|0x0000000426800000, 0x0000000426800000, 0x0000000426c00000|  0%| F|  |TAMS 0x0000000426800000, 0x0000000426800000| Untracked 
|  60|0x0000000426c00000, 0x0000000426c00000, 0x0000000427000000|  0%| F|  |TAMS 0x0000000426c00000, 0x0000000426c00000| Untracked 
|  61|0x0000000427000000, 0x0000000427000000, 0x0000000427400000|  0%| F|  |TAMS 0x0000000427000000, 0x0000000427000000| Untracked 
|  62|0x0000000427400000, 0x0000000427400000, 0x0000000427800000|  0%| F|  |TAMS 0x0000000427400000, 0x0000000427400000| Untracked 
|  63|0x0000000427800000, 0x0000000427800000, 0x0000000427c00000|  0%| F|  |TAMS 0x0000000427800000, 0x0000000427800000| Untracked 
|  64|0x0000000427c00000, 0x0000000427c00000, 0x0000000428000000|  0%| F|  |TAMS 0x0000000427c00000, 0x0000000427c00000| Untracked 
|  65|0x0000000428000000, 0x0000000428000000, 0x0000000428400000|  0%| F|  |TAMS 0x0000000428000000, 0x0000000428000000| Untracked 
|  66|0x0000000428400000, 0x0000000428400000, 0x0000000428800000|  0%| F|  |TAMS 0x0000000428400000, 0x0000000428400000| Untracked 
|  67|0x0000000428800000, 0x0000000428800000, 0x0000000428c00000|  0%| F|  |TAMS 0x0000000428800000, 0x0000000428800000| Untracked 
|  68|0x0000000428c00000, 0x0000000428c00000, 0x0000000429000000|  0%| F|  |TAMS 0x0000000428c00000, 0x0000000428c00000| Untracked 
|  69|0x0000000429000000, 0x0000000429000000, 0x0000000429400000|  0%| F|  |TAMS 0x0000000429000000, 0x0000000429000000| Untracked 
|  70|0x0000000429400000, 0x0000000429400000, 0x0000000429800000|  0%| F|  |TAMS 0x0000000429400000, 0x0000000429400000| Untracked 
|  71|0x0000000429800000, 0x0000000429800000, 0x0000000429c00000|  0%| F|  |TAMS 0x0000000429800000, 0x0000000429800000| Untracked 
|  72|0x0000000429c00000, 0x0000000429c00000, 0x000000042a000000|  0%| F|  |TAMS 0x0000000429c00000, 0x0000000429c00000| Untracked 
|  73|0x000000042a000000, 0x000000042a000000, 0x000000042a400000|  0%| F|  |TAMS 0x000000042a000000, 0x000000042a000000| Untracked 
|  74|0x000000042a400000, 0x000000042a400000, 0x000000042a800000|  0%| F|  |TAMS 0x000000042a400000, 0x000000042a400000| Untracked 
|  75|0x000000042a800000, 0x000000042a800000, 0x000000042ac00000|  0%| F|  |TAMS 0x000000042a800000, 0x000000042a800000| Untracked 
|  76|0x000000042ac00000, 0x000000042ac00000, 0x000000042b000000|  0%| F|  |TAMS 0x000000042ac00000, 0x000000042ac00000| Untracked 
|  77|0x000000042b000000, 0x000000042b000000, 0x000000042b400000|  0%| F|  |TAMS 0x000000042b000000, 0x000000042b000000| Untracked 
|  78|0x000000042b400000, 0x000000042b400000, 0x000000042b800000|  0%| F|  |TAMS 0x000000042b400000, 0x000000042b400000| Untracked 
|  79|0x000000042b800000, 0x000000042b800000, 0x000000042bc00000|  0%| F|  |TAMS 0x000000042b800000, 0x000000042b800000| Untracked 
|  80|0x000000042bc00000, 0x000000042bc00000, 0x000000042c000000|  0%| F|  |TAMS 0x000000042bc00000, 0x000000042bc00000| Untracked 
|  81|0x000000042c000000, 0x000000042c000000, 0x000000042c400000|  0%| F|  |TAMS 0x000000042c000000, 0x000000042c000000| Untracked 
|  82|0x000000042c400000, 0x000000042c400000, 0x000000042c800000|  0%| F|  |TAMS 0x000000042c400000, 0x000000042c400000| Untracked 
|  83|0x000000042c800000, 0x000000042c800000, 0x000000042cc00000|  0%| F|  |TAMS 0x000000042c800000, 0x000000042c800000| Untracked 
|  84|0x000000042cc00000, 0x000000042cc00000, 0x000000042d000000|  0%| F|  |TAMS 0x000000042cc00000, 0x000000042cc00000| Untracked 
|  85|0x000000042d000000, 0x000000042d000000, 0x000000042d400000|  0%| F|  |TAMS 0x000000042d000000, 0x000000042d000000| Untracked 
|  86|0x000000042d400000, 0x000000042d400000, 0x000000042d800000|  0%| F|  |TAMS 0x000000042d400000, 0x000000042d400000| Untracked 
|  87|0x000000042d800000, 0x000000042d800000, 0x000000042dc00000|  0%| F|  |TAMS 0x000000042d800000, 0x000000042d800000| Untracked 
|  88|0x000000042dc00000, 0x000000042dc00000, 0x000000042e000000|  0%| F|  |TAMS 0x000000042dc00000, 0x000000042dc00000| Untracked 
|  89|0x000000042e000000, 0x000000042e000000, 0x000000042e400000|  0%| F|  |TAMS 0x000000042e000000, 0x000000042e000000| Untracked 
|  90|0x000000042e400000, 0x000000042e400000, 0x000000042e800000|  0%| F|  |TAMS 0x000000042e400000, 0x000000042e400000| Untracked 
|  91|0x000000042e800000, 0x000000042e800000, 0x000000042ec00000|  0%| F|  |TAMS 0x000000042e800000, 0x000000042e800000| Untracked 
|  92|0x000000042ec00000, 0x000000042ec00000, 0x000000042f000000|  0%| F|  |TAMS 0x000000042ec00000, 0x000000042ec00000| Untracked 
|  93|0x000000042f000000, 0x000000042f000000, 0x000000042f400000|  0%| F|  |TAMS 0x000000042f000000, 0x000000042f000000| Untracked 
|  94|0x000000042f400000, 0x000000042f400000, 0x000000042f800000|  0%| F|  |TAMS 0x000000042f400000, 0x000000042f400000| Untracked 
|  95|0x000000042f800000, 0x000000042f800000, 0x000000042fc00000|  0%| F|  |TAMS 0x000000042f800000, 0x000000042f800000| Untracked 
|  96|0x000000042fc00000, 0x000000042fc00000, 0x0000000430000000|  0%| F|  |TAMS 0x000000042fc00000, 0x000000042fc00000| Untracked 
|  97|0x0000000430000000, 0x0000000430000000, 0x0000000430400000|  0%| F|  |TAMS 0x0000000430000000, 0x0000000430000000| Untracked 
|  98|0x0000000430400000, 0x0000000430400000, 0x0000000430800000|  0%| F|  |TAMS 0x0000000430400000, 0x0000000430400000| Untracked 
|  99|0x0000000430800000, 0x0000000430800000, 0x0000000430c00000|  0%| F|  |TAMS 0x0000000430800000, 0x0000000430800000| Untracked 
| 100|0x0000000430c00000, 0x0000000430c00000, 0x0000000431000000|  0%| F|  |TAMS 0x0000000430c00000, 0x0000000430c00000| Untracked 
| 101|0x0000000431000000, 0x0000000431000000, 0x0000000431400000|  0%| F|  |TAMS 0x0000000431000000, 0x0000000431000000| Untracked 
| 102|0x0000000431400000, 0x0000000431400000, 0x0000000431800000|  0%| F|  |TAMS 0x0000000431400000, 0x0000000431400000| Untracked 
| 103|0x0000000431800000, 0x0000000431800000, 0x0000000431c00000|  0%| F|  |TAMS 0x0000000431800000, 0x0000000431800000| Untracked 
| 104|0x0000000431c00000, 0x0000000431c00000, 0x0000000432000000|  0%| F|  |TAMS 0x0000000431c00000, 0x0000000431c00000| Untracked 
| 105|0x0000000432000000, 0x0000000432000000, 0x0000000432400000|  0%| F|  |TAMS 0x0000000432000000, 0x0000000432000000| Untracked 
| 106|0x0000000432400000, 0x0000000432400000, 0x0000000432800000|  0%| F|  |TAMS 0x0000000432400000, 0x0000000432400000| Untracked 
| 107|0x0000000432800000, 0x0000000432800000, 0x0000000432c00000|  0%| F|  |TAMS 0x0000000432800000, 0x0000000432800000| Untracked 
| 108|0x0000000432c00000, 0x0000000432c00000, 0x0000000433000000|  0%| F|  |TAMS 0x0000000432c00000, 0x0000000432c00000| Untracked 
| 109|0x0000000433000000, 0x0000000433000000, 0x0000000433400000|  0%| F|  |TAMS 0x0000000433000000, 0x0000000433000000| Untracked 
| 110|0x0000000433400000, 0x0000000433400000, 0x0000000433800000|  0%| F|  |TAMS 0x0000000433400000, 0x0000000433400000| Untracked 
| 111|0x0000000433800000, 0x0000000433800000, 0x0000000433c00000|  0%| F|  |TAMS 0x0000000433800000, 0x0000000433800000| Untracked 
| 112|0x0000000433c00000, 0x0000000433c00000, 0x0000000434000000|  0%| F|  |TAMS 0x0000000433c00000, 0x0000000433c00000| Untracked 
| 113|0x0000000434000000, 0x0000000434000000, 0x0000000434400000|  0%| F|  |TAMS 0x0000000434000000, 0x0000000434000000| Untracked 
| 114|0x0000000434400000, 0x0000000434400000, 0x0000000434800000|  0%| F|  |TAMS 0x0000000434400000, 0x0000000434400000| Untracked 
| 115|0x0000000434800000, 0x0000000434800000, 0x0000000434c00000|  0%| F|  |TAMS 0x0000000434800000, 0x0000000434800000| Untracked 
| 116|0x0000000434c00000, 0x0000000434c00000, 0x0000000435000000|  0%| F|  |TAMS 0x0000000434c00000, 0x0000000434c00000| Untracked 
| 117|0x0000000435000000, 0x0000000435000000, 0x0000000435400000|  0%| F|  |TAMS 0x0000000435000000, 0x0000000435000000| Untracked 
| 118|0x0000000435400000, 0x0000000435400000, 0x0000000435800000|  0%| F|  |TAMS 0x0000000435400000, 0x0000000435400000| Untracked 
| 119|0x0000000435800000, 0x0000000435800000, 0x0000000435c00000|  0%| F|  |TAMS 0x0000000435800000, 0x0000000435800000| Untracked 
| 120|0x0000000435c00000, 0x0000000435c00000, 0x0000000436000000|  0%| F|  |TAMS 0x0000000435c00000, 0x0000000435c00000| Untracked 
| 121|0x0000000436000000, 0x0000000436000000, 0x0000000436400000|  0%| F|  |TAMS 0x0000000436000000, 0x0000000436000000| Untracked 
| 122|0x0000000436400000, 0x0000000436400000, 0x0000000436800000|  0%| F|  |TAMS 0x0000000436400000, 0x0000000436400000| Untracked 
| 123|0x0000000436800000, 0x0000000436800000, 0x0000000436c00000|  0%| F|  |TAMS 0x0000000436800000, 0x0000000436800000| Untracked 
| 124|0x0000000436c00000, 0x0000000436c00000, 0x0000000437000000|  0%| F|  |TAMS 0x0000000436c00000, 0x0000000436c00000| Untracked 
| 125|0x0000000437000000, 0x0000000437000000, 0x0000000437400000|  0%| F|  |TAMS 0x0000000437000000, 0x0000000437000000| Untracked 
| 126|0x0000000437400000, 0x0000000437400000, 0x0000000437800000|  0%| F|  |TAMS 0x0000000437400000, 0x0000000437400000| Untracked 
| 127|0x0000000437800000, 0x0000000437800000, 0x0000000437c00000|  0%| F|  |TAMS 0x0000000437800000, 0x0000000437800000| Untracked 
| 128|0x0000000437c00000, 0x0000000437c00000, 0x0000000438000000|  0%| F|  |TAMS 0x0000000437c00000, 0x0000000437c00000| Untracked 
| 129|0x0000000438000000, 0x0000000438000000, 0x0000000438400000|  0%| F|  |TAMS 0x0000000438000000, 0x0000000438000000| Untracked 
| 130|0x0000000438400000, 0x0000000438400000, 0x0000000438800000|  0%| F|  |TAMS 0x0000000438400000, 0x0000000438400000| Untracked 
| 131|0x0000000438800000, 0x0000000438800000, 0x0000000438c00000|  0%| F|  |TAMS 0x0000000438800000, 0x0000000438800000| Untracked 
| 132|0x0000000438c00000, 0x0000000438c00000, 0x0000000439000000|  0%| F|  |TAMS 0x0000000438c00000, 0x0000000438c00000| Untracked 
| 133|0x0000000439000000, 0x0000000439000000, 0x0000000439400000|  0%| F|  |TAMS 0x0000000439000000, 0x0000000439000000| Untracked 
| 134|0x0000000439400000, 0x0000000439400000, 0x0000000439800000|  0%| F|  |TAMS 0x0000000439400000, 0x0000000439400000| Untracked 
| 135|0x0000000439800000, 0x0000000439800000, 0x0000000439c00000|  0%| F|  |TAMS 0x0000000439800000, 0x0000000439800000| Untracked 
| 136|0x0000000439c00000, 0x0000000439c00000, 0x000000043a000000|  0%| F|  |TAMS 0x0000000439c00000, 0x0000000439c00000| Untracked 
| 137|0x000000043a000000, 0x000000043a000000, 0x000000043a400000|  0%| F|  |TAMS 0x000000043a000000, 0x000000043a000000| Untracked 
| 138|0x000000043a400000, 0x000000043a400000, 0x000000043a800000|  0%| F|  |TAMS 0x000000043a400000, 0x000000043a400000| Untracked 
| 139|0x000000043a800000, 0x000000043a800000, 0x000000043ac00000|  0%| F|  |TAMS 0x000000043a800000, 0x000000043a800000| Untracked 
| 140|0x000000043ac00000, 0x000000043ac00000, 0x000000043b000000|  0%| F|  |TAMS 0x000000043ac00000, 0x000000043ac00000| Untracked 
| 141|0x000000043b000000, 0x000000043b000000, 0x000000043b400000|  0%| F|  |TAMS 0x000000043b000000, 0x000000043b000000| Untracked 
| 142|0x000000043b400000, 0x000000043b400000, 0x000000043b800000|  0%| F|  |TAMS 0x000000043b400000, 0x000000043b400000| Untracked 
| 143|0x000000043b800000, 0x000000043b800000, 0x000000043bc00000|  0%| F|  |TAMS 0x000000043b800000, 0x000000043b800000| Untracked 
| 144|0x000000043bc00000, 0x000000043bc00000, 0x000000043c000000|  0%| F|  |TAMS 0x000000043bc00000, 0x000000043bc00000| Untracked 
| 145|0x000000043c000000, 0x000000043c000000, 0x000000043c400000|  0%| F|  |TAMS 0x000000043c000000, 0x000000043c000000| Untracked 
| 146|0x000000043c400000, 0x000000043c400000, 0x000000043c800000|  0%| F|  |TAMS 0x000000043c400000, 0x000000043c400000| Untracked 
| 147|0x000000043c800000, 0x000000043c800000, 0x000000043cc00000|  0%| F|  |TAMS 0x000000043c800000, 0x000000043c800000| Untracked 
| 148|0x000000043cc00000, 0x000000043cc00000, 0x000000043d000000|  0%| F|  |TAMS 0x000000043cc00000, 0x000000043cc00000| Untracked 
| 149|0x000000043d000000, 0x000000043d000000, 0x000000043d400000|  0%| F|  |TAMS 0x000000043d000000, 0x000000043d000000| Untracked 
| 150|0x000000043d400000, 0x000000043d400000, 0x000000043d800000|  0%| F|  |TAMS 0x000000043d400000, 0x000000043d400000| Untracked 
| 151|0x000000043d800000, 0x000000043d800000, 0x000000043dc00000|  0%| F|  |TAMS 0x000000043d800000, 0x000000043d800000| Untracked 
| 152|0x000000043dc00000, 0x000000043dc00000, 0x000000043e000000|  0%| F|  |TAMS 0x000000043dc00000, 0x000000043dc00000| Untracked 
| 153|0x000000043e000000, 0x000000043e000000, 0x000000043e400000|  0%| F|  |TAMS 0x000000043e000000, 0x000000043e000000| Untracked 
| 154|0x000000043e400000, 0x000000043e400000, 0x000000043e800000|  0%| F|  |TAMS 0x000000043e400000, 0x000000043e400000| Untracked 
| 155|0x000000043e800000, 0x000000043e800000, 0x000000043ec00000|  0%| F|  |TAMS 0x000000043e800000, 0x000000043e800000| Untracked 
| 156|0x000000043ec00000, 0x000000043ec00000, 0x000000043f000000|  0%| F|  |TAMS 0x000000043ec00000, 0x000000043ec00000| Untracked 
| 157|0x000000043f000000, 0x000000043f000000, 0x000000043f400000|  0%| F|  |TAMS 0x000000043f000000, 0x000000043f000000| Untracked 
| 158|0x000000043f400000, 0x000000043f400000, 0x000000043f800000|  0%| F|  |TAMS 0x000000043f400000, 0x000000043f400000| Untracked 
| 159|0x000000043f800000, 0x000000043f800000, 0x000000043fc00000|  0%| F|  |TAMS 0x000000043f800000, 0x000000043f800000| Untracked 
| 160|0x000000043fc00000, 0x000000043fc00000, 0x0000000440000000|  0%| F|  |TAMS 0x000000043fc00000, 0x000000043fc00000| Untracked 
| 161|0x0000000440000000, 0x0000000440000000, 0x0000000440400000|  0%| F|  |TAMS 0x0000000440000000, 0x0000000440000000| Untracked 
| 162|0x0000000440400000, 0x0000000440400000, 0x0000000440800000|  0%| F|  |TAMS 0x0000000440400000, 0x0000000440400000| Untracked 
| 163|0x0000000440800000, 0x0000000440800000, 0x0000000440c00000|  0%| F|  |TAMS 0x0000000440800000, 0x0000000440800000| Untracked 
| 164|0x0000000440c00000, 0x0000000440c00000, 0x0000000441000000|  0%| F|  |TAMS 0x0000000440c00000, 0x0000000440c00000| Untracked 
| 165|0x0000000441000000, 0x0000000441000000, 0x0000000441400000|  0%| F|  |TAMS 0x0000000441000000, 0x0000000441000000| Untracked 
| 166|0x0000000441400000, 0x0000000441400000, 0x0000000441800000|  0%| F|  |TAMS 0x0000000441400000, 0x0000000441400000| Untracked 
| 167|0x0000000441800000, 0x0000000441800000, 0x0000000441c00000|  0%| F|  |TAMS 0x0000000441800000, 0x0000000441800000| Untracked 
| 168|0x0000000441c00000, 0x0000000441c00000, 0x0000000442000000|  0%| F|  |TAMS 0x0000000441c00000, 0x0000000441c00000| Untracked 
| 169|0x0000000442000000, 0x0000000442000000, 0x0000000442400000|  0%| F|  |TAMS 0x0000000442000000, 0x0000000442000000| Untracked 
| 170|0x0000000442400000, 0x0000000442400000, 0x0000000442800000|  0%| F|  |TAMS 0x0000000442400000, 0x0000000442400000| Untracked 
| 171|0x0000000442800000, 0x0000000442800000, 0x0000000442c00000|  0%| F|  |TAMS 0x0000000442800000, 0x0000000442800000| Untracked 
| 172|0x0000000442c00000, 0x0000000442c00000, 0x0000000443000000|  0%| F|  |TAMS 0x0000000442c00000, 0x0000000442c00000| Untracked 
| 173|0x0000000443000000, 0x0000000443000000, 0x0000000443400000|  0%| F|  |TAMS 0x0000000443000000, 0x0000000443000000| Untracked 
| 174|0x0000000443400000, 0x0000000443400000, 0x0000000443800000|  0%| F|  |TAMS 0x0000000443400000, 0x0000000443400000| Untracked 
| 175|0x0000000443800000, 0x0000000443800000, 0x0000000443c00000|  0%| F|  |TAMS 0x0000000443800000, 0x0000000443800000| Untracked 
| 176|0x0000000443c00000, 0x0000000443c00000, 0x0000000444000000|  0%| F|  |TAMS 0x0000000443c00000, 0x0000000443c00000| Untracked 
| 177|0x0000000444000000, 0x0000000444000000, 0x0000000444400000|  0%| F|  |TAMS 0x0000000444000000, 0x0000000444000000| Untracked 
| 178|0x0000000444400000, 0x0000000444400000, 0x0000000444800000|  0%| F|  |TAMS 0x0000000444400000, 0x0000000444400000| Untracked 
| 179|0x0000000444800000, 0x0000000444800000, 0x0000000444c00000|  0%| F|  |TAMS 0x0000000444800000, 0x0000000444800000| Untracked 
| 180|0x0000000444c00000, 0x0000000444c00000, 0x0000000445000000|  0%| F|  |TAMS 0x0000000444c00000, 0x0000000444c00000| Untracked 
| 181|0x0000000445000000, 0x0000000445000000, 0x0000000445400000|  0%| F|  |TAMS 0x0000000445000000, 0x0000000445000000| Untracked 
| 182|0x0000000445400000, 0x0000000445400000, 0x0000000445800000|  0%| F|  |TAMS 0x0000000445400000, 0x0000000445400000| Untracked 
| 183|0x0000000445800000, 0x0000000445800000, 0x0000000445c00000|  0%| F|  |TAMS 0x0000000445800000, 0x0000000445800000| Untracked 
| 184|0x0000000445c00000, 0x0000000445c00000, 0x0000000446000000|  0%| F|  |TAMS 0x0000000445c00000, 0x0000000445c00000| Untracked 
| 185|0x0000000446000000, 0x0000000446000000, 0x0000000446400000|  0%| F|  |TAMS 0x0000000446000000, 0x0000000446000000| Untracked 
| 186|0x0000000446400000, 0x0000000446400000, 0x0000000446800000|  0%| F|  |TAMS 0x0000000446400000, 0x0000000446400000| Untracked 
| 187|0x0000000446800000, 0x0000000446800000, 0x0000000446c00000|  0%| F|  |TAMS 0x0000000446800000, 0x0000000446800000| Untracked 
| 188|0x0000000446c00000, 0x0000000446c00000, 0x0000000447000000|  0%| F|  |TAMS 0x0000000446c00000, 0x0000000446c00000| Untracked 
| 189|0x0000000447000000, 0x0000000447000000, 0x0000000447400000|  0%| F|  |TAMS 0x0000000447000000, 0x0000000447000000| Untracked 
| 190|0x0000000447400000, 0x0000000447400000, 0x0000000447800000|  0%| F|  |TAMS 0x0000000447400000, 0x0000000447400000| Untracked 
| 191|0x0000000447800000, 0x0000000447800000, 0x0000000447c00000|  0%| F|  |TAMS 0x0000000447800000, 0x0000000447800000| Untracked 
| 192|0x0000000447c00000, 0x0000000447c00000, 0x0000000448000000|  0%| F|  |TAMS 0x0000000447c00000, 0x0000000447c00000| Untracked 
| 193|0x0000000448000000, 0x0000000448000000, 0x0000000448400000|  0%| F|  |TAMS 0x0000000448000000, 0x0000000448000000| Untracked 
| 194|0x0000000448400000, 0x0000000448400000, 0x0000000448800000|  0%| F|  |TAMS 0x0000000448400000, 0x0000000448400000| Untracked 
| 195|0x0000000448800000, 0x0000000448800000, 0x0000000448c00000|  0%| F|  |TAMS 0x0000000448800000, 0x0000000448800000| Untracked 
| 196|0x0000000448c00000, 0x0000000448c00000, 0x0000000449000000|  0%| F|  |TAMS 0x0000000448c00000, 0x0000000448c00000| Untracked 
| 197|0x0000000449000000, 0x0000000449000000, 0x0000000449400000|  0%| F|  |TAMS 0x0000000449000000, 0x0000000449000000| Untracked 
| 198|0x0000000449400000, 0x0000000449400000, 0x0000000449800000|  0%| F|  |TAMS 0x0000000449400000, 0x0000000449400000| Untracked 
| 199|0x0000000449800000, 0x0000000449800000, 0x0000000449c00000|  0%| F|  |TAMS 0x0000000449800000, 0x0000000449800000| Untracked 
| 200|0x0000000449c00000, 0x0000000449c00000, 0x000000044a000000|  0%| F|  |TAMS 0x0000000449c00000, 0x0000000449c00000| Untracked 
| 201|0x000000044a000000, 0x000000044a000000, 0x000000044a400000|  0%| F|  |TAMS 0x000000044a000000, 0x000000044a000000| Untracked 
| 202|0x000000044a400000, 0x000000044a400000, 0x000000044a800000|  0%| F|  |TAMS 0x000000044a400000, 0x000000044a400000| Untracked 
| 203|0x000000044a800000, 0x000000044a800000, 0x000000044ac00000|  0%| F|  |TAMS 0x000000044a800000, 0x000000044a800000| Untracked 
| 204|0x000000044ac00000, 0x000000044ac00000, 0x000000044b000000|  0%| F|  |TAMS 0x000000044ac00000, 0x000000044ac00000| Untracked 
| 205|0x000000044b000000, 0x000000044b000000, 0x000000044b400000|  0%| F|  |TAMS 0x000000044b000000, 0x000000044b000000| Untracked 
| 206|0x000000044b400000, 0x000000044b400000, 0x000000044b800000|  0%| F|  |TAMS 0x000000044b400000, 0x000000044b400000| Untracked 
| 207|0x000000044b800000, 0x000000044b800000, 0x000000044bc00000|  0%| F|  |TAMS 0x000000044b800000, 0x000000044b800000| Untracked 
| 208|0x000000044bc00000, 0x000000044bc00000, 0x000000044c000000|  0%| F|  |TAMS 0x000000044bc00000, 0x000000044bc00000| Untracked 
| 209|0x000000044c000000, 0x000000044c000000, 0x000000044c400000|  0%| F|  |TAMS 0x000000044c000000, 0x000000044c000000| Untracked 
| 210|0x000000044c400000, 0x000000044c400000, 0x000000044c800000|  0%| F|  |TAMS 0x000000044c400000, 0x000000044c400000| Untracked 
| 211|0x000000044c800000, 0x000000044c800000, 0x000000044cc00000|  0%| F|  |TAMS 0x000000044c800000, 0x000000044c800000| Untracked 
| 212|0x000000044cc00000, 0x000000044cc00000, 0x000000044d000000|  0%| F|  |TAMS 0x000000044cc00000, 0x000000044cc00000| Untracked 
| 213|0x000000044d000000, 0x000000044d000000, 0x000000044d400000|  0%| F|  |TAMS 0x000000044d000000, 0x000000044d000000| Untracked 
| 214|0x000000044d400000, 0x000000044d400000, 0x000000044d800000|  0%| F|  |TAMS 0x000000044d400000, 0x000000044d400000| Untracked 
| 215|0x000000044d800000, 0x000000044d800000, 0x000000044dc00000|  0%| F|  |TAMS 0x000000044d800000, 0x000000044d800000| Untracked 
| 216|0x000000044dc00000, 0x000000044dc00000, 0x000000044e000000|  0%| F|  |TAMS 0x000000044dc00000, 0x000000044dc00000| Untracked 
| 217|0x000000044e000000, 0x000000044e000000, 0x000000044e400000|  0%| F|  |TAMS 0x000000044e000000, 0x000000044e000000| Untracked 
| 218|0x000000044e400000, 0x000000044e400000, 0x000000044e800000|  0%| F|  |TAMS 0x000000044e400000, 0x000000044e400000| Untracked 
| 219|0x000000044e800000, 0x000000044e800000, 0x000000044ec00000|  0%| F|  |TAMS 0x000000044e800000, 0x000000044e800000| Untracked 
| 220|0x000000044ec00000, 0x000000044ec00000, 0x000000044f000000|  0%| F|  |TAMS 0x000000044ec00000, 0x000000044ec00000| Untracked 
| 221|0x000000044f000000, 0x000000044f000000, 0x000000044f400000|  0%| F|  |TAMS 0x000000044f000000, 0x000000044f000000| Untracked 
| 222|0x000000044f400000, 0x000000044f400000, 0x000000044f800000|  0%| F|  |TAMS 0x000000044f400000, 0x000000044f400000| Untracked 
| 223|0x000000044f800000, 0x000000044f800000, 0x000000044fc00000|  0%| F|  |TAMS 0x000000044f800000, 0x000000044f800000| Untracked 
| 224|0x000000044fc00000, 0x000000044fc00000, 0x0000000450000000|  0%| F|  |TAMS 0x000000044fc00000, 0x000000044fc00000| Untracked 
| 225|0x0000000450000000, 0x0000000450000000, 0x0000000450400000|  0%| F|  |TAMS 0x0000000450000000, 0x0000000450000000| Untracked 
| 226|0x0000000450400000, 0x0000000450400000, 0x0000000450800000|  0%| F|  |TAMS 0x0000000450400000, 0x0000000450400000| Untracked 
| 227|0x0000000450800000, 0x0000000450800000, 0x0000000450c00000|  0%| F|  |TAMS 0x0000000450800000, 0x0000000450800000| Untracked 
| 228|0x0000000450c00000, 0x0000000450c00000, 0x0000000451000000|  0%| F|  |TAMS 0x0000000450c00000, 0x0000000450c00000| Untracked 
| 229|0x0000000451000000, 0x0000000451000000, 0x0000000451400000|  0%| F|  |TAMS 0x0000000451000000, 0x0000000451000000| Untracked 
| 230|0x0000000451400000, 0x0000000451400000, 0x0000000451800000|  0%| F|  |TAMS 0x0000000451400000, 0x0000000451400000| Untracked 
| 231|0x0000000451800000, 0x0000000451800000, 0x0000000451c00000|  0%| F|  |TAMS 0x0000000451800000, 0x0000000451800000| Untracked 
| 232|0x0000000451c00000, 0x0000000451c00000, 0x0000000452000000|  0%| F|  |TAMS 0x0000000451c00000, 0x0000000451c00000| Untracked 
| 233|0x0000000452000000, 0x0000000452000000, 0x0000000452400000|  0%| F|  |TAMS 0x0000000452000000, 0x0000000452000000| Untracked 
| 234|0x0000000452400000, 0x0000000452400000, 0x0000000452800000|  0%| F|  |TAMS 0x0000000452400000, 0x0000000452400000| Untracked 
| 235|0x0000000452800000, 0x0000000452800000, 0x0000000452c00000|  0%| F|  |TAMS 0x0000000452800000, 0x0000000452800000| Untracked 
| 236|0x0000000452c00000, 0x0000000452c00000, 0x0000000453000000|  0%| F|  |TAMS 0x0000000452c00000, 0x0000000452c00000| Untracked 
| 237|0x0000000453000000, 0x0000000453400000, 0x0000000453400000|100%| S|  |TAMS 0x0000000453000000, 0x0000000453000000| Complete 
| 238|0x0000000453400000, 0x0000000453800000, 0x0000000453800000|100%| S|  |TAMS 0x0000000453400000, 0x0000000453400000| Complete 
| 239|0x0000000453800000, 0x0000000453c00000, 0x0000000453c00000|100%| E|CS|TAMS 0x0000000453800000, 0x0000000453800000| Complete 
| 240|0x0000000453c00000, 0x0000000454000000, 0x0000000454000000|100%| E|CS|TAMS 0x0000000453c00000, 0x0000000453c00000| Complete 
| 241|0x0000000454000000, 0x0000000454400000, 0x0000000454400000|100%| E|CS|TAMS 0x0000000454000000, 0x0000000454000000| Complete 
| 242|0x0000000454400000, 0x0000000454800000, 0x0000000454800000|100%| E|CS|TAMS 0x0000000454400000, 0x0000000454400000| Complete 
| 243|0x0000000454800000, 0x0000000454c00000, 0x0000000454c00000|100%| E|CS|TAMS 0x0000000454800000, 0x0000000454800000| Complete 
| 244|0x0000000454c00000, 0x0000000455000000, 0x0000000455000000|100%| E|CS|TAMS 0x0000000454c00000, 0x0000000454c00000| Complete 
| 245|0x0000000455000000, 0x0000000455400000, 0x0000000455400000|100%| E|CS|TAMS 0x0000000455000000, 0x0000000455000000| Complete 
| 246|0x0000000455400000, 0x0000000455800000, 0x0000000455800000|100%| E|CS|TAMS 0x0000000455400000, 0x0000000455400000| Complete 
| 247|0x0000000455800000, 0x0000000455c00000, 0x0000000455c00000|100%| E|CS|TAMS 0x0000000455800000, 0x0000000455800000| Complete 
| 248|0x0000000455c00000, 0x0000000456000000, 0x0000000456000000|100%| E|CS|TAMS 0x0000000455c00000, 0x0000000455c00000| Complete 
| 249|0x0000000456000000, 0x0000000456400000, 0x0000000456400000|100%| E|CS|TAMS 0x0000000456000000, 0x0000000456000000| Complete 
| 250|0x0000000456400000, 0x0000000456800000, 0x0000000456800000|100%| E|CS|TAMS 0x0000000456400000, 0x0000000456400000| Complete 
|3999|0x00000007ff800000, 0x00000007ffb48000, 0x00000007ffc00000| 82%|OA|  |TAMS 0x00000007ff800000, 0x00000007ff800000| Untracked 
|4000|0x00000007ffc00000, 0x00000007ffc7a000, 0x0000000800000000| 11%|CA|  |TAMS 0x00000007ffc00000, 0x00000007ffc00000| Untracked 

Card table byte_map: [0x00007f8f5cbe8000,0x00007f8f5eb2a000] _byte_map_base: 0x00007f8f5ab2a000

Marking Bits (Prev, Next): (CMBitMap*) 0x00007f8f78072888, (CMBitMap*) 0x00007f8f780728c8
 Prev Bits: [0x00007f8f4b296000, 0x00007f8f5aca6000)
 Next Bits: [0x00007f8f3b886000, 0x00007f8f4b296000)

Polling page: 0x00007f8f7ea39000

Metaspace:

Usage:
  Non-class:      4,62 MB capacity,     1,63 MB ( 35%) used,     2,99 MB ( 65%) free+waste,     3,06 KB ( <1%) overhead. 
      Class:    509,00 KB capacity,   206,48 KB ( 41%) used,   300,71 KB ( 59%) free+waste,     1,81 KB ( <1%) overhead. 
       Both:      5,12 MB capacity,     1,83 MB ( 36%) used,     3,28 MB ( 64%) free+waste,     4,88 KB ( <1%) overhead. 

Virtual space:
  Non-class space:        8,00 MB reserved,       4,75 MB ( 59%) committed 
      Class space:        1,00 GB reserved,     640,00 KB ( <1%) committed 
             Both:        1,01 GB reserved,       5,38 MB ( <1%) committed 

Chunk freelists:
   Non-Class:  7,00 KB
       Class:  15,00 KB
        Both:  22,00 KB

MaxMetaspaceSize: unlimited
CompressedClassSpaceSize: 1,00 GB

CodeHeap 'non-profiled nmethods': size=119168Kb used=235Kb max_used=235Kb free=118932Kb
 bounds [0x00007f8f6860c000, 0x00007f8f6887c000, 0x00007f8f6fa6c000]
CodeHeap 'profiled nmethods': size=119164Kb used=830Kb max_used=830Kb free=118334Kb
 bounds [0x00007f8f611ad000, 0x00007f8f6141d000, 0x00007f8f6860c000]
CodeHeap 'non-nmethods': size=7428Kb used=2264Kb max_used=2298Kb free=5164Kb
 bounds [0x00007f8f60a6c000, 0x00007f8f60cdc000, 0x00007f8f611ad000]
 total_blobs=1025 nmethods=491 adapters=278
 compilation: enabled
              stopped_count=0, restarted_count=0
 full_count=0

Compilation events (20 events):
Event: 0,299 Thread 0x00007f8f100f9000  482   !   4       java.nio.charset.CharsetDecoder::decode (287 bytes)
Event: 0,302 Thread 0x00007f8f100f9000 nmethod 482 0x00007f8f68641210 code [0x00007f8f686413c0, 0x00007f8f686415e8]
Event: 0,304 Thread 0x00007f8f100f9000  483       4       java.nio.CharBuffer::position (6 bytes)
Event: 0,305 Thread 0x00007f8f100f9000 nmethod 483 0x00007f8f68641990 code [0x00007f8f68641b00, 0x00007f8f68641bd8]
Event: 0,321 Thread 0x00007f8f0409b800  484 %     4       com.google.common.io.CharStreams::readLines @ 17 (39 bytes)
Event: 0,326 Thread 0x00007f8f04055000  485       3       java.util.Arrays::copyOf (40 bytes)
Event: 0,326 Thread 0x00007f8f04055000 nmethod 485 0x00007f8f61278790 code [0x00007f8f61278980, 0x00007f8f612790c8]
Event: 0,329 Thread 0x00007f8f0409b800 nmethod 484% 0x00007f8f68641d10 code [0x00007f8f68641ec0, 0x00007f8f68642198]
Event: 0,332 Thread 0x00007f8f0409b800  486       4       java.nio.Buffer::<init> (99 bytes)
Event: 0,334 Thread 0x00007f8f0409b800 nmethod 486 0x00007f8f68642410 code [0x00007f8f686425a0, 0x00007f8f686427b8]
Event: 0,335 Thread 0x00007f8ee4002800  487   !   4       sun.nio.cs.StreamDecoder::read (196 bytes)
Event: 0,335 Thread 0x00007f8f0409b800  488       4       sun.nio.cs.StreamDecoder::implRead (243 bytes)
Event: 0,371 Thread 0x00007f8f0409b800 nmethod 488 0x00007f8f68642a10 code [0x00007f8f68642c40, 0x00007f8f68643828]
Event: 0,371 Thread 0x00007f8ee4002800 nmethod 487 0x00007f8f68644610 code [0x00007f8f68644860, 0x00007f8f68645b08]
Event: 0,397 Thread 0x00007f8f100d6000  489   !   3       sun.nio.cs.StreamDecoder::read (196 bytes)
Event: 0,397 Thread 0x00007f8f78286800  490       3       sun.nio.cs.StreamDecoder::implRead (243 bytes)
Event: 0,398 Thread 0x00007f8f100d6000 nmethod 489 0x00007f8f61279310 code [0x00007f8f61279580, 0x00007f8f6127a2e8]
Event: 0,398 Thread 0x00007f8f0409b800  491       4       java.nio.Buffer::hasRemaining (17 bytes)
Event: 0,399 Thread 0x00007f8f0409b800 nmethod 491 0x00007f8f68646a90 code [0x00007f8f68646c00, 0x00007f8f68646c98]
Event: 0,399 Thread 0x00007f8f78286800 nmethod 490 0x00007f8f6127a890 code [0x00007f8f6127aba0, 0x00007f8f6127c0c8]

GC Heap History (5 events):
Event: 0,270 GC heap before
{Heap before GC invocations=0 (full 0):
 garbage-first heap   total 1036288K, used 53000K [0x0000000417c00000, 0x0000000800000000)
  region size 4096K, 12 young (49152K), 0 survivors (0K)
 Metaspace       used 1871K, capacity 5238K, committed 5504K, reserved 1056768K
  class space    used 206K, capacity 509K, committed 640K, reserved 1048576K
}
Event: 0,284 GC heap after
{Heap after GC invocations=1 (full 0):
 garbage-first heap   total 1036288K, used 22702K [0x0000000417c00000, 0x0000000800000000)
  region size 4096K, 2 young (8192K), 2 survivors (8192K)
 Metaspace       used 1871K, capacity 5238K, committed 5504K, reserved 1056768K
  class space    used 206K, capacity 509K, committed 640K, reserved 1048576K
}
Event: 0,343 GC heap before
{Heap before GC invocations=1 (full 0):
 garbage-first heap   total 1036288K, used 59566K [0x0000000417c00000, 0x0000000800000000)
  region size 4096K, 12 young (49152K), 2 survivors (8192K)
 Metaspace       used 1872K, capacity 5238K, committed 5504K, reserved 1056768K
  class space    used 206K, capacity 509K, committed 640K, reserved 1048576K
}
Event: 0,351 GC heap after
{Heap after GC invocations=2 (full 0):
 garbage-first heap   total 1036288K, used 39234K [0x0000000417c00000, 0x0000000800000000)
  region size 4096K, 2 young (8192K), 2 survivors (8192K)
 Metaspace       used 1872K, capacity 5238K, committed 5504K, reserved 1056768K
  class space    used 206K, capacity 509K, committed 640K, reserved 1048576K
}
Event: 0,408 GC heap before
{Heap before GC invocations=2 (full 0):
 garbage-first heap   total 1036288K, used 80194K [0x0000000417c00000, 0x0000000800000000)
  region size 4096K, 12 young (49152K), 2 survivors (8192K)
 Metaspace       used 1872K, capacity 5238K, committed 5504K, reserved 1056768K
  class space    used 206K, capacity 509K, committed 640K, reserved 1048576K
}

Deoptimization events (20 events):
Event: 0,290 Thread 0x00007f8f78018800 DEOPT PACKING pc=0x00007f8f61277204 sp=0x00007f8f7d45c580
Event: 0,290 Thread 0x00007f8f78018800 DEOPT UNPACKING pc=0x00007f8f60ab414a sp=0x00007f8f7d45baa0 mode 0
Event: 0,298 Thread 0x00007f8f78018800 DEOPT PACKING pc=0x00007f8f61277204 sp=0x00007f8f7d45c580
Event: 0,298 Thread 0x00007f8f78018800 DEOPT UNPACKING pc=0x00007f8f60ab414a sp=0x00007f8f7d45baa0 mode 0
Event: 0,306 Thread 0x00007f8f78018800 DEOPT PACKING pc=0x00007f8f61277204 sp=0x00007f8f7d45c580
Event: 0,306 Thread 0x00007f8f78018800 DEOPT UNPACKING pc=0x00007f8f60ab414a sp=0x00007f8f7d45baa0 mode 0
Event: 0,313 Thread 0x00007f8f78018800 DEOPT PACKING pc=0x00007f8f61277204 sp=0x00007f8f7d45c580
Event: 0,313 Thread 0x00007f8f78018800 DEOPT UNPACKING pc=0x00007f8f60ab414a sp=0x00007f8f7d45baa0 mode 0
Event: 0,321 Thread 0x00007f8f78018800 DEOPT PACKING pc=0x00007f8f61277204 sp=0x00007f8f7d45c580
Event: 0,321 Thread 0x00007f8f78018800 DEOPT UNPACKING pc=0x00007f8f60ab414a sp=0x00007f8f7d45baa0 mode 0
Event: 0,328 Thread 0x00007f8f78018800 DEOPT PACKING pc=0x00007f8f61277204 sp=0x00007f8f7d45c580
Event: 0,328 Thread 0x00007f8f78018800 DEOPT UNPACKING pc=0x00007f8f60ab414a sp=0x00007f8f7d45baa0 mode 0
Event: 0,396 Thread 0x00007f8f78018800 Uncommon trap: trap_request=0xffffff45 fr.pc=0x00007f8f6864519c relative=0x000000000000093c
Event: 0,396 Thread 0x00007f8f78018800 Uncommon trap: reason=unstable_if action=reinterpret pc=0x00007f8f6864519c method=sun.nio.cs.StreamDecoder.implRead([CII)I @ 87 c2
Event: 0,396 Thread 0x00007f8f78018800 DEOPT PACKING pc=0x00007f8f6864519c sp=0x00007f8f7d45c4c0
Event: 0,396 Thread 0x00007f8f78018800 DEOPT UNPACKING pc=0x00007f8f60a73f25 sp=0x00007f8f7d45c3d0 mode 2
Event: 0,396 Thread 0x00007f8f78018800 Uncommon trap: trap_request=0xffffff45 fr.pc=0x00007f8f686433f8 relative=0x00000000000007b8
Event: 0,396 Thread 0x00007f8f78018800 Uncommon trap: reason=unstable_if action=reinterpret pc=0x00007f8f686433f8 method=sun.nio.cs.StreamDecoder.implRead([CII)I @ 98 c2
Event: 0,396 Thread 0x00007f8f78018800 DEOPT PACKING pc=0x00007f8f686433f8 sp=0x00007f8f7d45c3e0
Event: 0,396 Thread 0x00007f8f78018800 DEOPT UNPACKING pc=0x00007f8f60a73f25 sp=0x00007f8f7d45c3c0 mode 2

Classes unloaded (0 events):
No events

Classes redefined (0 events):
No events

Internal exceptions (0 events):
No events

Events (20 events):
Event: 0,270 Executing VM operation: G1CollectForAllocation
Event: 0,284 Executing VM operation: G1CollectForAllocation done
Event: 0,284 Executing VM operation: RevokeBias
Event: 0,284 Executing VM operation: RevokeBias done
Event: 0,284 Executing VM operation: RevokeBias
Event: 0,284 Executing VM operation: RevokeBias done
Event: 0,284 Executing VM operation: RevokeBias
Event: 0,285 Executing VM operation: RevokeBias done
Event: 0,285 Executing VM operation: RevokeBias
Event: 0,285 Executing VM operation: RevokeBias done
Event: 0,285 Executing VM operation: RevokeBias
Event: 0,285 Executing VM operation: RevokeBias done
Event: 0,285 Executing VM operation: RevokeBias
Event: 0,285 Executing VM operation: RevokeBias done
Event: 0,343 Executing VM operation: G1CollectForAllocation
Event: 0,351 Executing VM operation: G1CollectForAllocation done
Event: 0,396 Executing VM operation: RevokeBias
Event: 0,396 Executing VM operation: RevokeBias done
Event: 0,397 Thread 0x00007f8ee4007000 Thread exited: 0x00007f8ee4007000
Event: 0,407 Executing VM operation: G1CollectForAllocation


Dynamic libraries:
00400000-00401000 r-xp 00000000 103:03 28186532                          /usr/lib/jvm/java-13-oracle/bin/java
00401000-00402000 r--p 00000000 103:03 28186532                          /usr/lib/jvm/java-13-oracle/bin/java
00402000-00403000 rw-p 00001000 103:03 28186532                          /usr/lib/jvm/java-13-oracle/bin/java
00e97000-00eb8000 rw-p 00000000 00:00 0                                  [heap]
417c00000-456800000 rw-p 00000000 00:00 0 
456800000-7ff800000 ---p 00000000 00:00 0 
7ff800000-7ffb00000 rw-p 00000000 00:00 0 
7ffb00000-7ffb48000 rw-p 00b68000 103:03 28188521                        /usr/lib/jvm/java-13-oracle/lib/server/classes.jsa
7ffb48000-7ffc00000 rw-p 00000000 00:00 0 
7ffc00000-7ffc7a000 rw-p 00aee000 103:03 28188521                        /usr/lib/jvm/java-13-oracle/lib/server/classes.jsa
7ffc7a000-800000000 rw-p 00000000 00:00 0 
800000000-800003000 rwxp 00001000 103:03 28188521                        /usr/lib/jvm/java-13-oracle/lib/server/classes.jsa
800003000-8003d8000 rw-p 00004000 103:03 28188521                        /usr/lib/jvm/java-13-oracle/lib/server/classes.jsa
8003d8000-800aec000 r--p 003d9000 103:03 28188521                        /usr/lib/jvm/java-13-oracle/lib/server/classes.jsa
800aec000-800aed000 rw-p 00aed000 103:03 28188521                        /usr/lib/jvm/java-13-oracle/lib/server/classes.jsa
800aed000-800b8d000 rw-p 00000000 00:00 0 
800b8d000-840aed000 ---p 00000000 00:00 0 
7f8eac000000-7f8eac021000 rw-p 00000000 00:00 0 
7f8eac021000-7f8eb0000000 ---p 00000000 00:00 0 
7f8eb0000000-7f8eb0021000 rw-p 00000000 00:00 0 
7f8eb0021000-7f8eb4000000 ---p 00000000 00:00 0 
7f8eb4000000-7f8eb4021000 rw-p 00000000 00:00 0 
7f8eb4021000-7f8eb8000000 ---p 00000000 00:00 0 
7f8eb8000000-7f8eb8021000 rw-p 00000000 00:00 0 
7f8eb8021000-7f8ebc000000 ---p 00000000 00:00 0 
7f8ebc000000-7f8ebc021000 rw-p 00000000 00:00 0 
7f8ebc021000-7f8ec0000000 ---p 00000000 00:00 0 
7f8ec0000000-7f8ec0021000 rw-p 00000000 00:00 0 
7f8ec0021000-7f8ec4000000 ---p 00000000 00:00 0 
7f8ec4000000-7f8ec4021000 rw-p 00000000 00:00 0 
7f8ec4021000-7f8ec8000000 ---p 00000000 00:00 0 
7f8ec8000000-7f8ec8021000 rw-p 00000000 00:00 0 
7f8ec8021000-7f8ecc000000 ---p 00000000 00:00 0 
7f8ecc000000-7f8ecc021000 rw-p 00000000 00:00 0 
7f8ecc021000-7f8ed0000000 ---p 00000000 00:00 0 
7f8ed0000000-7f8ed0021000 rw-p 00000000 00:00 0 
7f8ed0021000-7f8ed4000000 ---p 00000000 00:00 0 
7f8ed4000000-7f8ed4021000 rw-p 00000000 00:00 0 
7f8ed4021000-7f8ed8000000 ---p 00000000 00:00 0 
7f8ed8000000-7f8ed8021000 rw-p 00000000 00:00 0 
7f8ed8021000-7f8edc000000 ---p 00000000 00:00 0 
7f8edc000000-7f8edc1ef000 rw-p 00000000 00:00 0 
7f8edc1ef000-7f8ee0000000 ---p 00000000 00:00 0 
7f8ee0000000-7f8ee016c000 rw-p 00000000 00:00 0 
7f8ee016c000-7f8ee4000000 ---p 00000000 00:00 0 
7f8ee4000000-7f8ee4151000 rw-p 00000000 00:00 0 
7f8ee4151000-7f8ee8000000 ---p 00000000 00:00 0 
7f8ee8000000-7f8ee84c4000 rw-p 00000000 00:00 0 
7f8ee84c4000-7f8eec000000 ---p 00000000 00:00 0 
7f8eec000000-7f8eec021000 rw-p 00000000 00:00 0 
7f8eec021000-7f8ef0000000 ---p 00000000 00:00 0 
7f8ef0000000-7f8ef01a3000 rw-p 00000000 00:00 0 
7f8ef01a3000-7f8ef4000000 ---p 00000000 00:00 0 
7f8ef4000000-7f8ef4021000 rw-p 00000000 00:00 0 
7f8ef4021000-7f8ef8000000 ---p 00000000 00:00 0 
7f8ef8000000-7f8ef8021000 rw-p 00000000 00:00 0 
7f8ef8021000-7f8efc000000 ---p 00000000 00:00 0 
7f8efc000000-7f8efc07b000 rw-p 00000000 00:00 0 
7f8efc07b000-7f8f00000000 ---p 00000000 00:00 0 
7f8f00000000-7f8f000a2000 rw-p 00000000 00:00 0 
7f8f000a2000-7f8f04000000 ---p 00000000 00:00 0 
7f8f04000000-7f8f040ba000 rw-p 00000000 00:00 0 
7f8f040ba000-7f8f08000000 ---p 00000000 00:00 0 
7f8f08000000-7f8f08021000 rw-p 00000000 00:00 0 
7f8f08021000-7f8f0c000000 ---p 00000000 00:00 0 
7f8f0c000000-7f8f0c021000 rw-p 00000000 00:00 0 
7f8f0c021000-7f8f10000000 ---p 00000000 00:00 0 
7f8f10000000-7f8f102f7000 rw-p 00000000 00:00 0 
7f8f102f7000-7f8f14000000 ---p 00000000 00:00 0 
7f8f14000000-7f8f14021000 rw-p 00000000 00:00 0 
7f8f14021000-7f8f18000000 ---p 00000000 00:00 0 
7f8f18000000-7f8f18021000 rw-p 00000000 00:00 0 
7f8f18021000-7f8f1c000000 ---p 00000000 00:00 0 
7f8f1c000000-7f8f1c021000 rw-p 00000000 00:00 0 
7f8f1c021000-7f8f20000000 ---p 00000000 00:00 0 
7f8f214db000-7f8f218a0000 rw-p 00000000 00:00 0 
7f8f218a0000-7f8f218a1000 ---p 00000000 00:00 0 
7f8f218a1000-7f8f219a2000 rw-p 00000000 00:00 0 
7f8f219a2000-7f8f219a3000 ---p 00000000 00:00 0 
7f8f219a3000-7f8f21aa4000 rw-p 00000000 00:00 0 
7f8f21aa4000-7f8f21aa5000 ---p 00000000 00:00 0 
7f8f21aa5000-7f8f21ba6000 rw-p 00000000 00:00 0 
7f8f21ba6000-7f8f21ba7000 ---p 00000000 00:00 0 
7f8f21ba7000-7f8f21ca8000 rw-p 00000000 00:00 0 
7f8f21ca8000-7f8f21ca9000 ---p 00000000 00:00 0 
7f8f21ca9000-7f8f21daa000 rw-p 00000000 00:00 0 
7f8f21daa000-7f8f21dab000 ---p 00000000 00:00 0 
7f8f21dab000-7f8f21eac000 rw-p 00000000 00:00 0 
7f8f21eac000-7f8f21ead000 ---p 00000000 00:00 0 
7f8f21ead000-7f8f21fae000 rw-p 00000000 00:00 0 
7f8f21fae000-7f8f21faf000 ---p 00000000 00:00 0 
7f8f21faf000-7f8f220b0000 rw-p 00000000 00:00 0 
7f8f220b0000-7f8f220b1000 ---p 00000000 00:00 0 
7f8f220b1000-7f8f221b2000 rw-p 00000000 00:00 0 
7f8f221b2000-7f8f221b3000 ---p 00000000 00:00 0 
7f8f221b3000-7f8f222b4000 rw-p 00000000 00:00 0 
7f8f222b4000-7f8f222b5000 ---p 00000000 00:00 0 
7f8f222b5000-7f8f223b6000 rw-p 00000000 00:00 0 
7f8f223b6000-7f8f223b7000 ---p 00000000 00:00 0 
7f8f223b7000-7f8f224b8000 rw-p 00000000 00:00 0 
7f8f224b8000-7f8f224bc000 ---p 00000000 00:00 0 
7f8f224bc000-7f8f225b9000 rw-p 00000000 00:00 0 
7f8f225b9000-7f8f225bd000 ---p 00000000 00:00 0 
7f8f225bd000-7f8f226ba000 rw-p 00000000 00:00 0 
7f8f226ba000-7f8f226be000 ---p 00000000 00:00 0 
7f8f226be000-7f8f227bb000 rw-p 00000000 00:00 0 
7f8f227bb000-7f8f227bf000 ---p 00000000 00:00 0 
7f8f227bf000-7f8f228bc000 rw-p 00000000 00:00 0 
7f8f228bc000-7f8f228c0000 ---p 00000000 00:00 0 
7f8f228c0000-7f8f229bd000 rw-p 00000000 00:00 0 
7f8f229bd000-7f8f229c1000 ---p 00000000 00:00 0 
7f8f229c1000-7f8f22abe000 rw-p 00000000 00:00 0 
7f8f22abe000-7f8f22abf000 ---p 00000000 00:00 0 
7f8f22abf000-7f8f22bc0000 rw-p 00000000 00:00 0 
7f8f22bc0000-7f8f22bc4000 ---p 00000000 00:00 0 
7f8f22bc4000-7f8f22cc1000 rw-p 00000000 00:00 0 
7f8f22cc1000-7f8f22cc5000 ---p 00000000 00:00 0 
7f8f22cc5000-7f8f22dc2000 rw-p 00000000 00:00 0 
7f8f22dc2000-7f8f22dc6000 ---p 00000000 00:00 0 
7f8f22dc6000-7f8f22ec3000 rw-p 00000000 00:00 0 
7f8f22ec3000-7f8f22ec7000 ---p 00000000 00:00 0 
7f8f22ec7000-7f8f22fc4000 rw-p 00000000 00:00 0 
7f8f22fc4000-7f8f23800000 r--p 00000000 103:03 28180641                  /usr/lib/locale/locale-archive
7f8f23800000-7f8f23cc0000 rw-p 00000000 00:00 0 
7f8f23cc0000-7f8f24000000 ---p 00000000 00:00 0 
7f8f24000000-7f8f24021000 rw-p 00000000 00:00 0 
7f8f24021000-7f8f28000000 ---p 00000000 00:00 0 
7f8f28000000-7f8f28021000 rw-p 00000000 00:00 0 
7f8f28021000-7f8f2c000000 ---p 00000000 00:00 0 
7f8f2c000000-7f8f2c021000 rw-p 00000000 00:00 0 
7f8f2c021000-7f8f30000000 ---p 00000000 00:00 0 
7f8f30000000-7f8f30021000 rw-p 00000000 00:00 0 
7f8f30021000-7f8f34000000 ---p 00000000 00:00 0 
7f8f34000000-7f8f34021000 rw-p 00000000 00:00 0 
7f8f34021000-7f8f38000000 ---p 00000000 00:00 0 
7f8f380a1000-7f8f380d2000 rw-p 00000000 00:00 0 
7f8f380d2000-7f8f380e7000 r-xp 00000000 103:03 28188104                  /usr/lib/jvm/java-13-oracle/lib/libnet.so
7f8f380e7000-7f8f380e8000 r--p 00014000 103:03 28188104                  /usr/lib/jvm/java-13-oracle/lib/libnet.so
7f8f380e8000-7f8f380e9000 rw-p 00015000 103:03 28188104                  /usr/lib/jvm/java-13-oracle/lib/libnet.so
7f8f380e9000-7f8f380ed000 ---p 00000000 00:00 0 
7f8f380ed000-7f8f381ea000 rw-p 00000000 00:00 0 
7f8f381ea000-7f8f381ee000 ---p 00000000 00:00 0 
7f8f381ee000-7f8f382eb000 rw-p 00000000 00:00 0 
7f8f382eb000-7f8f382ef000 ---p 00000000 00:00 0 
7f8f382ef000-7f8f383ec000 rw-p 00000000 00:00 0 
7f8f383ec000-7f8f383f0000 ---p 00000000 00:00 0 
7f8f383f0000-7f8f384ed000 rw-p 00000000 00:00 0 
7f8f384ed000-7f8f384f1000 ---p 00000000 00:00 0 
7f8f384f1000-7f8f385ee000 rw-p 00000000 00:00 0 
7f8f385ee000-7f8f385ef000 ---p 00000000 00:00 0 
7f8f385ef000-7f8f38771000 rw-p 00000000 00:00 0 
7f8f38771000-7f8f38772000 ---p 00000000 00:00 0 
7f8f38772000-7f8f38873000 rw-p 00000000 00:00 0 
7f8f38873000-7f8f38874000 ---p 00000000 00:00 0 
7f8f38874000-7f8f3b682000 rw-p 00000000 00:00 0 
7f8f3b682000-7f8f3b683000 ---p 00000000 00:00 0 
7f8f3b683000-7f8f3b784000 rw-p 00000000 00:00 0 
7f8f3b784000-7f8f3b785000 ---p 00000000 00:00 0 
7f8f3b785000-7f8f3c836000 rw-p 00000000 00:00 0 
7f8f3c836000-7f8f4b276000 ---p 00000000 00:00 0 
7f8f4b276000-7f8f4c246000 rw-p 00000000 00:00 0 
7f8f4c246000-7f8f5ac86000 ---p 00000000 00:00 0 
7f8f5ac86000-7f8f5ae9c000 rw-p 00000000 00:00 0 
7f8f5ae9c000-7f8f5cbe4000 ---p 00000000 00:00 0 
7f8f5cbe4000-7f8f5cdde000 rw-p 00000000 00:00 0 
7f8f5cdde000-7f8f5eb26000 ---p 00000000 00:00 0 
7f8f5eb26000-7f8f5ed20000 rw-p 00000000 00:00 0 
7f8f5ed20000-7f8f60a68000 ---p 00000000 00:00 0 
7f8f60a68000-7f8f60a6c000 rw-p 00000000 00:00 0 
7f8f60a6c000-7f8f60cdc000 rwxp 00000000 00:00 0 
7f8f60cdc000-7f8f611ad000 ---p 00000000 00:00 0 
7f8f611ad000-7f8f6141d000 rwxp 00000000 00:00 0 
7f8f6141d000-7f8f6860c000 ---p 00000000 00:00 0 
7f8f6860c000-7f8f6887c000 rwxp 00000000 00:00 0 
7f8f6887c000-7f8f6fa6c000 ---p 00000000 00:00 0 
7f8f6fa6c000-7f8f78000000 r--s 00000000 103:03 28188266                  /usr/lib/jvm/java-13-oracle/lib/modules
7f8f78000000-7f8f78541000 rw-p 00000000 00:00 0 
7f8f78541000-7f8f7c000000 ---p 00000000 00:00 0 
7f8f7c000000-7f8f7c011000 r-xp 00000000 103:03 28188106                  /usr/lib/jvm/java-13-oracle/lib/libnio.so
7f8f7c011000-7f8f7c012000 r--p 00010000 103:03 28188106                  /usr/lib/jvm/java-13-oracle/lib/libnio.so
7f8f7c012000-7f8f7c013000 rw-p 00011000 103:03 28188106                  /usr/lib/jvm/java-13-oracle/lib/libnio.so
7f8f7c013000-7f8f7c0f1000 rw-p 00000000 00:00 0 
7f8f7c0f1000-7f8f7c0f2000 ---p 00000000 00:00 0 
7f8f7c0f2000-7f8f7d102000 rw-p 00000000 00:00 0 
7f8f7d102000-7f8f7d1e6000 ---p 00000000 00:00 0 
7f8f7d1e6000-7f8f7d1eb000 rw-p 00000000 00:00 0 
7f8f7d1eb000-7f8f7d2cf000 ---p 00000000 00:00 0 
7f8f7d2cf000-7f8f7d2d4000 rw-p 00000000 00:00 0 
7f8f7d2d4000-7f8f7d2de000 ---p 00000000 00:00 0 
7f8f7d2de000-7f8f7d2f9000 r-xp 00000000 103:03 28188073                  /usr/lib/jvm/java-13-oracle/lib/libjimage.so
7f8f7d2f9000-7f8f7d2fa000 ---p 0001b000 103:03 28188073                  /usr/lib/jvm/java-13-oracle/lib/libjimage.so
7f8f7d2fa000-7f8f7d2fc000 r--p 0001b000 103:03 28188073                  /usr/lib/jvm/java-13-oracle/lib/libjimage.so
7f8f7d2fc000-7f8f7d2fd000 rw-p 0001d000 103:03 28188073                  /usr/lib/jvm/java-13-oracle/lib/libjimage.so
7f8f7d2fd000-7f8f7d300000 r--p 00000000 103:03 28182088                  /usr/lib/x86_64-linux-gnu/libnss_files-2.30.so
7f8f7d300000-7f8f7d307000 r-xp 00003000 103:03 28182088                  /usr/lib/x86_64-linux-gnu/libnss_files-2.30.so
7f8f7d307000-7f8f7d309000 r--p 0000a000 103:03 28182088                  /usr/lib/x86_64-linux-gnu/libnss_files-2.30.so
7f8f7d309000-7f8f7d30a000 r--p 0000b000 103:03 28182088                  /usr/lib/x86_64-linux-gnu/libnss_files-2.30.so
7f8f7d30a000-7f8f7d30b000 rw-p 0000c000 103:03 28182088                  /usr/lib/x86_64-linux-gnu/libnss_files-2.30.so
7f8f7d30b000-7f8f7d311000 rw-p 00000000 00:00 0 
7f8f7d317000-7f8f7d31e000 r-xp 00000000 103:03 28188255                  /usr/lib/jvm/java-13-oracle/lib/libzip.so
7f8f7d31e000-7f8f7d31f000 r--p 00006000 103:03 28188255                  /usr/lib/jvm/java-13-oracle/lib/libzip.so
7f8f7d31f000-7f8f7d320000 rw-p 00007000 103:03 28188255                  /usr/lib/jvm/java-13-oracle/lib/libzip.so
7f8f7d320000-7f8f7d328000 rw-s 00000000 103:03 3932272                   /tmp/hsperfdata_dimitarsh1/16242
7f8f7d328000-7f8f7d34f000 r-xp 00000000 103:03 28188036                  /usr/lib/jvm/java-13-oracle/lib/libjava.so
7f8f7d34f000-7f8f7d350000 r--p 00026000 103:03 28188036                  /usr/lib/jvm/java-13-oracle/lib/libjava.so
7f8f7d350000-7f8f7d352000 rw-p 00027000 103:03 28188036                  /usr/lib/jvm/java-13-oracle/lib/libjava.so
7f8f7d352000-7f8f7d355000 r--p 00000000 103:03 28182095                  /usr/lib/x86_64-linux-gnu/librt-2.30.so
7f8f7d355000-7f8f7d359000 r-xp 00003000 103:03 28182095                  /usr/lib/x86_64-linux-gnu/librt-2.30.so
7f8f7d359000-7f8f7d35b000 r--p 00007000 103:03 28182095                  /usr/lib/x86_64-linux-gnu/librt-2.30.so
7f8f7d35b000-7f8f7d35c000 r--p 00008000 103:03 28182095                  /usr/lib/x86_64-linux-gnu/librt-2.30.so
7f8f7d35c000-7f8f7d35d000 rw-p 00009000 103:03 28182095                  /usr/lib/x86_64-linux-gnu/librt-2.30.so
7f8f7d35d000-7f8f7d361000 ---p 00000000 00:00 0 
7f8f7d361000-7f8f7d45e000 rw-p 00000000 00:00 0 
7f8f7d45e000-7f8f7d46d000 r--p 00000000 103:03 28182082                  /usr/lib/x86_64-linux-gnu/libm-2.30.so
7f8f7d46d000-7f8f7d514000 r-xp 0000f000 103:03 28182082                  /usr/lib/x86_64-linux-gnu/libm-2.30.so
7f8f7d514000-7f8f7d5ab000 r--p 000b6000 103:03 28182082                  /usr/lib/x86_64-linux-gnu/libm-2.30.so
7f8f7d5ab000-7f8f7d5ac000 r--p 0014c000 103:03 28182082                  /usr/lib/x86_64-linux-gnu/libm-2.30.so
7f8f7d5ac000-7f8f7d5ad000 rw-p 0014d000 103:03 28182082                  /usr/lib/x86_64-linux-gnu/libm-2.30.so
7f8f7d5ad000-7f8f7e66d000 r-xp 00000000 103:03 28188569                  /usr/lib/jvm/java-13-oracle/lib/server/libjvm.so
7f8f7e66d000-7f8f7e66e000 ---p 010c0000 103:03 28188569                  /usr/lib/jvm/java-13-oracle/lib/server/libjvm.so
7f8f7e66e000-7f8f7e72f000 r--p 010c0000 103:03 28188569                  /usr/lib/jvm/java-13-oracle/lib/server/libjvm.so
7f8f7e72f000-7f8f7e769000 rw-p 01181000 103:03 28188569                  /usr/lib/jvm/java-13-oracle/lib/server/libjvm.so
7f8f7e769000-7f8f7e7ed000 rw-p 00000000 00:00 0 
7f8f7e7ed000-7f8f7e812000 r--p 00000000 103:03 28182078                  /usr/lib/x86_64-linux-gnu/libc-2.30.so
7f8f7e812000-7f8f7e98a000 r-xp 00025000 103:03 28182078                  /usr/lib/x86_64-linux-gnu/libc-2.30.so
7f8f7e98a000-7f8f7e9d4000 r--p 0019d000 103:03 28182078                  /usr/lib/x86_64-linux-gnu/libc-2.30.so
7f8f7e9d4000-7f8f7e9d7000 r--p 001e6000 103:03 28182078                  /usr/lib/x86_64-linux-gnu/libc-2.30.so
7f8f7e9d7000-7f8f7e9da000 rw-p 001e9000 103:03 28182078                  /usr/lib/x86_64-linux-gnu/libc-2.30.so
7f8f7e9da000-7f8f7e9de000 rw-p 00000000 00:00 0 
7f8f7e9de000-7f8f7e9df000 r--p 00000000 103:03 28182081                  /usr/lib/x86_64-linux-gnu/libdl-2.30.so
7f8f7e9df000-7f8f7e9e1000 r-xp 00001000 103:03 28182081                  /usr/lib/x86_64-linux-gnu/libdl-2.30.so
7f8f7e9e1000-7f8f7e9e2000 r--p 00003000 103:03 28182081                  /usr/lib/x86_64-linux-gnu/libdl-2.30.so
7f8f7e9e2000-7f8f7e9e3000 r--p 00003000 103:03 28182081                  /usr/lib/x86_64-linux-gnu/libdl-2.30.so
7f8f7e9e3000-7f8f7e9e4000 rw-p 00004000 103:03 28182081                  /usr/lib/x86_64-linux-gnu/libdl-2.30.so
7f8f7e9e4000-7f8f7e9eb000 r--p 00000000 103:03 28182093                  /usr/lib/x86_64-linux-gnu/libpthread-2.30.so
7f8f7e9eb000-7f8f7e9fc000 r-xp 00007000 103:03 28182093                  /usr/lib/x86_64-linux-gnu/libpthread-2.30.so
7f8f7e9fc000-7f8f7ea01000 r--p 00018000 103:03 28182093                  /usr/lib/x86_64-linux-gnu/libpthread-2.30.so
7f8f7ea01000-7f8f7ea02000 r--p 0001c000 103:03 28182093                  /usr/lib/x86_64-linux-gnu/libpthread-2.30.so
7f8f7ea02000-7f8f7ea03000 rw-p 0001d000 103:03 28182093                  /usr/lib/x86_64-linux-gnu/libpthread-2.30.so
7f8f7ea03000-7f8f7ea07000 rw-p 00000000 00:00 0 
7f8f7ea07000-7f8f7ea16000 r-xp 00000000 103:03 28188092                  /usr/lib/jvm/java-13-oracle/lib/libjli.so
7f8f7ea16000-7f8f7ea17000 r--p 0000e000 103:03 28188092                  /usr/lib/jvm/java-13-oracle/lib/libjli.so
7f8f7ea17000-7f8f7ea18000 rw-p 0000f000 103:03 28188092                  /usr/lib/jvm/java-13-oracle/lib/libjli.so
7f8f7ea18000-7f8f7ea1a000 r--p 00000000 103:03 28181429                  /usr/lib/x86_64-linux-gnu/libz.so.1.2.11
7f8f7ea1a000-7f8f7ea2b000 r-xp 00002000 103:03 28181429                  /usr/lib/x86_64-linux-gnu/libz.so.1.2.11
7f8f7ea2b000-7f8f7ea31000 r--p 00013000 103:03 28181429                  /usr/lib/x86_64-linux-gnu/libz.so.1.2.11
7f8f7ea31000-7f8f7ea32000 ---p 00019000 103:03 28181429                  /usr/lib/x86_64-linux-gnu/libz.so.1.2.11
7f8f7ea32000-7f8f7ea33000 r--p 00019000 103:03 28181429                  /usr/lib/x86_64-linux-gnu/libz.so.1.2.11
7f8f7ea33000-7f8f7ea34000 rw-p 0001a000 103:03 28181429                  /usr/lib/x86_64-linux-gnu/libz.so.1.2.11
7f8f7ea39000-7f8f7ea3a000 ---p 00000000 00:00 0 
7f8f7ea3a000-7f8f7ea3b000 r--p 00000000 00:00 0 
7f8f7ea3b000-7f8f7ea48000 r-xp 00000000 103:03 28188251                  /usr/lib/jvm/java-13-oracle/lib/libverify.so
7f8f7ea48000-7f8f7ea4a000 r--p 0000c000 103:03 28188251                  /usr/lib/jvm/java-13-oracle/lib/libverify.so
7f8f7ea4a000-7f8f7ea4b000 rw-p 0000e000 103:03 28188251                  /usr/lib/jvm/java-13-oracle/lib/libverify.so
7f8f7ea4b000-7f8f7ea4d000 rw-p 00000000 00:00 0 
7f8f7ea4d000-7f8f7ea4e000 r--p 00000000 103:03 28182074                  /usr/lib/x86_64-linux-gnu/ld-2.30.so
7f8f7ea4e000-7f8f7ea70000 r-xp 00001000 103:03 28182074                  /usr/lib/x86_64-linux-gnu/ld-2.30.so
7f8f7ea70000-7f8f7ea78000 r--p 00023000 103:03 28182074                  /usr/lib/x86_64-linux-gnu/ld-2.30.so
7f8f7ea78000-7f8f7ea79000 ---p 00000000 00:00 0 
7f8f7ea79000-7f8f7ea7a000 r--p 0002b000 103:03 28182074                  /usr/lib/x86_64-linux-gnu/ld-2.30.so
7f8f7ea7a000-7f8f7ea7b000 rw-p 0002c000 103:03 28182074                  /usr/lib/x86_64-linux-gnu/ld-2.30.so
7f8f7ea7b000-7f8f7ea7c000 rw-p 00000000 00:00 0 
7fffd3338000-7fffd3359000 rw-p 00000000 00:00 0                          [stack]
7fffd33c9000-7fffd33cc000 r--p 00000000 00:00 0                          [vvar]
7fffd33cc000-7fffd33cd000 r-xp 00000000 00:00 0                          [vdso]
ffffffffff600000-ffffffffff601000 --xp 00000000 00:00 0                  [vsyscall]


VM Arguments:
jvm_args: -Dfile.encoding=UTF8 
java_command: multeval.MultEval eval --refs /media/barracuda4tb/dimitarsh1/Projects/BiasNMT/data/TEST-SETS/REF/en-fr-test.tok.ref.eval.tok --hyps-baseline /media/barracuda4tb/dimitarsh1/Projects/BiasNMT/data/TEST-SETS/HYP-TRANSLATIONS/en-fr-SMT-testdata-no-unknown.out.eval.tok --metrics bleu ter --boot-samples 1000
java_class_path (initial): ./lib/tercom-0.8.0.jar:./lib/meteor-1.4/meteor-1.4.jar:./multeval-0.5.1.jar
Launcher Type: SUN_STANDARD

[Global flags]
     intx CICompilerCount                          = 12                                        {product} {ergonomic}
     uint ConcGCThreads                            = 3                                         {product} {ergonomic}
     uint G1ConcRefinementThreads                  = 13                                        {product} {ergonomic}
   size_t G1HeapRegionSize                         = 4194304                                   {product} {ergonomic}
    uintx GCDrainStackTargetSize                   = 64                                        {product} {ergonomic}
   size_t InitialHeapSize                          = 1052770304                                {product} {ergonomic}
   size_t MarkStackSize                            = 4194304                                   {product} {ergonomic}
   size_t MaxHeapSize                              = 16781410304                               {product} {ergonomic}
   size_t MaxNewSize                               = 10066329600                               {product} {ergonomic}
   size_t MinHeapDeltaBytes                        = 4194304                                   {product} {ergonomic}
   size_t MinHeapSize                              = 8388608                                   {product} {ergonomic}
    uintx NonNMethodCodeHeapSize                   = 7602480                                {pd product} {ergonomic}
    uintx NonProfiledCodeHeapSize                  = 122027880                              {pd product} {ergonomic}
    uintx ProfiledCodeHeapSize                     = 122027880                              {pd product} {ergonomic}
    uintx ReservedCodeCacheSize                    = 251658240                              {pd product} {ergonomic}
     bool SegmentedCodeCache                       = true                                      {product} {ergonomic}
   size_t SoftMaxHeapSize                          = 16781410304                            {manageable} {ergonomic}
     bool UseCompressedClassPointers               = true                                 {lp64_product} {ergonomic}
     bool UseCompressedOops                        = true                                 {lp64_product} {ergonomic}
     bool UseG1GC                                  = true                                      {product} {ergonomic}

Logging:
Log output configuration:
 #0: stdout all=warning uptime,level,tags
 #1: stderr all=off uptime,level,tags

Environment Variables:
PATH=/home/dimitarsh1/.local/bin:/home/dimitarsh1/anaconda3/bin:/home/dimitarsh1/anaconda3/condabin:/usr/local/sbin:/usr/local/bin:/usr/sbin:/usr/bin:/sbin:/bin:/usr/games:/usr/local/games:/snap/bin
SHELL=/bin/bash

Signal Handlers:
SIGSEGV: [libjvm.so+0xdc0200], sa_mask[0]=11111111011111111101111111111110, sa_flags=SA_RESTART|SA_SIGINFO
SIGBUS: [libjvm.so+0xdc0200], sa_mask[0]=11111111011111111101111111111110, sa_flags=SA_RESTART|SA_SIGINFO
SIGFPE: [libjvm.so+0xdc0200], sa_mask[0]=11111111011111111101111111111110, sa_flags=SA_RESTART|SA_SIGINFO
SIGPIPE: [libjvm.so+0xb9f710], sa_mask[0]=11111111011111111101111111111110, sa_flags=SA_RESTART|SA_SIGINFO
SIGXFSZ: [libjvm.so+0xb9f710], sa_mask[0]=11111111011111111101111111111110, sa_flags=SA_RESTART|SA_SIGINFO
SIGILL: [libjvm.so+0xdc0200], sa_mask[0]=11111111011111111101111111111110, sa_flags=SA_RESTART|SA_SIGINFO
SIGUSR2: [libjvm.so+0xb9f5a0], sa_mask[0]=00000000000000000000000000000000, sa_flags=SA_RESTART|SA_SIGINFO
SIGHUP: [libjvm.so+0xb9fd10], sa_mask[0]=11111111011111111101111111111110, sa_flags=SA_RESTART|SA_SIGINFO
SIGINT: [libjvm.so+0xb9fd10], sa_mask[0]=11111111011111111101111111111110, sa_flags=SA_RESTART|SA_SIGINFO
SIGTERM: [libjvm.so+0xb9fd10], sa_mask[0]=11111111011111111101111111111110, sa_flags=SA_RESTART|SA_SIGINFO
SIGQUIT: [libjvm.so+0xb9fd10], sa_mask[0]=11111111011111111101111111111110, sa_flags=SA_RESTART|SA_SIGINFO


---------------  S Y S T E M  ---------------

OS:DISTRIB_ID=Ubuntu
DISTRIB_RELEASE=19.10
DISTRIB_CODENAME=eoan
DISTRIB_DESCRIPTION="Ubuntu 19.10"
uname:Linux 5.3.0-29-generic #31-Ubuntu SMP Fri Jan 17 17:27:26 UTC 2020 x86_64
libc:glibc 2.30 NPTL 2.30 
rlimit: STACK 8192k, CORE 0k, NPROC 255800, NOFILE 1048576, AS infinity, DATA infinity, FSIZE infinity
load average:1,87 9,01 8,97

/proc/meminfo:
MemTotal:       65539772 kB
MemFree:        19185256 kB
MemAvailable:   62113012 kB
Buffers:          472388 kB
Cached:         41823128 kB
SwapCached:        13396 kB
Active:         13990344 kB
Inactive:       30234404 kB
Active(anon):    1134556 kB
Inactive(anon):   911620 kB
Active(file):   12855788 kB
Inactive(file): 29322784 kB
Unevictable:          16 kB
Mlocked:              16 kB
SwapTotal:       4001788 kB
SwapFree:        3837692 kB
Dirty:               200 kB
Writeback:             0 kB
AnonPages:       1923884 kB
Mapped:           464164 kB
Shmem:            116952 kB
KReclaimable:    1481084 kB
Slab:            1843736 kB
SReclaimable:    1481084 kB
SUnreclaim:       362652 kB
KernelStack:       17536 kB
PageTables:        27592 kB
NFS_Unstable:          0 kB
Bounce:                0 kB
WritebackTmp:          0 kB
CommitLimit:    36771672 kB
Committed_AS:    8166544 kB
VmallocTotal:   34359738367 kB
VmallocUsed:       71524 kB
VmallocChunk:          0 kB
Percpu:            15616 kB
HardwareCorrupted:     0 kB
AnonHugePages:         0 kB
ShmemHugePages:        0 kB
ShmemPmdMapped:        0 kB
CmaTotal:              0 kB
CmaFree:               0 kB
HugePages_Total:       0
HugePages_Free:        0
HugePages_Rsvd:        0
HugePages_Surp:        0
Hugepagesize:       2048 kB
Hugetlb:               0 kB
DirectMap4k:     6570468 kB
DirectMap2M:    60207104 kB
DirectMap1G:           0 kB


/proc/sys/kernel/threads-max (system-wide limit on the number of threads):
511600


/proc/sys/vm/max_map_count (maximum number of memory map areas a process may have):
65530


/proc/sys/kernel/pid_max (system-wide limit on number of process identifiers):
32768



container (cgroup) information:
container_type: cgroupv1
cpu_cpuset_cpus: 0-15
cpu_memory_nodes: 0
active_processor_count: 16
cpu_quota: no quota
cpu_period: 100000
cpu_shares: no shares
memory_limit_in_bytes: unlimited
memory_and_swap_limit_in_bytes: not supported
memory_soft_limit_in_bytes: unlimited
memory_usage_in_bytes: 1019449344
memory_max_usage_in_bytes: 6111748096

Steal ticks since vm start: 0
Steal ticks percentage since vm start:  0,000

CPU:total 16 (initial active 16) (8 cores per cpu, 2 threads per core) family 6 model 85 stepping 4, cmov, cx8, fxsr, mmx, sse, sse2, sse3, ssse3, sse4.1, sse4.2, popcnt, avx, avx2, aes, clmul, erms, rtm, 3dnowpref, lzcnt, ht, tsc, tscinvbit, bmi1, bmi2, adx, evex, fma
CPU Model and flags from /proc/cpuinfo:
model name	: Intel(R) Core(TM) i7-7820X CPU @ 3.60GHz
flags		: fpu vme de pse tsc msr pae mce cx8 apic sep mtrr pge mca cmov pat pse36 clflush dts acpi mmx fxsr sse sse2 ss ht tm pbe syscall nx pdpe1gb rdtscp lm constant_tsc art arch_perfmon pebs bts rep_good nopl xtopology nonstop_tsc cpuid aperfmperf pni pclmulqdq dtes64 monitor ds_cpl vmx est tm2 ssse3 sdbg fma cx16 xtpr pdcm pcid dca sse4_1 sse4_2 x2apic movbe popcnt tsc_deadline_timer aes xsave avx f16c rdrand lahf_lm abm 3dnowprefetch cpuid_fault epb cat_l3 cdp_l3 invpcid_single pti ssbd mba ibrs ibpb stibp tpr_shadow vnmi flexpriority ept vpid ept_ad fsgsbase tsc_adjust bmi1 hle avx2 smep bmi2 erms invpcid rtm cqm mpx rdt_a avx512f avx512dq rdseed adx smap clflushopt clwb intel_pt avx512cd avx512bw avx512vl xsaveopt xsavec xgetbv1 xsaves cqm_llc cqm_occup_llc cqm_mbm_total cqm_mbm_local dtherm ida arat pln pts hwp hwp_act_window hwp_epp hwp_pkg_req md_clear flush_l1d

Memory: 4k page, physical 65539772k(19185256k free), swap 4001788k(3837692k free)

vm_info: Java HotSpot(TM) 64-Bit Server VM (13.0.2+8) for linux-amd64 JRE (13.0.2+8), built on Dec 11 2019 09:23:46 by "mach5one" with gcc 8.2.0

END.
